---------------------------------------------------------------
[ 2019-04-02T22:54:52+08:00 ] 192.168.43.1 GET 192.168.43.159/SafetyMng/CheckTask/showFastReformByCheckRow/CheckRowID/95
[运行时间：0.047705s] [吞吐率：20.96req/s] [内存消耗：2,821.84kb] [文件加载：59]
[ info ] [ LANG ] /private/var/www/html/thinkphp/lang/zh-cn.php
[ info ] [ ROUTE ] array (
  'type' => 'module',
  'module' => 
  array (
    0 => 'SafetyMng',
    1 => 'CheckTask',
    2 => 'showFastReformByCheckRow',
  ),
)
[ info ] [ HEADER ] array (
  'x-ucbrowser-ua' => 'dv(LND-AL30);pr(UCBrowser/12.3.7.1017);ov(Android 8.0.0);ss(360*680);pi(720*1360);bt(YZ);pm(1);bv(1);nm(0);im(0);sr(0);nt(1);',
  'cookie' => 'PHPSESSID=mh4eptid6aejshvdrcrk4c0i41',
  'accept-language' => 'zh-Hans-CN,en-US;q=0.8',
  'accept-encoding' => 'gzip, deflate',
  'referer' => 'http://192.168.43.159/SafetyMng/CheckTask/StartCheck/CheckListID/67',
  'accept' => 'text/html,application/xhtml+xml,application/xml;q=0.9,image/webp,*/*;q=0.8',
  'user-agent' => 'Mozilla/5.0 (Linux; U; Android 8.0.0; zh-CN; LND-AL30 Build/HONORLND-AL30) AppleWebKit/537.36 (KHTML, like Gecko) Version/4.0 Chrome/57.0.2987.108 UCBrowser/12.3.7.1017 Mobile Safari/537.36',
  'upgrade-insecure-requests' => '1',
  'connection' => 'keep-alive',
  'host' => '192.168.43.159',
  'content-type' => '',
  'content-length' => '',
)
[ info ] [ PARAM ] array (
  'CheckRowID' => '95',
)
[ info ] [ SESSION ] INIT array (
  'id' => '',
  'var_session_id' => '',
  'prefix' => 'think',
  'type' => '',
  'auto_start' => true,
)
[ info ] [ RUN ] app\safetymng\controller\CheckTask->showFastReformByCheckRow[ /private/var/www/html/application/safetymng/controller/CheckTask.php ]
[ info ] [ DB ] INIT mysql
[ info ] [ VIEW ] /private/var/www/html/public/../application/safetymng/view/Reform/mbReformIndex.html [ array (
  0 => 'FormAction',
  1 => 'opType',
  2 => 'ReformSelData',
  3 => 'CurPlatform',
  4 => 'ReformID',
  5 => 'TaskID',
  6 => 'Reform',
  7 => 'CorpList',
  8 => 'Today',
  9 => 'QuestionSourceList',
  10 => 'ReformIntStatus',
  11 => 'AddFastReform',
) ]
[ info ] [ LOG ] INIT File
[ sql ] [ DB ] CONNECT:[ UseTime:0.000651s ] mysql:host=127.0.0.1;dbname=SafetyMng;charset=utf8
[ sql ] [ SQL ] SELECT * FROM CheckListDetail JOIN CheckList ON CheckList.id = CheckListDetail.CheckListID AND CheckListDetail.id = '95' 
                        JOIN FirstHalfCheckTB ON FirstHalfCheckTB.id = CheckListDetail.FirstHalfTBID JOIN SecondHalfCheckTB ON SecondHalfCheckTB.id = CheckListDetail.SecondHalfTBID [ RunTime:0.003098s ]
[ sql ] [ SQL ] '95'HOW COLUMNS FROM `UserList` [ RunTime:0.000687s ]
[ sql ] [ SQL ] SELECT * FROM `UserList` WHERE  `Name` = '史相陆  ' [ RunTime:0.000526s ]
[ sql ] [ SQL ] SHOW COLUMNS FROM `ReformList` [ RunTime:0.000833s ]
[ sql ] [ SQL ] SELECT * FROM `ReformList` WHERE  `id` = 0 [ RunTime:0.000557s ]
[ sql ] [ SQL ] SELECT Distinct Corp FROM UserList [ RunTime:0.000692s ]
[ sql ] [ SQL ] SHOW COLUMNS FROM `QuestionSource` [ RunTime:0.000621s ]
[ sql ] [ SQL ] SELECT * FROM `QuestionSource` [ RunTime:0.000400s ]
[ error ] [8]未定义数组下标: 0[/private/var/www/html/application/safetymng/controller/Reform.php:147]
[ error ] [8]未定义变量: Warning[/private/var/www/html/runtime/temp/388525342841909bff1ba2098a4d1b15.php:130]
[ error ] [8]未定义变量: Warning[/private/var/www/html/runtime/temp/388525342841909bff1ba2098a4d1b15.php:136]
[ error ] [8]未定义数组索引: [/private/var/www/html/application/safetymng/controller/Reform.php:898]
[ error ] [8]未定义数组索引: [/private/var/www/html/application/safetymng/controller/Reform.php:898]
[ error ] [8]未定义变量: showSaveBtn[/private/var/www/html/runtime/temp/388525342841909bff1ba2098a4d1b15.php:437]
---------------------------------------------------------------
[ 2019-04-02T22:54:53+08:00 ] 192.168.43.1 GET 192.168.43.159/SafetyMng/UEditorGYHelp/index.html?action=config&&noCache=1554216892951
[运行时间：0.025148s] [吞吐率：39.76req/s] [内存消耗：1,463.15kb] [文件加载：40]
[ info ] [ LANG ] /private/var/www/html/thinkphp/lang/zh-cn.php
[ info ] [ ROUTE ] array (
  'type' => 'module',
  'module' => 
  array (
    0 => 'SafetyMng',
    1 => 'UEditorGYHelp',
    2 => 'index',
  ),
)
[ info ] [ HEADER ] array (
  'cookie' => 'PHPSESSID=mh4eptid6aejshvdrcrk4c0i41',
  'accept-language' => 'zh-Hans-CN,en-US;q=0.8',
  'accept-encoding' => 'gzip, deflate',
  'referer' => 'http://192.168.43.159/SafetyMng/CheckTask/showFastReformByCheckRow/CheckRowID/95',
  'accept' => '*/*',
  'user-agent' => 'Mozilla/5.0 (Linux; U; Android 8.0.0; zh-CN; LND-AL30 Build/HONORLND-AL30) AppleWebKit/537.36 (KHTML, like Gecko) Version/4.0 Chrome/57.0.2987.108 UCBrowser/12.3.7.1017 Mobile Safari/537.36',
  'connection' => 'keep-alive',
  'host' => '192.168.43.159',
  'content-type' => '',
  'content-length' => '',
)
[ info ] [ PARAM ] array (
  'action' => 'config',
  'noCache' => '1554216892951',
)
[ info ] [ RUN ] app\safetymng\controller\UEditorGYHelp->index[ /private/var/www/html/application/safetymng/controller/UEditorGYHelp.php ]
[ info ] [ LOG ] INIT File
---------------------------------------------------------------
[ 2019-04-02T22:55:16+08:00 ] 192.168.43.1 POST 192.168.43.159/SafetyMng/Reform/AddFastReform.html
[运行时间：0.066409s] [吞吐率：15.06req/s] [内存消耗：2,576.31kb] [文件加载：59]
[ info ] [ LANG ] /private/var/www/html/thinkphp/lang/zh-cn.php
[ info ] [ ROUTE ] array (
  'type' => 'module',
  'module' => 
  array (
    0 => 'SafetyMng',
    1 => 'Reform',
    2 => 'AddFastReform',
  ),
)
[ info ] [ HEADER ] array (
  'x-ucbrowser-ua' => 'dv(LND-AL30);pr(UCBrowser/12.3.7.1017);ov(Android 8.0.0);ss(360*680);pi(720*1360);bt(YZ);pm(1);bv(1);nm(0);im(0);sr(0);nt(1);',
  'cookie' => 'PHPSESSID=mh4eptid6aejshvdrcrk4c0i41',
  'accept-language' => 'zh-Hans-CN,en-US;q=0.8',
  'accept-encoding' => 'gzip, deflate',
  'referer' => 'http://192.168.43.159/SafetyMng/CheckTask/showFastReformByCheckRow/CheckRowID/95',
  'accept' => 'text/html,application/xhtml+xml,application/xml;q=0.9,image/webp,*/*;q=0.8',
  'content-type' => 'application/x-www-form-urlencoded',
  'user-agent' => 'Mozilla/5.0 (Linux; U; Android 8.0.0; zh-CN; LND-AL30 Build/HONORLND-AL30) AppleWebKit/537.36 (KHTML, like Gecko) Version/4.0 Chrome/57.0.2987.108 UCBrowser/12.3.7.1017 Mobile Safari/537.36',
  'upgrade-insecure-requests' => '1',
  'origin' => 'http://192.168.43.159',
  'cache-control' => 'max-age=0',
  'content-length' => '983',
  'connection' => 'keep-alive',
  'host' => '192.168.43.159',
)
[ info ] [ PARAM ] array (
  'Platform' => 'Mobile',
  'ReformIDHid' => '0',
  'TaskIDHid' => '0',
  'opType' => 'New',
  'CallBackURL' => '/SafetyMng/CheckTask/CHGCheckRowDataStatus/CheckRowID/95/DealType/2/RelatedID/',
  'RequireDefineCause' => '',
  'RequireDefineAction' => '',
  'QuestionSourceName' => '维修单位法定自查',
  'ReformTitle' => '考虑考虑',
  'DutyCorps' => 
  array (
    0 => '机务二队',
  ),
  'CheckDate' => '2019-04-02',
  'NonConfirmDesc' => '<p>经历了斤斤计较</p>',
  'Basis' => ' CCAR-145.20机库和车间照维修工作有效进行。为而为热舞33',
  'ReformRequirement' => ' 看看斤斤计较',
  'ActionAndCauseRequired' => 'on',
  'RequestFeedBackDate' => '2019-04-02',
  'DirectCause' => '',
  'RootCause' => '',
  'CorrectiveAction' => '',
  'CorrectiveDeadline' => '2019-04-02',
  'PrecautionAction' => '',
  'PrecautionDeadline' => '',
  'ActionEval' => '',
)
[ info ] [ SESSION ] INIT array (
  'id' => '',
  'var_session_id' => '',
  'prefix' => 'think',
  'type' => '',
  'auto_start' => true,
)
[ info ] [ RUN ] app\safetymng\controller\Reform->AddFastReform[ /private/var/www/html/application/safetymng/controller/Reform.php ]
[ info ] [ DB ] INIT mysql
[ info ] [ CACHE ] INIT File
[ info ] [ LOG ] INIT File
[ sql ] [ DB ] CONNECT:[ UseTime:0.000696s ] mysql:host=127.0.0.1;dbname=SafetyMng;charset=utf8
[ sql ] [ SQL ] SHOW COLUMNS FROM `UserList` [ RunTime:0.000847s ]
[ sql ] [ SQL ] SELECT * FROM `UserList` WHERE  `Name` = '史相陆  ' [ RunTime:0.000581s ]
[ sql ] [ SQL ] SHOW COLUMNS FROM `QuestionList` [ RunTime:0.000792s ]
[ sql ] [ SQL ] INSERT INTO `QuestionList` (`DealType` , `QuestionTitle` , `QuestionInfo` , `CreatorName` , `CreateTime`) VALUES ('立即整改' , '考虑考虑' , '&lt;p&gt;经历了斤斤计较&lt;/p&gt;' , '史相陆  ' , '2019-04-02 22:55:16') [ RunTime:0.001783s ]
[ sql ] [ SQL ] SHOW COLUMNS FROM `TaskList` [ RunTime:0.001077s ]
[ sql ] [ SQL ] INSERT INTO `TaskList` (`TaskType` , `TaskName` , `ReciveCorp` , `RelateID` , `CreateTime` , `ParentID`) VALUES ('问题-立即整改' , '考虑考虑' , '质检科' , 164 , '2019-04-02 22:55:16' , 0) [ RunTime:0.001644s ]
[ sql ] [ SQL ] UPDATE `QuestionList`  SET `TaskID`=292  WHERE  `id` = 164 [ RunTime:0.002538s ]
[ sql ] [ SQL ] SHOW COLUMNS FROM `TaskDealerGroup` [ RunTime:0.001019s ]
[ sql ] [ SQL ] INSERT INTO `TaskDealerGroup` (`TaskID` , `GroupID` , `Name` , `Corp` , `Role` , `AddTime`) VALUES (292 , '20190402225516930' , '史相陆  ' , '质检科' , '组长' , '2019-04-02 22:55:16') [ RunTime:0.001763s ]
[ sql ] [ SQL ] UPDATE `TaskList`  SET `GroupMember`='史相陆  ',`DealGroupID`='20190402225516930'  WHERE  `id` IS NULL [ RunTime:0.000506s ]
[ sql ] [ SQL ] SELECT CodePre FROM QuestionSource WHERE SourceName = '维修单位法定自查' [ RunTime:0.000572s ]
[ sql ] [ SQL ] '维修单位法定自查'HOW COLUMNS FROM `ReformList` [ RunTime:0.001277s ]
[ sql ] [ SQL ] INSERT INTO `ReformList` (`QuestionSourceName` , `CheckDate` , `RequestFeedBackDate` , `ReformTitle` , `QuestionTitle` , `NonConfirmDesc` , `Basis` , `IssueCorp` , `ReformRequirement` , `RequireDefineCause` , `RequireDefineAction` , `ReformStatus` , `ParentTaskID` , `RelatedQuestionID` , `Inspectors` , `IssueDate` , `Code` , `DutyCorp` , `CurDealCorp`) VALUES ('维修单位法定自查' , '2019-04-02' , '2019-04-02' , '考虑考虑' , '考虑考虑' , '&lt;p&gt;经历了斤斤计较&lt;/p&gt;' , ' CCAR-145.20机库和车间照维修工作有效进行。为而为热舞33' , '质检科' , ' 看看斤斤计较' , 'YES' , 'YES' , '未分析原因制定措施' , 292 , 164 , '史相陆  ' , '2019-04-02' , 'FDZC-20190402225516230' , '机务二队' , '机务二队') [ RunTime:0.001855s ]
[ sql ] [ SQL ] SHOW COLUMNS FROM `IDCrossIndex` [ RunTime:0.004651s ]
[ sql ] [ SQL ] INSERT INTO `IDCrossIndex` (`Type` , `FromID` , `ToID`) VALUES ('问题-整改' , 164 , 57) [ RunTime:0.001551s ]
[ sql ] [ SQL ] INSERT INTO `TaskList` (`TaskType` , `TaskInnerStatus` , `TaskName` , `DeadLine` , `SenderName` , `SenderCorp` , `ReciveCorp` , `RelateID` , `CreateTime` , `CreatorName` , `ParentID`) VALUES ('整改通知书' , '未分析原因制定措施' , '考虑考虑' , '2019-04-02' , '史相陆  ' , '质检科' , '机务二队' , 57 , '2019-04-02 22:55:16' , '史相陆  ' , 292) [ RunTime:0.002086s ]
[ sql ] [ SQL ] UPDATE ReformList SET ChildTaskID = '293',CurDealCorp='机务二队' WHERE id = '57' [ RunTime:0.003597s ]
[ error ] [8]未定义数组索引: ID[/private/var/www/html/application/safetymng/controller/Reform.php:261]
---------------------------------------------------------------
[ 2019-04-02T22:55:16+08:00 ] 192.168.43.1 GET 192.168.43.159/SafetyMng/CheckTask/CHGCheckRowDataStatus/CheckRowID/95/DealType/2/RelatedID/57
[运行时间：0.035616s] [吞吐率：28.08req/s] [内存消耗：2,435.63kb] [文件加载：58]
[ info ] [ LANG ] /private/var/www/html/thinkphp/lang/zh-cn.php
[ info ] [ ROUTE ] array (
  'type' => 'module',
  'module' => 
  array (
    0 => 'SafetyMng',
    1 => 'CheckTask',
    2 => 'CHGCheckRowDataStatus',
  ),
)
[ info ] [ HEADER ] array (
  'x-ucbrowser-ua' => 'dv(LND-AL30);pr(UCBrowser/12.3.7.1017);ov(Android 8.0.0);ss(360*680);pi(720*1360);bt(YZ);pm(1);bv(1);nm(0);im(0);sr(0);nt(1);',
  'cookie' => 'PHPSESSID=mh4eptid6aejshvdrcrk4c0i41',
  'accept-language' => 'zh-Hans-CN,en-US;q=0.8',
  'accept-encoding' => 'gzip, deflate',
  'referer' => 'http://192.168.43.159/SafetyMng/CheckTask/showFastReformByCheckRow/CheckRowID/95',
  'accept' => 'text/html,application/xhtml+xml,application/xml;q=0.9,image/webp,*/*;q=0.8',
  'user-agent' => 'Mozilla/5.0 (Linux; U; Android 8.0.0; zh-CN; LND-AL30 Build/HONORLND-AL30) AppleWebKit/537.36 (KHTML, like Gecko) Version/4.0 Chrome/57.0.2987.108 UCBrowser/12.3.7.1017 Mobile Safari/537.36',
  'upgrade-insecure-requests' => '1',
  'cache-control' => 'max-age=0',
  'connection' => 'keep-alive',
  'host' => '192.168.43.159',
  'content-type' => '',
  'content-length' => '',
)
[ info ] [ PARAM ] array (
  'CheckRowID' => '95',
  'DealType' => '2',
  'RelatedID' => '57',
)
[ info ] [ SESSION ] INIT array (
  'id' => '',
  'var_session_id' => '',
  'prefix' => 'think',
  'type' => '',
  'auto_start' => true,
)
[ info ] [ RUN ] app\safetymng\controller\CheckTask->CHGCheckRowDataStatus[ /private/var/www/html/application/safetymng/controller/CheckTask.php ]
[ info ] [ DB ] INIT mysql
[ info ] [ CACHE ] INIT File
[ info ] [ VIEW ] /private/var/www/html/public/../application/safetymng/view/CheckTask/CheckRowDealTypeCHGStatus.html [ array (
  0 => 'Title',
  1 => 'Content',
) ]
[ info ] [ LOG ] INIT File
[ sql ] [ DB ] CONNECT:[ UseTime:0.000617s ] mysql:host=127.0.0.1;dbname=SafetyMng;charset=utf8
[ sql ] [ SQL ] SHOW COLUMNS FROM `ReformList` [ RunTime:0.001070s ]
[ sql ] [ SQL ] SELECT * FROM `ReformList` WHERE  `id` = 57 [ RunTime:0.000851s ]
[ sql ] [ SQL ] SELECT DutyCorp FROM CheckList JOIN  CheckListDetail ON CheckListDetail.id = '95' AND 
                              CheckList.id = CheckListDetail.CheckListID [ RunTime:0.000477s ]
[ sql ] [ SQL ] '95'HOW COLUMNS FROM `CheckListDetail` [ RunTime:0.000815s ]
[ sql ] [ SQL ] UPDATE `CheckListDetail`  SET `RelatedTaskID`=NULL,`RelatedID`=57,`DealType`='立即整改',`NonConfirmDesc`='&lt;p&gt;经历了斤斤计较&lt;/p&gt;',`IsOk`='NO',`Checker`='史相陆  ',`CheckTime`='2019-04-02 22:55:16',`NonConfirmDutyCorp`='机务二队'  WHERE  `id` = 95 [ RunTime:0.001913s ]
[ error ] [8]未定义数组索引: TaskID[/private/var/www/html/application/safetymng/controller/CheckTask.php:312]
---------------------------------------------------------------
[ 2019-04-02T22:55:23+08:00 ] 127.0.0.1 GET 127.0.0.1/SafetyMng/TaskList/Index.html
[运行时间：0.080210s] [吞吐率：12.47req/s] [内存消耗：2,699.90kb] [文件加载：58]
[ info ] [ LANG ] /private/var/www/html/thinkphp/lang/zh-cn.php
[ info ] [ ROUTE ] array (
  'type' => 'module',
  'module' => 
  array (
    0 => 'SafetyMng',
    1 => 'TaskList',
    2 => 'Index',
  ),
)
[ info ] [ HEADER ] array (
  'cookie' => 'PHPSESSID=89hojjnqtcdhh26t36sipnfmb7',
  'accept-language' => 'zh-CN,zh;q=0.9,en;q=0.8',
  'accept-encoding' => 'gzip, deflate, br',
  'referer' => 'http://127.0.0.1/SafetyMng/CheckTask/showCheckListMng/CheckListID/67',
  'accept' => 'text/html,application/xhtml+xml,application/xml;q=0.9,image/webp,image/apng,*/*;q=0.8,application/signed-exchange;v=b3',
  'user-agent' => 'Mozilla/5.0 (Macintosh; Intel Mac OS X 10_13_6) AppleWebKit/537.36 (KHTML, like Gecko) Chrome/73.0.3683.86 Safari/537.36',
  'upgrade-insecure-requests' => '1',
  'connection' => 'keep-alive',
  'host' => '127.0.0.1',
  'content-type' => '',
  'content-length' => '',
)
[ info ] [ PARAM ] array (
)
[ info ] [ SESSION ] INIT array (
  'id' => '',
  'var_session_id' => '',
  'prefix' => 'think',
  'type' => '',
  'auto_start' => true,
)
[ info ] [ RUN ] app\safetymng\controller\TaskList->Index[ /private/var/www/html/application/safetymng/controller/TaskList.php ]
[ info ] [ DB ] INIT mysql
[ info ] [ VIEW ] /private/var/www/html/public/../application/safetymng/view/TaskList/index.html [ array (
  0 => 'ReformList',
  1 => 'ActiveLI',
  2 => 'TaskList',
  3 => 'Cnt',
  4 => 'Count',
) ]
[ info ] [ LOG ] INIT File
[ sql ] [ DB ] CONNECT:[ UseTime:0.000664s ] mysql:host=127.0.0.1;dbname=SafetyMng;charset=utf8
[ sql ] [ SQL ] SELECT * FROM TaskList WHERE isDeleted = '否' AND Status <> '已完成' AND  ReciveCorp = '质检科' [ RunTime:0.004592s ]
[ sql ] [ SQL ] '质检科'ELECT * FROM ReformList WHERE ReformStatus<>'整改效果审核通过' AND isDeleted ='否' Order BY DutyCorp,IssueDate ASC [ RunTime:0.001358s ]
[ sql ] [ SQL ] '质检科'HOW COLUMNS FROM `TaskList` [ RunTime:0.000896s ]
[ sql ] [ SQL ] SELECT * FROM `TaskList` WHERE  `id` = 268 [ RunTime:0.000498s ]
[ sql ] [ SQL ] SHOW COLUMNS FROM `CheckList` [ RunTime:0.000781s ]
[ sql ] [ SQL ] SELECT * FROM `CheckList` WHERE  `TaskID` = 268 [ RunTime:0.000433s ]
[ sql ] [ SQL ] SELECT * FROM `TaskList` WHERE  `id` = 269 [ RunTime:0.000676s ]
[ sql ] [ SQL ] SELECT * FROM `TaskList` WHERE  `id` = 270 [ RunTime:0.000837s ]
[ sql ] [ SQL ] SELECT * FROM `TaskList` WHERE  `id` = 272 [ RunTime:0.000607s ]
[ sql ] [ SQL ] SELECT * FROM `TaskList` WHERE  `id` = 274 [ RunTime:0.000951s ]
[ sql ] [ SQL ] SELECT * FROM `TaskList` WHERE  `id` = 276 [ RunTime:0.001004s ]
[ sql ] [ SQL ] SELECT * FROM `TaskList` WHERE  `id` = 277 [ RunTime:0.001533s ]
[ sql ] [ SQL ] SELECT * FROM `TaskList` WHERE  `id` = 278 [ RunTime:0.000611s ]
[ sql ] [ SQL ] SELECT * FROM `TaskList` WHERE  `id` = 279 [ RunTime:0.000546s ]
[ sql ] [ SQL ] SELECT * FROM `TaskList` WHERE  `id` = 280 [ RunTime:0.000484s ]
[ sql ] [ SQL ] SELECT * FROM `TaskList` WHERE  `id` = 281 [ RunTime:0.000482s ]
[ sql ] [ SQL ] SELECT * FROM `TaskList` WHERE  `id` = 282 [ RunTime:0.000536s ]
[ sql ] [ SQL ] SELECT * FROM `TaskList` WHERE  `id` = 283 [ RunTime:0.000474s ]
[ sql ] [ SQL ] SELECT * FROM `TaskList` WHERE  `id` = 284 [ RunTime:0.000544s ]
[ sql ] [ SQL ] SELECT * FROM `TaskList` WHERE  `id` = 285 [ RunTime:0.000496s ]
[ sql ] [ SQL ] SELECT * FROM `TaskList` WHERE  `id` = 286 [ RunTime:0.000439s ]
[ sql ] [ SQL ] SELECT * FROM `TaskList` WHERE  `id` = 287 [ RunTime:0.000494s ]
[ sql ] [ SQL ] SELECT * FROM `TaskList` WHERE  `id` = 288 [ RunTime:0.000454s ]
[ sql ] [ SQL ] SELECT * FROM `TaskList` WHERE  `id` = 289 [ RunTime:0.000640s ]
[ sql ] [ SQL ] SELECT * FROM `TaskList` WHERE  `id` = 290 [ RunTime:0.000569s ]
[ sql ] [ SQL ] SELECT * FROM `TaskList` WHERE  `id` = 291 [ RunTime:0.000615s ]
[ sql ] [ SQL ] SELECT * FROM `TaskList` WHERE  `id` = 292 [ RunTime:0.000595s ]
[ error ] [8]未定义变量: CurPlatform[/private/var/www/html/runtime/temp/eb882fd9a154d6b46ffef47635d747bb.php:179]
[ error ] [8]未定义变量: CurPlatform[/private/var/www/html/runtime/temp/eb882fd9a154d6b46ffef47635d747bb.php:213]
[ error ] [8]未定义变量: Warning[/private/var/www/html/runtime/temp/eb882fd9a154d6b46ffef47635d747bb.php:274]
[ error ] [8]未定义变量: MsgCount[/private/var/www/html/runtime/temp/eb882fd9a154d6b46ffef47635d747bb.php:350]
[ error ] [8]未定义变量: MsgCount[/private/var/www/html/runtime/temp/eb882fd9a154d6b46ffef47635d747bb.php:350]
[ error ] [8]未定义变量: MsgCount[/private/var/www/html/runtime/temp/eb882fd9a154d6b46ffef47635d747bb.php:350]
[ error ] [8]未定义变量: MsgCount[/private/var/www/html/runtime/temp/eb882fd9a154d6b46ffef47635d747bb.php:350]
[ error ] [8]未定义变量: MsgCount[/private/var/www/html/runtime/temp/eb882fd9a154d6b46ffef47635d747bb.php:350]
[ error ] [8]未定义变量: MsgCount[/private/var/www/html/runtime/temp/eb882fd9a154d6b46ffef47635d747bb.php:350]
[ error ] [8]未定义变量: MsgCount[/private/var/www/html/runtime/temp/eb882fd9a154d6b46ffef47635d747bb.php:350]
[ error ] [8]未定义变量: MsgCount[/private/var/www/html/runtime/temp/eb882fd9a154d6b46ffef47635d747bb.php:350]
[ error ] [8]未定义变量: MsgCount[/private/var/www/html/runtime/temp/eb882fd9a154d6b46ffef47635d747bb.php:350]
[ error ] [8]未定义变量: MsgCount[/private/var/www/html/runtime/temp/eb882fd9a154d6b46ffef47635d747bb.php:350]
[ error ] [8]未定义变量: MsgCount[/private/var/www/html/runtime/temp/eb882fd9a154d6b46ffef47635d747bb.php:350]
[ error ] [8]未定义变量: MsgCount[/private/var/www/html/runtime/temp/eb882fd9a154d6b46ffef47635d747bb.php:350]
[ error ] [8]未定义变量: MsgCount[/private/var/www/html/runtime/temp/eb882fd9a154d6b46ffef47635d747bb.php:350]
[ error ] [8]未定义变量: MsgCount[/private/var/www/html/runtime/temp/eb882fd9a154d6b46ffef47635d747bb.php:350]
[ error ] [8]未定义变量: MsgCount[/private/var/www/html/runtime/temp/eb882fd9a154d6b46ffef47635d747bb.php:350]
[ error ] [8]未定义变量: MsgCount[/private/var/www/html/runtime/temp/eb882fd9a154d6b46ffef47635d747bb.php:350]
[ error ] [8]未定义变量: MsgCount[/private/var/www/html/runtime/temp/eb882fd9a154d6b46ffef47635d747bb.php:350]
[ error ] [8]未定义变量: MsgCount[/private/var/www/html/runtime/temp/eb882fd9a154d6b46ffef47635d747bb.php:350]
[ error ] [8]未定义变量: MsgCount[/private/var/www/html/runtime/temp/eb882fd9a154d6b46ffef47635d747bb.php:350]
[ error ] [8]未定义变量: MsgCount[/private/var/www/html/runtime/temp/eb882fd9a154d6b46ffef47635d747bb.php:350]
[ error ] [8]未定义变量: MsgCount[/private/var/www/html/runtime/temp/eb882fd9a154d6b46ffef47635d747bb.php:350]
[ error ] [8]未定义变量: MsgCount[/private/var/www/html/runtime/temp/eb882fd9a154d6b46ffef47635d747bb.php:350]
[ error ] [8]未定义变量: CPDate2[/private/var/www/html/application/safetymng/controller/Reform.php:931]
[ error ] [8]未定义变量: CPDate2[/private/var/www/html/application/safetymng/controller/Reform.php:931]
[ error ] [8]未定义变量: CPDate2[/private/var/www/html/application/safetymng/controller/Reform.php:931]
[ error ] [8]未定义变量: CPDate2[/private/var/www/html/application/safetymng/controller/Reform.php:931]
[ error ] [8]未定义变量: CPDate2[/private/var/www/html/application/safetymng/controller/Reform.php:931]
[ error ] [8]未定义变量: CPDate2[/private/var/www/html/application/safetymng/controller/Reform.php:931]
[ error ] [8]未定义变量: CPDate2[/private/var/www/html/application/safetymng/controller/Reform.php:931]
[ error ] [8]未定义变量: CPDate2[/private/var/www/html/application/safetymng/controller/Reform.php:931]
---------------------------------------------------------------
[ 2019-04-02T22:55:25+08:00 ] 127.0.0.1 GET 127.0.0.1/SafetyMng/QuestionMng/showQuestionMng/TaskID/292
[运行时间：0.045005s] [吞吐率：22.22req/s] [内存消耗：2,455.32kb] [文件加载：57]
[ info ] [ LANG ] /private/var/www/html/thinkphp/lang/zh-cn.php
[ info ] [ ROUTE ] array (
  'type' => 'module',
  'module' => 
  array (
    0 => 'SafetyMng',
    1 => 'QuestionMng',
    2 => 'showQuestionMng',
  ),
)
[ info ] [ HEADER ] array (
  'cookie' => 'PHPSESSID=89hojjnqtcdhh26t36sipnfmb7',
  'accept-language' => 'zh-CN,zh;q=0.9,en;q=0.8',
  'accept-encoding' => 'gzip, deflate, br',
  'referer' => 'http://127.0.0.1/SafetyMng/TaskList/Index.html',
  'accept' => 'text/html,application/xhtml+xml,application/xml;q=0.9,image/webp,image/apng,*/*;q=0.8,application/signed-exchange;v=b3',
  'user-agent' => 'Mozilla/5.0 (Macintosh; Intel Mac OS X 10_13_6) AppleWebKit/537.36 (KHTML, like Gecko) Chrome/73.0.3683.86 Safari/537.36',
  'upgrade-insecure-requests' => '1',
  'connection' => 'keep-alive',
  'host' => '127.0.0.1',
  'content-type' => '',
  'content-length' => '',
)
[ info ] [ PARAM ] array (
  'TaskID' => '292',
)
[ info ] [ SESSION ] INIT array (
  'id' => '',
  'var_session_id' => '',
  'prefix' => 'think',
  'type' => '',
  'auto_start' => true,
)
[ info ] [ RUN ] app\safetymng\controller\QuestionMng->showQuestionMng[ /private/var/www/html/application/safetymng/controller/QuestionMng.php ]
[ info ] [ DB ] INIT mysql
[ info ] [ VIEW ] /private/var/www/html/public/../application/safetymng/view/QuestionMng/index.html [ array (
  0 => 'showReformList',
  1 => 'TaskID',
  2 => 'dataRow',
) ]
[ info ] [ LOG ] INIT File
[ sql ] [ DB ] CONNECT:[ UseTime:0.000609s ] mysql:host=127.0.0.1;dbname=SafetyMng;charset=utf8
[ sql ] [ SQL ] SELECT * FROM TaskList WHERE ID= '292' [ RunTime:0.000723s ]
[ sql ] [ SQL ] SELECT * FROM QuestionList WHERE ID='164' [ RunTime:0.000550s ]
[ sql ] [ SQL ] '164'HOW COLUMNS FROM `QuestionList` [ RunTime:0.001164s ]
[ sql ] [ SQL ] SELECT * FROM `QuestionList` WHERE  `id` = 164 [ RunTime:0.000847s ]
[ error ] [8]未定义变量: CurPlatform[/private/var/www/html/runtime/temp/6e2a7aaf6eb8df91309b83f1dfd2bd40.php:179]
[ error ] [8]未定义变量: CurPlatform[/private/var/www/html/runtime/temp/6e2a7aaf6eb8df91309b83f1dfd2bd40.php:213]
[ error ] [8]未定义变量: showMng[/private/var/www/html/runtime/temp/6e2a7aaf6eb8df91309b83f1dfd2bd40.php:324]
---------------------------------------------------------------
[ 2019-04-02T22:55:26+08:00 ] 127.0.0.1 GET 127.0.0.1/SafetyMng/Reform/showReformList/TaskID/292
[运行时间：0.057177s] [吞吐率：17.49req/s] [内存消耗：2,546.16kb] [文件加载：56]
[ info ] [ LANG ] /private/var/www/html/thinkphp/lang/zh-cn.php
[ info ] [ ROUTE ] array (
  'type' => 'module',
  'module' => 
  array (
    0 => 'SafetyMng',
    1 => 'Reform',
    2 => 'showReformList',
  ),
)
[ info ] [ HEADER ] array (
  'cookie' => 'PHPSESSID=89hojjnqtcdhh26t36sipnfmb7',
  'accept-language' => 'zh-CN,zh;q=0.9,en;q=0.8',
  'accept-encoding' => 'gzip, deflate, br',
  'referer' => 'http://127.0.0.1/SafetyMng/QuestionMng/showQuestionMng/TaskID/292',
  'accept' => 'text/html,application/xhtml+xml,application/xml;q=0.9,image/webp,image/apng,*/*;q=0.8,application/signed-exchange;v=b3',
  'user-agent' => 'Mozilla/5.0 (Macintosh; Intel Mac OS X 10_13_6) AppleWebKit/537.36 (KHTML, like Gecko) Chrome/73.0.3683.86 Safari/537.36',
  'upgrade-insecure-requests' => '1',
  'connection' => 'keep-alive',
  'host' => '127.0.0.1',
  'content-type' => '',
  'content-length' => '',
)
[ info ] [ PARAM ] array (
  'TaskID' => '292',
)
[ info ] [ SESSION ] INIT array (
  'id' => '',
  'var_session_id' => '',
  'prefix' => 'think',
  'type' => '',
  'auto_start' => true,
)
[ info ] [ RUN ] app\safetymng\controller\Reform->showReformList[ /private/var/www/html/application/safetymng/controller/Reform.php ]
[ info ] [ DB ] INIT mysql
[ info ] [ VIEW ] /private/var/www/html/public/../application/safetymng/view/Reform/ReformList.html [ array (
  0 => 'ReformList',
  1 => 'ReformCount',
  2 => 'Count',
  3 => 'TaskID',
) ]
[ info ] [ LOG ] INIT File
[ sql ] [ DB ] CONNECT:[ UseTime:0.000565s ] mysql:host=127.0.0.1;dbname=SafetyMng;charset=utf8
[ sql ] [ SQL ] SELECT * FROM TaskList WHERE id = '292' [ RunTime:0.000685s ]
[ sql ] [ SQL ] SELECT * FROM TaskDealerGroup WHERE TaskID = '292' AND Name = '史相陆  ' [ RunTime:0.002126s ]
[ sql ] [ SQL ] SELECT * FROM TaskList WHERE id = '292' [ RunTime:0.001316s ]
[ sql ] [ SQL ] SELECT * FROM ReformList WHERE isDeleted = '否' AND id in (SELECT ToID FROM IDCrossIndex WHERE FromID = '164') [ RunTime:0.001697s ]
[ error ] [8]未定义变量: Warning[/private/var/www/html/runtime/temp/5715d397be3f0e936aa1ce26c0cf1894.php:121]
---------------------------------------------------------------
[ 2019-04-02T22:55:28+08:00 ] 127.0.0.1 GET 127.0.0.1/SafetyMng/Reform/Index/TaskID/292/ReformID/57/opType/Mdf
[运行时间：0.073608s] [吞吐率：13.59req/s] [内存消耗：2,539.44kb] [文件加载：56]
[ info ] [ LANG ] /private/var/www/html/thinkphp/lang/zh-cn.php
[ info ] [ ROUTE ] array (
  'type' => 'module',
  'module' => 
  array (
    0 => 'SafetyMng',
    1 => 'Reform',
    2 => 'Index',
  ),
)
[ info ] [ HEADER ] array (
  'cookie' => 'PHPSESSID=89hojjnqtcdhh26t36sipnfmb7',
  'accept-language' => 'zh-CN,zh;q=0.9,en;q=0.8',
  'accept-encoding' => 'gzip, deflate, br',
  'referer' => 'http://127.0.0.1/SafetyMng/Reform/showReformList/TaskID/292',
  'accept' => 'text/html,application/xhtml+xml,application/xml;q=0.9,image/webp,image/apng,*/*;q=0.8,application/signed-exchange;v=b3',
  'user-agent' => 'Mozilla/5.0 (Macintosh; Intel Mac OS X 10_13_6) AppleWebKit/537.36 (KHTML, like Gecko) Chrome/73.0.3683.86 Safari/537.36',
  'upgrade-insecure-requests' => '1',
  'connection' => 'keep-alive',
  'host' => '127.0.0.1',
  'content-type' => '',
  'content-length' => '',
)
[ info ] [ PARAM ] array (
  'TaskID' => '292',
  'ReformID' => '57',
  'opType' => 'Mdf',
)
[ info ] [ SESSION ] INIT array (
  'id' => '',
  'var_session_id' => '',
  'prefix' => 'think',
  'type' => '',
  'auto_start' => true,
)
[ info ] [ RUN ] app\safetymng\controller\Reform->index[ /private/var/www/html/application/safetymng/controller/Reform.php ]
[ info ] [ DB ] INIT mysql
[ info ] [ VIEW ] /private/var/www/html/public/../application/safetymng/view/Reform/index.html [ array (
  0 => 'NonConfirmDesc',
  1 => 'QuestionTitle',
  2 => 'ReformInfo',
  3 => 'Reform',
  4 => 'opType',
  5 => 'QuestionID',
  6 => 'TaskID',
  7 => 'ReformID',
  8 => 'ReformStatus',
  9 => 'ReformIntStatus',
  10 => 'Today',
  11 => 'CorpList',
  12 => 'QuestionSourceList',
  13 => 'SuperCorp',
) ]
[ info ] [ LOG ] INIT File
[ sql ] [ DB ] CONNECT:[ UseTime:0.000752s ] mysql:host=127.0.0.1;dbname=SafetyMng;charset=utf8
[ sql ] [ SQL ] SELECT * FROM TaskList WHERE ID= '292' [ RunTime:0.002237s ]
[ sql ] [ SQL ] SELECT * FROM QuestionList WHERE ID='164' [ RunTime:0.001268s ]
[ sql ] [ SQL ] SELECT * FROM ReformList WHERE id='57' [ RunTime:0.003485s ]
[ sql ] [ SQL ] '57'ELECT Distinct Corp FROM UserList [ RunTime:0.000725s ]
[ sql ] [ SQL ] '57'HOW COLUMNS FROM `QuestionSource` [ RunTime:0.000748s ]
[ sql ] [ SQL ] '57'ELECT * FROM `QuestionSource` [ RunTime:0.000686s ]
[ error ] [8]未定义数组索引: NonConfirmDesc[/private/var/www/html/application/safetymng/controller/Reform.php:76]
[ error ] [8]未定义变量: Warning[/private/var/www/html/runtime/temp/9bac8fc2c5736483126ebd4bf92b8a4f.php:107]
[ error ] [8]未定义变量: showSaveBtn[/private/var/www/html/runtime/temp/9bac8fc2c5736483126ebd4bf92b8a4f.php:408]
---------------------------------------------------------------
[ 2019-04-02T22:57:21+08:00 ] 192.168.43.1 POST 192.168.43.159/SafetyMng/CheckTask/StartCheck/CheckListID/67
[运行时间：0.031454s] [吞吐率：31.79req/s] [内存消耗：2,402.48kb] [文件加载：55]
[ info ] [ LANG ] /private/var/www/html/thinkphp/lang/zh-cn.php
[ info ] [ ROUTE ] array (
  'type' => 'module',
  'module' => 
  array (
    0 => 'SafetyMng',
    1 => 'CheckTask',
    2 => 'StartCheck',
  ),
)
[ info ] [ HEADER ] array (
  'x-ucbrowser-ua' => 'dv(LND-AL30);pr(UCBrowser/12.3.7.1017);ov(Android 8.0.0);ss(360*680);pi(720*1360);bt(YZ);pm(1);bv(1);nm(0);im(0);sr(0);nt(1);',
  'cookie' => 'PHPSESSID=mh4eptid6aejshvdrcrk4c0i41',
  'accept-language' => 'zh-Hans-CN,en-US;q=0.8',
  'accept-encoding' => 'gzip, deflate',
  'referer' => 'http://192.168.43.159/SafetyMng/CheckTask/showOnlineCheckIndex/CheckListID/67',
  'accept' => 'text/html,application/xhtml+xml,application/xml;q=0.9,image/webp,*/*;q=0.8',
  'content-type' => 'application/x-www-form-urlencoded',
  'user-agent' => 'Mozilla/5.0 (Linux; U; Android 8.0.0; zh-CN; LND-AL30 Build/HONORLND-AL30) AppleWebKit/537.36 (KHTML, like Gecko) Version/4.0 Chrome/57.0.2987.108 UCBrowser/12.3.7.1017 Mobile Safari/537.36',
  'upgrade-insecure-requests' => '1',
  'origin' => 'http://192.168.43.159',
  'cache-control' => 'max-age=0',
  'content-length' => '0',
  'connection' => 'keep-alive',
  'host' => '192.168.43.159',
)
[ info ] [ PARAM ] array (
  'CheckListID' => '67',
)
[ info ] [ SESSION ] INIT array (
  'id' => '',
  'var_session_id' => '',
  'prefix' => 'think',
  'type' => '',
  'auto_start' => true,
)
[ info ] [ RUN ] app\safetymng\controller\CheckTask->StartCheck[ /private/var/www/html/application/safetymng/controller/CheckTask.php ]
[ info ] [ DB ] INIT mysql
[ info ] [ VIEW ] /private/var/www/html/public/../application/safetymng/view/CheckTask/OnlineCheckPage.html [ array (
  0 => 'CheckRowData',
  1 => 'CurOrderID',
  2 => 'CheckInfoRow',
) ]
[ info ] [ LOG ] INIT File
[ sql ] [ DB ] CONNECT:[ UseTime:0.000604s ] mysql:host=127.0.0.1;dbname=SafetyMng;charset=utf8
[ sql ] [ SQL ] SHOW COLUMNS FROM `CheckList` [ RunTime:0.000831s ]
[ sql ] [ SQL ] SELECT * FROM `CheckList` WHERE  `id` = 67 [ RunTime:0.000539s ]
[ sql ] [ SQL ] SELECT * FROM `CheckList` WHERE  `id` = 67 [ RunTime:0.000474s ]
[ sql ] [ SQL ] SELECT * FROM CheckListDetail WHERE CheckListID='67' AND IsOK IS NULL ORDER BY id LIMIT 1 [ RunTime:0.000549s ]
[ error ] [8]未定义数组下标: 0[/private/var/www/html/application/safetymng/controller/CheckTask.php:242]
[ error ] [8]未定义变量: CurSubjectRankID[/private/var/www/html/runtime/temp/d0c36ed2c612def0917e2aada30cb422.php:164]
---------------------------------------------------------------
[ 2019-04-02T23:11:11+08:00 ] 192.168.43.1 POST 192.168.43.159/SafetyMng/CheckTask/StartCheck/CheckListID/67
[运行时间：0.120374s] [吞吐率：8.31req/s] [内存消耗：2,402.48kb] [文件加载：55]
[ info ] [ LANG ] /private/var/www/html/thinkphp/lang/zh-cn.php
[ info ] [ ROUTE ] array (
  'type' => 'module',
  'module' => 
  array (
    0 => 'SafetyMng',
    1 => 'CheckTask',
    2 => 'StartCheck',
  ),
)
[ info ] [ HEADER ] array (
  'x-ucbrowser-ua' => 'dv(LND-AL30);pr(UCBrowser/12.3.7.1017);ov(Android 8.0.0);ss(360*680);pi(720*1360);bt(YZ);pm(1);bv(1);nm(0);im(0);sr(0);nt(1);',
  'cookie' => 'PHPSESSID=mh4eptid6aejshvdrcrk4c0i41',
  'accept-language' => 'zh-Hans-CN,en-US;q=0.8',
  'accept-encoding' => 'gzip, deflate',
  'referer' => 'http://192.168.43.159/SafetyMng/CheckTask/showOnlineCheckIndex/CheckListID/67',
  'accept' => 'text/html,application/xhtml+xml,application/xml;q=0.9,image/webp,*/*;q=0.8',
  'content-type' => 'application/x-www-form-urlencoded',
  'user-agent' => 'Mozilla/5.0 (Linux; U; Android 8.0.0; zh-CN; LND-AL30 Build/HONORLND-AL30) AppleWebKit/537.36 (KHTML, like Gecko) Version/4.0 Chrome/57.0.2987.108 UCBrowser/12.3.7.1017 Mobile Safari/537.36',
  'upgrade-insecure-requests' => '1',
  'origin' => 'http://192.168.43.159',
  'cache-control' => 'max-age=0',
  'content-length' => '0',
  'connection' => 'keep-alive',
  'host' => '192.168.43.159',
)
[ info ] [ PARAM ] array (
  'CheckListID' => '67',
)
[ info ] [ SESSION ] INIT array (
  'id' => '',
  'var_session_id' => '',
  'prefix' => 'think',
  'type' => '',
  'auto_start' => true,
)
[ info ] [ RUN ] app\safetymng\controller\CheckTask->StartCheck[ /private/var/www/html/application/safetymng/controller/CheckTask.php ]
[ info ] [ DB ] INIT mysql
[ info ] [ VIEW ] /private/var/www/html/public/../application/safetymng/view/CheckTask/OnlineCheckPage.html [ array (
  0 => 'CheckRowData',
  1 => 'CurOrderID',
  2 => 'CheckInfoRow',
) ]
[ info ] [ LOG ] INIT File
[ sql ] [ DB ] CONNECT:[ UseTime:0.003174s ] mysql:host=127.0.0.1;dbname=SafetyMng;charset=utf8
[ sql ] [ SQL ] SHOW COLUMNS FROM `CheckList` [ RunTime:0.002394s ]
[ sql ] [ SQL ] SELECT * FROM `CheckList` WHERE  `id` = 67 [ RunTime:0.001103s ]
[ sql ] [ SQL ] SELECT * FROM `CheckList` WHERE  `id` = 67 [ RunTime:0.000839s ]
[ sql ] [ SQL ] SELECT * FROM CheckListDetail WHERE CheckListID='67' AND IsOK IS NULL ORDER BY id LIMIT 1 [ RunTime:0.001256s ]
[ error ] [8]未定义数组下标: 0[/private/var/www/html/application/safetymng/controller/CheckTask.php:242]
[ error ] [8]未定义变量: CurSubjectRankID[/private/var/www/html/runtime/temp/d0c36ed2c612def0917e2aada30cb422.php:164]
---------------------------------------------------------------
[ 2019-04-02T23:11:15+08:00 ] 192.168.43.1 POST 192.168.43.159/SafetyMng/CheckTask/StartCheck/CheckListID/67
[运行时间：0.027782s] [吞吐率：35.99req/s] [内存消耗：2,402.48kb] [文件加载：55]
[ info ] [ LANG ] /private/var/www/html/thinkphp/lang/zh-cn.php
[ info ] [ ROUTE ] array (
  'type' => 'module',
  'module' => 
  array (
    0 => 'SafetyMng',
    1 => 'CheckTask',
    2 => 'StartCheck',
  ),
)
[ info ] [ HEADER ] array (
  'x-ucbrowser-ua' => 'dv(LND-AL30);pr(UCBrowser/12.3.7.1017);ov(Android 8.0.0);ss(360*680);pi(720*1360);bt(YZ);pm(1);bv(1);nm(0);im(0);sr(0);nt(1);',
  'cookie' => 'PHPSESSID=mh4eptid6aejshvdrcrk4c0i41',
  'accept-language' => 'zh-Hans-CN,en-US;q=0.8',
  'accept-encoding' => 'gzip, deflate',
  'referer' => 'http://192.168.43.159/SafetyMng/CheckTask/showOnlineCheckIndex/CheckListID/67',
  'accept' => 'text/html,application/xhtml+xml,application/xml;q=0.9,image/webp,*/*;q=0.8',
  'content-type' => 'application/x-www-form-urlencoded',
  'user-agent' => 'Mozilla/5.0 (Linux; U; Android 8.0.0; zh-CN; LND-AL30 Build/HONORLND-AL30) AppleWebKit/537.36 (KHTML, like Gecko) Version/4.0 Chrome/57.0.2987.108 UCBrowser/12.3.7.1017 Mobile Safari/537.36',
  'upgrade-insecure-requests' => '1',
  'origin' => 'http://192.168.43.159',
  'cache-control' => 'max-age=0',
  'content-length' => '0',
  'connection' => 'keep-alive',
  'host' => '192.168.43.159',
)
[ info ] [ PARAM ] array (
  'CheckListID' => '67',
)
[ info ] [ SESSION ] INIT array (
  'id' => '',
  'var_session_id' => '',
  'prefix' => 'think',
  'type' => '',
  'auto_start' => true,
)
[ info ] [ RUN ] app\safetymng\controller\CheckTask->StartCheck[ /private/var/www/html/application/safetymng/controller/CheckTask.php ]
[ info ] [ DB ] INIT mysql
[ info ] [ VIEW ] /private/var/www/html/public/../application/safetymng/view/CheckTask/OnlineCheckPage.html [ array (
  0 => 'CheckRowData',
  1 => 'CurOrderID',
  2 => 'CheckInfoRow',
) ]
[ info ] [ LOG ] INIT File
[ sql ] [ DB ] CONNECT:[ UseTime:0.000538s ] mysql:host=127.0.0.1;dbname=SafetyMng;charset=utf8
[ sql ] [ SQL ] SHOW COLUMNS FROM `CheckList` [ RunTime:0.000887s ]
[ sql ] [ SQL ] SELECT * FROM `CheckList` WHERE  `id` = 67 [ RunTime:0.000687s ]
[ sql ] [ SQL ] SELECT * FROM `CheckList` WHERE  `id` = 67 [ RunTime:0.000483s ]
[ sql ] [ SQL ] SELECT * FROM CheckListDetail WHERE CheckListID='67' AND IsOK IS NULL ORDER BY id LIMIT 1 [ RunTime:0.000649s ]
[ error ] [8]未定义数组下标: 0[/private/var/www/html/application/safetymng/controller/CheckTask.php:242]
[ error ] [8]未定义变量: CurSubjectRankID[/private/var/www/html/runtime/temp/d0c36ed2c612def0917e2aada30cb422.php:164]
---------------------------------------------------------------
[ 2019-04-02T23:13:03+08:00 ] 192.168.43.1 GET 192.168.43.159/SafetyMng/CheckTask/showQuestionInputByCheckRow/CheckRowID/
[运行时间：0.027791s] [吞吐率：35.98req/s] [内存消耗：1,620.84kb] [文件加载：45]
[ info ] [ LANG ] /private/var/www/html/thinkphp/lang/zh-cn.php
[ info ] [ ROUTE ] array (
  'type' => 'module',
  'module' => 
  array (
    0 => 'SafetyMng',
    1 => 'CheckTask',
    2 => 'showQuestionInputByCheckRow',
  ),
)
[ info ] [ HEADER ] array (
  'x-ucbrowser-ua' => 'dv(LND-AL30);pr(UCBrowser/12.3.7.1017);ov(Android 8.0.0);ss(360*680);pi(720*1360);bt(YZ);pm(1);bv(1);nm(0);im(0);sr(0);nt(1);',
  'cookie' => 'PHPSESSID=mh4eptid6aejshvdrcrk4c0i41',
  'accept-language' => 'zh-Hans-CN,en-US;q=0.8',
  'accept-encoding' => 'gzip, deflate',
  'referer' => 'http://192.168.43.159/SafetyMng/CheckTask/StartCheck/CheckListID/67',
  'accept' => 'text/html,application/xhtml+xml,application/xml;q=0.9,image/webp,*/*;q=0.8',
  'user-agent' => 'Mozilla/5.0 (Linux; U; Android 8.0.0; zh-CN; LND-AL30 Build/HONORLND-AL30) AppleWebKit/537.36 (KHTML, like Gecko) Version/4.0 Chrome/57.0.2987.108 UCBrowser/12.3.7.1017 Mobile Safari/537.36',
  'upgrade-insecure-requests' => '1',
  'connection' => 'keep-alive',
  'host' => '192.168.43.159',
  'content-type' => '',
  'content-length' => '',
)
[ info ] [ PARAM ] array (
)
[ info ] [ SESSION ] INIT array (
  'id' => '',
  'var_session_id' => '',
  'prefix' => 'think',
  'type' => '',
  'auto_start' => true,
)
[ info ] [ LOG ] INIT File
[ error ] [0]方法参数错误:CheckRowID[/private/var/www/html/thinkphp/library/think/App.php:431]
---------------------------------------------------------------
[ 2019-04-02T23:13:10+08:00 ] 192.168.43.1 POST 192.168.43.159/SafetyMng/CheckTask/StartCheck/CheckListID/67
[运行时间：0.033163s] [吞吐率：30.15req/s] [内存消耗：2,402.48kb] [文件加载：55]
[ info ] [ LANG ] /private/var/www/html/thinkphp/lang/zh-cn.php
[ info ] [ ROUTE ] array (
  'type' => 'module',
  'module' => 
  array (
    0 => 'SafetyMng',
    1 => 'CheckTask',
    2 => 'StartCheck',
  ),
)
[ info ] [ HEADER ] array (
  'x-ucbrowser-ua' => 'dv(LND-AL30);pr(UCBrowser/12.3.7.1017);ov(Android 8.0.0);ss(360*680);pi(720*1360);bt(YZ);pm(1);bv(1);nm(0);im(0);sr(0);nt(1);',
  'cookie' => 'PHPSESSID=mh4eptid6aejshvdrcrk4c0i41',
  'accept-language' => 'zh-Hans-CN,en-US;q=0.8',
  'accept-encoding' => 'gzip, deflate',
  'referer' => 'http://192.168.43.159/SafetyMng/CheckTask/showOnlineCheckIndex/CheckListID/67',
  'accept' => 'text/html,application/xhtml+xml,application/xml;q=0.9,image/webp,*/*;q=0.8',
  'content-type' => 'application/x-www-form-urlencoded',
  'user-agent' => 'Mozilla/5.0 (Linux; U; Android 8.0.0; zh-CN; LND-AL30 Build/HONORLND-AL30) AppleWebKit/537.36 (KHTML, like Gecko) Version/4.0 Chrome/57.0.2987.108 UCBrowser/12.3.7.1017 Mobile Safari/537.36',
  'upgrade-insecure-requests' => '1',
  'origin' => 'http://192.168.43.159',
  'cache-control' => 'max-age=0',
  'content-length' => '0',
  'connection' => 'keep-alive',
  'host' => '192.168.43.159',
)
[ info ] [ PARAM ] array (
  'CheckListID' => '67',
)
[ info ] [ SESSION ] INIT array (
  'id' => '',
  'var_session_id' => '',
  'prefix' => 'think',
  'type' => '',
  'auto_start' => true,
)
[ info ] [ RUN ] app\safetymng\controller\CheckTask->StartCheck[ /private/var/www/html/application/safetymng/controller/CheckTask.php ]
[ info ] [ DB ] INIT mysql
[ info ] [ VIEW ] /private/var/www/html/public/../application/safetymng/view/CheckTask/OnlineCheckPage.html [ array (
  0 => 'CheckRowData',
  1 => 'CurOrderID',
  2 => 'CheckInfoRow',
) ]
[ info ] [ LOG ] INIT File
[ sql ] [ DB ] CONNECT:[ UseTime:0.000667s ] mysql:host=127.0.0.1;dbname=SafetyMng;charset=utf8
[ sql ] [ SQL ] SHOW COLUMNS FROM `CheckList` [ RunTime:0.001041s ]
[ sql ] [ SQL ] SELECT * FROM `CheckList` WHERE  `id` = 67 [ RunTime:0.000621s ]
[ sql ] [ SQL ] SELECT * FROM `CheckList` WHERE  `id` = 67 [ RunTime:0.000483s ]
[ sql ] [ SQL ] SELECT * FROM CheckListDetail WHERE CheckListID='67' AND IsOK IS NULL ORDER BY id LIMIT 1 [ RunTime:0.000623s ]
[ error ] [8]未定义数组下标: 0[/private/var/www/html/application/safetymng/controller/CheckTask.php:242]
[ error ] [8]未定义变量: CurSubjectRankID[/private/var/www/html/runtime/temp/d0c36ed2c612def0917e2aada30cb422.php:164]
