---------------------------------------------------------------
[ 2019-03-20T22:42:25+08:00 ] 127.0.0.1 GET 127.0.0.1/SafetyMng/CheckTask/Index.html
[运行时间：0.123729s] [吞吐率：8.08req/s] [内存消耗：2,566.98kb] [文件加载：58]
[ info ] [ LANG ] /private/var/www/html/thinkphp/lang/zh-cn.php
[ info ] [ ROUTE ] array (
  'type' => 'module',
  'module' => 
  array (
    0 => 'SafetyMng',
    1 => 'CheckTask',
    2 => 'Index',
  ),
)
[ info ] [ HEADER ] array (
  'cookie' => 'PHPSESSID=8cfn933obqbqrgtkdfrhfbqb3a',
  'accept-language' => 'zh-CN,zh;q=0.9,en;q=0.8',
  'accept-encoding' => 'gzip, deflate, br',
  'referer' => 'http://127.0.0.1/SafetyMng/CheckTBMng/Index.html',
  'accept' => 'text/html,application/xhtml+xml,application/xml;q=0.9,image/webp,image/apng,*/*;q=0.8',
  'user-agent' => 'Mozilla/5.0 (Macintosh; Intel Mac OS X 10_13_6) AppleWebKit/537.36 (KHTML, like Gecko) Chrome/72.0.3626.121 Safari/537.36',
  'upgrade-insecure-requests' => '1',
  'cache-control' => 'max-age=0',
  'connection' => 'keep-alive',
  'host' => '127.0.0.1',
  'content-type' => '',
  'content-length' => '',
)
[ info ] [ PARAM ] array (
)
[ info ] [ SESSION ] INIT array (
  'id' => '',
  'var_session_id' => '',
  'prefix' => 'think',
  'type' => '',
  'auto_start' => true,
)
[ info ] [ RUN ] app\safetymng\controller\CheckTask->index[ /private/var/www/html/application/safetymng/controller/CheckTask.php ]
[ info ] [ DB ] INIT mysql
[ info ] [ VIEW ] /private/var/www/html/public/../application/safetymng/view/CheckTask/index.html [ array (
  0 => 'UserList',
  1 => 'QuestionSource',
) ]
[ info ] [ LOG ] INIT File
[ sql ] [ DB ] CONNECT:[ UseTime:0.002897s ] mysql:host=127.0.0.1;dbname=SafetyMng;charset=utf8
[ sql ] [ SQL ] SHOW COLUMNS FROM `UserList` [ RunTime:0.001080s ]
[ sql ] [ SQL ] SELECT * FROM `UserList` WHERE  `Corp` = '质检科' [ RunTime:0.000837s ]
[ sql ] [ SQL ] SHOW COLUMNS FROM `QuestionSource` [ RunTime:0.000751s ]
[ sql ] [ SQL ] SELECT * FROM `QuestionSource` [ RunTime:0.000396s ]
[ error ] [8]未定义变量: CurPlatform[/private/var/www/html/runtime/temp/0be411da76eabe8f08dc0d94b3c50191.php:179]
[ error ] [8]未定义变量: CurPlatform[/private/var/www/html/runtime/temp/0be411da76eabe8f08dc0d94b3c50191.php:213]
[ error ] [8]未定义变量: Warning[/private/var/www/html/runtime/temp/0be411da76eabe8f08dc0d94b3c50191.php:261]
[ error ] [8]未定义变量: Warning[/private/var/www/html/runtime/temp/0be411da76eabe8f08dc0d94b3c50191.php:267]
---------------------------------------------------------------
[ 2019-03-20T22:42:51+08:00 ] 127.0.0.1 GET 127.0.0.1/SafetyMng/CheckTask/Index.html
[运行时间：0.035708s] [吞吐率：28.00req/s] [内存消耗：2,404.57kb] [文件加载：56]
[ info ] [ LANG ] /private/var/www/html/thinkphp/lang/zh-cn.php
[ info ] [ ROUTE ] array (
  'type' => 'module',
  'module' => 
  array (
    0 => 'SafetyMng',
    1 => 'CheckTask',
    2 => 'Index',
  ),
)
[ info ] [ HEADER ] array (
  'cookie' => 'PHPSESSID=8cfn933obqbqrgtkdfrhfbqb3a',
  'accept-language' => 'zh-CN,zh;q=0.9,en;q=0.8',
  'accept-encoding' => 'gzip, deflate, br',
  'referer' => 'http://127.0.0.1/SafetyMng/CheckTBMng/Index.html',
  'accept' => 'text/html,application/xhtml+xml,application/xml;q=0.9,image/webp,image/apng,*/*;q=0.8',
  'user-agent' => 'Mozilla/5.0 (Macintosh; Intel Mac OS X 10_13_6) AppleWebKit/537.36 (KHTML, like Gecko) Chrome/72.0.3626.121 Safari/537.36',
  'upgrade-insecure-requests' => '1',
  'cache-control' => 'max-age=0',
  'connection' => 'keep-alive',
  'host' => '127.0.0.1',
  'content-type' => '',
  'content-length' => '',
)
[ info ] [ PARAM ] array (
)
[ info ] [ SESSION ] INIT array (
  'id' => '',
  'var_session_id' => '',
  'prefix' => 'think',
  'type' => '',
  'auto_start' => true,
)
[ info ] [ RUN ] app\safetymng\controller\CheckTask->index[ /private/var/www/html/application/safetymng/controller/CheckTask.php ]
[ info ] [ DB ] INIT mysql
[ info ] [ VIEW ] /private/var/www/html/public/../application/safetymng/view/CheckTask/index.html [ array (
  0 => 'UserList',
  1 => 'QuestionSource',
) ]
[ info ] [ LOG ] INIT File
[ sql ] [ DB ] CONNECT:[ UseTime:0.000591s ] mysql:host=127.0.0.1;dbname=SafetyMng;charset=utf8
[ sql ] [ SQL ] SHOW COLUMNS FROM `UserList` [ RunTime:0.001127s ]
[ sql ] [ SQL ] SELECT * FROM `UserList` WHERE  `Corp` = '质检科' [ RunTime:0.000784s ]
[ sql ] [ SQL ] SHOW COLUMNS FROM `QuestionSource` [ RunTime:0.003275s ]
[ sql ] [ SQL ] SELECT * FROM `QuestionSource` [ RunTime:0.000493s ]
[ error ] [8]未定义变量: CurPlatform[/private/var/www/html/runtime/temp/0be411da76eabe8f08dc0d94b3c50191.php:179]
[ error ] [8]未定义变量: CurPlatform[/private/var/www/html/runtime/temp/0be411da76eabe8f08dc0d94b3c50191.php:213]
[ error ] [8]未定义变量: Warning[/private/var/www/html/runtime/temp/0be411da76eabe8f08dc0d94b3c50191.php:261]
[ error ] [8]未定义变量: Warning[/private/var/www/html/runtime/temp/0be411da76eabe8f08dc0d94b3c50191.php:267]
---------------------------------------------------------------
[ 2019-03-20T22:43:35+08:00 ] 127.0.0.1 GET 127.0.0.1/SafetyMng/CheckTask/Index.html
[运行时间：0.098649s] [吞吐率：10.14req/s] [内存消耗：2,567.09kb] [文件加载：58]
[ info ] [ LANG ] /private/var/www/html/thinkphp/lang/zh-cn.php
[ info ] [ ROUTE ] array (
  'type' => 'module',
  'module' => 
  array (
    0 => 'SafetyMng',
    1 => 'CheckTask',
    2 => 'Index',
  ),
)
[ info ] [ HEADER ] array (
  'cookie' => 'PHPSESSID=8cfn933obqbqrgtkdfrhfbqb3a',
  'accept-language' => 'zh-CN,zh;q=0.9,en;q=0.8',
  'accept-encoding' => 'gzip, deflate, br',
  'referer' => 'http://127.0.0.1/SafetyMng/CheckTBMng/Index.html',
  'accept' => 'text/html,application/xhtml+xml,application/xml;q=0.9,image/webp,image/apng,*/*;q=0.8',
  'user-agent' => 'Mozilla/5.0 (Macintosh; Intel Mac OS X 10_13_6) AppleWebKit/537.36 (KHTML, like Gecko) Chrome/72.0.3626.121 Safari/537.36',
  'upgrade-insecure-requests' => '1',
  'cache-control' => 'max-age=0',
  'connection' => 'keep-alive',
  'host' => '127.0.0.1',
  'content-type' => '',
  'content-length' => '',
)
[ info ] [ PARAM ] array (
)
[ info ] [ SESSION ] INIT array (
  'id' => '',
  'var_session_id' => '',
  'prefix' => 'think',
  'type' => '',
  'auto_start' => true,
)
[ info ] [ RUN ] app\safetymng\controller\CheckTask->index[ /private/var/www/html/application/safetymng/controller/CheckTask.php ]
[ info ] [ DB ] INIT mysql
[ info ] [ VIEW ] /private/var/www/html/public/../application/safetymng/view/CheckTask/index.html [ array (
  0 => 'UserList',
  1 => 'QuestionSource',
) ]
[ info ] [ LOG ] INIT File
[ sql ] [ DB ] CONNECT:[ UseTime:0.002453s ] mysql:host=127.0.0.1;dbname=SafetyMng;charset=utf8
[ sql ] [ SQL ] SHOW COLUMNS FROM `UserList` [ RunTime:0.000991s ]
[ sql ] [ SQL ] SELECT * FROM `UserList` WHERE  `Corp` = '质检科' [ RunTime:0.000679s ]
[ sql ] [ SQL ] SHOW COLUMNS FROM `QuestionSource` [ RunTime:0.004729s ]
[ sql ] [ SQL ] SELECT * FROM `QuestionSource` [ RunTime:0.000523s ]
[ error ] [8]未定义变量: CurPlatform[/private/var/www/html/runtime/temp/0be411da76eabe8f08dc0d94b3c50191.php:179]
[ error ] [8]未定义变量: CurPlatform[/private/var/www/html/runtime/temp/0be411da76eabe8f08dc0d94b3c50191.php:213]
[ error ] [8]未定义变量: Warning[/private/var/www/html/runtime/temp/0be411da76eabe8f08dc0d94b3c50191.php:261]
[ error ] [8]未定义变量: Warning[/private/var/www/html/runtime/temp/0be411da76eabe8f08dc0d94b3c50191.php:267]
---------------------------------------------------------------
[ 2019-03-20T22:44:01+08:00 ] 127.0.0.1 GET 127.0.0.1/SafetyMng/CheckTask/Index.html
[运行时间：0.034125s] [吞吐率：29.30req/s] [内存消耗：2,567.09kb] [文件加载：58]
[ info ] [ LANG ] /private/var/www/html/thinkphp/lang/zh-cn.php
[ info ] [ ROUTE ] array (
  'type' => 'module',
  'module' => 
  array (
    0 => 'SafetyMng',
    1 => 'CheckTask',
    2 => 'Index',
  ),
)
[ info ] [ HEADER ] array (
  'cookie' => 'PHPSESSID=8cfn933obqbqrgtkdfrhfbqb3a',
  'accept-language' => 'zh-CN,zh;q=0.9,en;q=0.8',
  'accept-encoding' => 'gzip, deflate, br',
  'referer' => 'http://127.0.0.1/SafetyMng/CheckTBMng/Index.html',
  'accept' => 'text/html,application/xhtml+xml,application/xml;q=0.9,image/webp,image/apng,*/*;q=0.8',
  'user-agent' => 'Mozilla/5.0 (Macintosh; Intel Mac OS X 10_13_6) AppleWebKit/537.36 (KHTML, like Gecko) Chrome/72.0.3626.121 Safari/537.36',
  'upgrade-insecure-requests' => '1',
  'cache-control' => 'max-age=0',
  'connection' => 'keep-alive',
  'host' => '127.0.0.1',
  'content-type' => '',
  'content-length' => '',
)
[ info ] [ PARAM ] array (
)
[ info ] [ SESSION ] INIT array (
  'id' => '',
  'var_session_id' => '',
  'prefix' => 'think',
  'type' => '',
  'auto_start' => true,
)
[ info ] [ RUN ] app\safetymng\controller\CheckTask->index[ /private/var/www/html/application/safetymng/controller/CheckTask.php ]
[ info ] [ DB ] INIT mysql
[ info ] [ VIEW ] /private/var/www/html/public/../application/safetymng/view/CheckTask/index.html [ array (
  0 => 'UserList',
  1 => 'QuestionSource',
) ]
[ info ] [ LOG ] INIT File
[ sql ] [ DB ] CONNECT:[ UseTime:0.000616s ] mysql:host=127.0.0.1;dbname=SafetyMng;charset=utf8
[ sql ] [ SQL ] SHOW COLUMNS FROM `UserList` [ RunTime:0.000919s ]
[ sql ] [ SQL ] SELECT * FROM `UserList` WHERE  `Corp` = '质检科' [ RunTime:0.000632s ]
[ sql ] [ SQL ] SHOW COLUMNS FROM `QuestionSource` [ RunTime:0.000874s ]
[ sql ] [ SQL ] SELECT * FROM `QuestionSource` [ RunTime:0.000529s ]
[ error ] [8]未定义变量: CurPlatform[/private/var/www/html/runtime/temp/0be411da76eabe8f08dc0d94b3c50191.php:179]
[ error ] [8]未定义变量: CurPlatform[/private/var/www/html/runtime/temp/0be411da76eabe8f08dc0d94b3c50191.php:213]
[ error ] [8]未定义变量: Warning[/private/var/www/html/runtime/temp/0be411da76eabe8f08dc0d94b3c50191.php:261]
[ error ] [8]未定义变量: Warning[/private/var/www/html/runtime/temp/0be411da76eabe8f08dc0d94b3c50191.php:267]
---------------------------------------------------------------
[ 2019-03-20T22:48:13+08:00 ] 127.0.0.1 GET 127.0.0.1/SafetyMng/CheckTask/Index.html
[运行时间：0.100054s] [吞吐率：9.99req/s] [内存消耗：2,567.80kb] [文件加载：58]
[ info ] [ LANG ] /private/var/www/html/thinkphp/lang/zh-cn.php
[ info ] [ ROUTE ] array (
  'type' => 'module',
  'module' => 
  array (
    0 => 'SafetyMng',
    1 => 'CheckTask',
    2 => 'Index',
  ),
)
[ info ] [ HEADER ] array (
  'cookie' => 'PHPSESSID=8cfn933obqbqrgtkdfrhfbqb3a',
  'accept-language' => 'zh-CN,zh;q=0.9,en;q=0.8',
  'accept-encoding' => 'gzip, deflate, br',
  'referer' => 'http://127.0.0.1/SafetyMng/CheckTBMng/Index.html',
  'accept' => 'text/html,application/xhtml+xml,application/xml;q=0.9,image/webp,image/apng,*/*;q=0.8',
  'user-agent' => 'Mozilla/5.0 (Macintosh; Intel Mac OS X 10_13_6) AppleWebKit/537.36 (KHTML, like Gecko) Chrome/72.0.3626.121 Safari/537.36',
  'upgrade-insecure-requests' => '1',
  'cache-control' => 'max-age=0',
  'connection' => 'keep-alive',
  'host' => '127.0.0.1',
  'content-type' => '',
  'content-length' => '',
)
[ info ] [ PARAM ] array (
)
[ info ] [ SESSION ] INIT array (
  'id' => '',
  'var_session_id' => '',
  'prefix' => 'think',
  'type' => '',
  'auto_start' => true,
)
[ info ] [ RUN ] app\safetymng\controller\CheckTask->index[ /private/var/www/html/application/safetymng/controller/CheckTask.php ]
[ info ] [ DB ] INIT mysql
[ info ] [ VIEW ] /private/var/www/html/public/../application/safetymng/view/CheckTask/index.html [ array (
  0 => 'UserList',
  1 => 'QuestionSource',
  2 => 'Today',
) ]
[ info ] [ LOG ] INIT File
[ sql ] [ DB ] CONNECT:[ UseTime:0.002841s ] mysql:host=127.0.0.1;dbname=SafetyMng;charset=utf8
[ sql ] [ SQL ] SHOW COLUMNS FROM `UserList` [ RunTime:0.001361s ]
[ sql ] [ SQL ] SELECT * FROM `UserList` WHERE  `Corp` = '质检科' [ RunTime:0.000718s ]
[ sql ] [ SQL ] SHOW COLUMNS FROM `QuestionSource` [ RunTime:0.000874s ]
[ sql ] [ SQL ] SELECT * FROM `QuestionSource` [ RunTime:0.000483s ]
[ error ] [8]未定义变量: CurPlatform[/private/var/www/html/runtime/temp/0be411da76eabe8f08dc0d94b3c50191.php:179]
[ error ] [8]未定义变量: CurPlatform[/private/var/www/html/runtime/temp/0be411da76eabe8f08dc0d94b3c50191.php:213]
[ error ] [8]未定义变量: Warning[/private/var/www/html/runtime/temp/0be411da76eabe8f08dc0d94b3c50191.php:261]
[ error ] [8]未定义变量: Warning[/private/var/www/html/runtime/temp/0be411da76eabe8f08dc0d94b3c50191.php:267]
---------------------------------------------------------------
[ 2019-03-20T22:57:43+08:00 ] 127.0.0.1 GET 127.0.0.1/SafetyMng/CheckTask/Index.html
[运行时间：0.107622s] [吞吐率：9.29req/s] [内存消耗：2,568.36kb] [文件加载：58]
[ info ] [ LANG ] /private/var/www/html/thinkphp/lang/zh-cn.php
[ info ] [ ROUTE ] array (
  'type' => 'module',
  'module' => 
  array (
    0 => 'SafetyMng',
    1 => 'CheckTask',
    2 => 'Index',
  ),
)
[ info ] [ HEADER ] array (
  'cookie' => 'PHPSESSID=8cfn933obqbqrgtkdfrhfbqb3a',
  'accept-language' => 'zh-CN,zh;q=0.9,en;q=0.8',
  'accept-encoding' => 'gzip, deflate, br',
  'referer' => 'http://127.0.0.1/SafetyMng/CheckTBMng/Index.html',
  'accept' => 'text/html,application/xhtml+xml,application/xml;q=0.9,image/webp,image/apng,*/*;q=0.8',
  'user-agent' => 'Mozilla/5.0 (Macintosh; Intel Mac OS X 10_13_6) AppleWebKit/537.36 (KHTML, like Gecko) Chrome/72.0.3626.121 Safari/537.36',
  'upgrade-insecure-requests' => '1',
  'cache-control' => 'max-age=0',
  'connection' => 'keep-alive',
  'host' => '127.0.0.1',
  'content-type' => '',
  'content-length' => '',
)
[ info ] [ PARAM ] array (
)
[ info ] [ SESSION ] INIT array (
  'id' => '',
  'var_session_id' => '',
  'prefix' => 'think',
  'type' => '',
  'auto_start' => true,
)
[ info ] [ RUN ] app\safetymng\controller\CheckTask->index[ /private/var/www/html/application/safetymng/controller/CheckTask.php ]
[ info ] [ DB ] INIT mysql
[ info ] [ VIEW ] /private/var/www/html/public/../application/safetymng/view/CheckTask/index.html [ array (
  0 => 'UserList',
  1 => 'QuestionSource',
  2 => 'Today',
) ]
[ info ] [ LOG ] INIT File
[ sql ] [ DB ] CONNECT:[ UseTime:0.002927s ] mysql:host=127.0.0.1;dbname=SafetyMng;charset=utf8
[ sql ] [ SQL ] SHOW COLUMNS FROM `UserList` [ RunTime:0.001086s ]
[ sql ] [ SQL ] SELECT * FROM `UserList` WHERE  `Corp` = '质检科' [ RunTime:0.000619s ]
[ sql ] [ SQL ] SHOW COLUMNS FROM `QuestionSource` [ RunTime:0.001069s ]
[ sql ] [ SQL ] SELECT * FROM `QuestionSource` [ RunTime:0.000415s ]
[ error ] [8]未定义变量: CurPlatform[/private/var/www/html/runtime/temp/0be411da76eabe8f08dc0d94b3c50191.php:179]
[ error ] [8]未定义变量: CurPlatform[/private/var/www/html/runtime/temp/0be411da76eabe8f08dc0d94b3c50191.php:213]
[ error ] [8]未定义变量: Warning[/private/var/www/html/runtime/temp/0be411da76eabe8f08dc0d94b3c50191.php:261]
[ error ] [8]未定义变量: Warning[/private/var/www/html/runtime/temp/0be411da76eabe8f08dc0d94b3c50191.php:267]
---------------------------------------------------------------
[ 2019-03-20T22:58:07+08:00 ] 127.0.0.1 GET 127.0.0.1/SafetyMng/CheckTask/Index.html
[运行时间：0.109801s] [吞吐率：9.11req/s] [内存消耗：2,568.48kb] [文件加载：58]
[ info ] [ LANG ] /private/var/www/html/thinkphp/lang/zh-cn.php
[ info ] [ ROUTE ] array (
  'type' => 'module',
  'module' => 
  array (
    0 => 'SafetyMng',
    1 => 'CheckTask',
    2 => 'Index',
  ),
)
[ info ] [ HEADER ] array (
  'cookie' => 'PHPSESSID=8cfn933obqbqrgtkdfrhfbqb3a',
  'accept-language' => 'zh-CN,zh;q=0.9,en;q=0.8',
  'accept-encoding' => 'gzip, deflate, br',
  'referer' => 'http://127.0.0.1/SafetyMng/CheckTBMng/Index.html',
  'accept' => 'text/html,application/xhtml+xml,application/xml;q=0.9,image/webp,image/apng,*/*;q=0.8',
  'user-agent' => 'Mozilla/5.0 (Macintosh; Intel Mac OS X 10_13_6) AppleWebKit/537.36 (KHTML, like Gecko) Chrome/72.0.3626.121 Safari/537.36',
  'upgrade-insecure-requests' => '1',
  'cache-control' => 'max-age=0',
  'connection' => 'keep-alive',
  'host' => '127.0.0.1',
  'content-type' => '',
  'content-length' => '',
)
[ info ] [ PARAM ] array (
)
[ info ] [ SESSION ] INIT array (
  'id' => '',
  'var_session_id' => '',
  'prefix' => 'think',
  'type' => '',
  'auto_start' => true,
)
[ info ] [ RUN ] app\safetymng\controller\CheckTask->index[ /private/var/www/html/application/safetymng/controller/CheckTask.php ]
[ info ] [ DB ] INIT mysql
[ info ] [ VIEW ] /private/var/www/html/public/../application/safetymng/view/CheckTask/index.html [ array (
  0 => 'UserList',
  1 => 'QuestionSource',
  2 => 'Today',
) ]
[ info ] [ LOG ] INIT File
[ sql ] [ DB ] CONNECT:[ UseTime:0.001038s ] mysql:host=127.0.0.1;dbname=SafetyMng;charset=utf8
[ sql ] [ SQL ] SHOW COLUMNS FROM `UserList` [ RunTime:0.001400s ]
[ sql ] [ SQL ] SELECT * FROM `UserList` WHERE  `Corp` = '质检科' [ RunTime:0.000949s ]
[ sql ] [ SQL ] SHOW COLUMNS FROM `QuestionSource` [ RunTime:0.001014s ]
[ sql ] [ SQL ] SELECT * FROM `QuestionSource` [ RunTime:0.000516s ]
[ error ] [8]未定义变量: CurPlatform[/private/var/www/html/runtime/temp/0be411da76eabe8f08dc0d94b3c50191.php:179]
[ error ] [8]未定义变量: CurPlatform[/private/var/www/html/runtime/temp/0be411da76eabe8f08dc0d94b3c50191.php:213]
[ error ] [8]未定义变量: Warning[/private/var/www/html/runtime/temp/0be411da76eabe8f08dc0d94b3c50191.php:261]
[ error ] [8]未定义变量: Warning[/private/var/www/html/runtime/temp/0be411da76eabe8f08dc0d94b3c50191.php:267]
---------------------------------------------------------------
[ 2019-03-20T22:58:32+08:00 ] 127.0.0.1 GET 127.0.0.1/SafetyMng/CheckTask/Index.html
[运行时间：0.048145s] [吞吐率：20.77req/s] [内存消耗：2,567.02kb] [文件加载：58]
[ info ] [ LANG ] /private/var/www/html/thinkphp/lang/zh-cn.php
[ info ] [ ROUTE ] array (
  'type' => 'module',
  'module' => 
  array (
    0 => 'SafetyMng',
    1 => 'CheckTask',
    2 => 'Index',
  ),
)
[ info ] [ HEADER ] array (
  'cookie' => 'PHPSESSID=8cfn933obqbqrgtkdfrhfbqb3a',
  'accept-language' => 'zh-CN,zh;q=0.9,en;q=0.8',
  'accept-encoding' => 'gzip, deflate, br',
  'referer' => 'http://127.0.0.1/SafetyMng/CheckTBMng/Index.html',
  'accept' => 'text/html,application/xhtml+xml,application/xml;q=0.9,image/webp,image/apng,*/*;q=0.8',
  'user-agent' => 'Mozilla/5.0 (Macintosh; Intel Mac OS X 10_13_6) AppleWebKit/537.36 (KHTML, like Gecko) Chrome/72.0.3626.121 Safari/537.36',
  'upgrade-insecure-requests' => '1',
  'connection' => 'keep-alive',
  'host' => '127.0.0.1',
  'content-type' => '',
  'content-length' => '',
)
[ info ] [ PARAM ] array (
)
[ info ] [ SESSION ] INIT array (
  'id' => '',
  'var_session_id' => '',
  'prefix' => 'think',
  'type' => '',
  'auto_start' => true,
)
[ info ] [ RUN ] app\safetymng\controller\CheckTask->index[ /private/var/www/html/application/safetymng/controller/CheckTask.php ]
[ info ] [ DB ] INIT mysql
[ info ] [ VIEW ] /private/var/www/html/public/../application/safetymng/view/CheckTask/index.html [ array (
  0 => 'UserList',
  1 => 'QuestionSource',
  2 => 'Today',
) ]
[ info ] [ LOG ] INIT File
[ sql ] [ DB ] CONNECT:[ UseTime:0.000623s ] mysql:host=127.0.0.1;dbname=SafetyMng;charset=utf8
[ sql ] [ SQL ] SHOW COLUMNS FROM `UserList` [ RunTime:0.000941s ]
[ sql ] [ SQL ] SELECT * FROM `UserList` WHERE  `Corp` = '质检科' [ RunTime:0.000624s ]
[ sql ] [ SQL ] SHOW COLUMNS FROM `QuestionSource` [ RunTime:0.000843s ]
[ sql ] [ SQL ] SELECT * FROM `QuestionSource` [ RunTime:0.000436s ]
[ error ] [8]未定义变量: CurPlatform[/private/var/www/html/runtime/temp/0be411da76eabe8f08dc0d94b3c50191.php:179]
[ error ] [8]未定义变量: CurPlatform[/private/var/www/html/runtime/temp/0be411da76eabe8f08dc0d94b3c50191.php:213]
[ error ] [8]未定义变量: Warning[/private/var/www/html/runtime/temp/0be411da76eabe8f08dc0d94b3c50191.php:261]
[ error ] [8]未定义变量: Warning[/private/var/www/html/runtime/temp/0be411da76eabe8f08dc0d94b3c50191.php:267]
---------------------------------------------------------------
[ 2019-03-20T22:58:34+08:00 ] 127.0.0.1 GET 127.0.0.1/SafetyMng/CheckTask/Index.html
[运行时间：0.031974s] [吞吐率：31.28req/s] [内存消耗：2,406.02kb] [文件加载：56]
[ info ] [ LANG ] /private/var/www/html/thinkphp/lang/zh-cn.php
[ info ] [ ROUTE ] array (
  'type' => 'module',
  'module' => 
  array (
    0 => 'SafetyMng',
    1 => 'CheckTask',
    2 => 'Index',
  ),
)
[ info ] [ HEADER ] array (
  'cookie' => 'PHPSESSID=8cfn933obqbqrgtkdfrhfbqb3a',
  'accept-language' => 'zh-CN,zh;q=0.9,en;q=0.8',
  'accept-encoding' => 'gzip, deflate, br',
  'referer' => 'http://127.0.0.1/SafetyMng/CheckTBMng/Index.html',
  'accept' => 'text/html,application/xhtml+xml,application/xml;q=0.9,image/webp,image/apng,*/*;q=0.8',
  'user-agent' => 'Mozilla/5.0 (Macintosh; Intel Mac OS X 10_13_6) AppleWebKit/537.36 (KHTML, like Gecko) Chrome/72.0.3626.121 Safari/537.36',
  'upgrade-insecure-requests' => '1',
  'cache-control' => 'max-age=0',
  'connection' => 'keep-alive',
  'host' => '127.0.0.1',
  'content-type' => '',
  'content-length' => '',
)
[ info ] [ PARAM ] array (
)
[ info ] [ SESSION ] INIT array (
  'id' => '',
  'var_session_id' => '',
  'prefix' => 'think',
  'type' => '',
  'auto_start' => true,
)
[ info ] [ RUN ] app\safetymng\controller\CheckTask->index[ /private/var/www/html/application/safetymng/controller/CheckTask.php ]
[ info ] [ DB ] INIT mysql
[ info ] [ VIEW ] /private/var/www/html/public/../application/safetymng/view/CheckTask/index.html [ array (
  0 => 'UserList',
  1 => 'QuestionSource',
  2 => 'Today',
) ]
[ info ] [ LOG ] INIT File
[ sql ] [ DB ] CONNECT:[ UseTime:0.001006s ] mysql:host=127.0.0.1;dbname=SafetyMng;charset=utf8
[ sql ] [ SQL ] SHOW COLUMNS FROM `UserList` [ RunTime:0.001241s ]
[ sql ] [ SQL ] SELECT * FROM `UserList` WHERE  `Corp` = '质检科' [ RunTime:0.000798s ]
[ sql ] [ SQL ] SHOW COLUMNS FROM `QuestionSource` [ RunTime:0.001036s ]
[ sql ] [ SQL ] SELECT * FROM `QuestionSource` [ RunTime:0.000531s ]
[ error ] [8]未定义变量: CurPlatform[/private/var/www/html/runtime/temp/0be411da76eabe8f08dc0d94b3c50191.php:179]
[ error ] [8]未定义变量: CurPlatform[/private/var/www/html/runtime/temp/0be411da76eabe8f08dc0d94b3c50191.php:213]
[ error ] [8]未定义变量: Warning[/private/var/www/html/runtime/temp/0be411da76eabe8f08dc0d94b3c50191.php:261]
[ error ] [8]未定义变量: Warning[/private/var/www/html/runtime/temp/0be411da76eabe8f08dc0d94b3c50191.php:267]
---------------------------------------------------------------
[ 2019-03-20T22:59:12+08:00 ] 127.0.0.1 GET 127.0.0.1/SafetyMng/CheckTask/Index.html
[运行时间：0.097877s] [吞吐率：10.22req/s] [内存消耗：2,568.67kb] [文件加载：58]
[ info ] [ LANG ] /private/var/www/html/thinkphp/lang/zh-cn.php
[ info ] [ ROUTE ] array (
  'type' => 'module',
  'module' => 
  array (
    0 => 'SafetyMng',
    1 => 'CheckTask',
    2 => 'Index',
  ),
)
[ info ] [ HEADER ] array (
  'cookie' => 'PHPSESSID=8cfn933obqbqrgtkdfrhfbqb3a',
  'accept-language' => 'zh-CN,zh;q=0.9,en;q=0.8',
  'accept-encoding' => 'gzip, deflate, br',
  'referer' => 'http://127.0.0.1/SafetyMng/CheckTBMng/Index.html',
  'accept' => 'text/html,application/xhtml+xml,application/xml;q=0.9,image/webp,image/apng,*/*;q=0.8',
  'user-agent' => 'Mozilla/5.0 (Macintosh; Intel Mac OS X 10_13_6) AppleWebKit/537.36 (KHTML, like Gecko) Chrome/72.0.3626.121 Safari/537.36',
  'upgrade-insecure-requests' => '1',
  'cache-control' => 'max-age=0',
  'connection' => 'keep-alive',
  'host' => '127.0.0.1',
  'content-type' => '',
  'content-length' => '',
)
[ info ] [ PARAM ] array (
)
[ info ] [ SESSION ] INIT array (
  'id' => '',
  'var_session_id' => '',
  'prefix' => 'think',
  'type' => '',
  'auto_start' => true,
)
[ info ] [ RUN ] app\safetymng\controller\CheckTask->index[ /private/var/www/html/application/safetymng/controller/CheckTask.php ]
[ info ] [ DB ] INIT mysql
[ info ] [ VIEW ] /private/var/www/html/public/../application/safetymng/view/CheckTask/index.html [ array (
  0 => 'UserList',
  1 => 'QuestionSource',
  2 => 'Today',
) ]
[ info ] [ LOG ] INIT File
[ sql ] [ DB ] CONNECT:[ UseTime:0.002203s ] mysql:host=127.0.0.1;dbname=SafetyMng;charset=utf8
[ sql ] [ SQL ] SHOW COLUMNS FROM `UserList` [ RunTime:0.000974s ]
[ sql ] [ SQL ] SELECT * FROM `UserList` WHERE  `Corp` = '质检科' [ RunTime:0.000641s ]
[ sql ] [ SQL ] SHOW COLUMNS FROM `QuestionSource` [ RunTime:0.000819s ]
[ sql ] [ SQL ] SELECT * FROM `QuestionSource` [ RunTime:0.000596s ]
[ error ] [8]未定义变量: CurPlatform[/private/var/www/html/runtime/temp/0be411da76eabe8f08dc0d94b3c50191.php:179]
[ error ] [8]未定义变量: CurPlatform[/private/var/www/html/runtime/temp/0be411da76eabe8f08dc0d94b3c50191.php:213]
[ error ] [8]未定义变量: Warning[/private/var/www/html/runtime/temp/0be411da76eabe8f08dc0d94b3c50191.php:262]
[ error ] [8]未定义变量: Warning[/private/var/www/html/runtime/temp/0be411da76eabe8f08dc0d94b3c50191.php:268]
---------------------------------------------------------------
[ 2019-03-20T22:59:18+08:00 ] 127.0.0.1 POST 127.0.0.1/SafetyMng/CheckTask/CreateCheckTask
[运行时间：0.021491s] [吞吐率：46.53req/s] [内存消耗：1,538.46kb] [文件加载：44]
[ info ] [ LANG ] /private/var/www/html/thinkphp/lang/zh-cn.php
[ info ] [ ROUTE ] array (
  'type' => 'module',
  'module' => 
  array (
    0 => 'SafetyMng',
    1 => 'CheckTask',
    2 => 'CreateCheckTask',
  ),
)
[ info ] [ HEADER ] array (
  'cookie' => 'PHPSESSID=8cfn933obqbqrgtkdfrhfbqb3a',
  'accept-language' => 'zh-CN,zh;q=0.9,en;q=0.8',
  'accept-encoding' => 'gzip, deflate, br',
  'referer' => 'http://127.0.0.1/SafetyMng/CheckTask/Index.html',
  'accept' => 'text/html,application/xhtml+xml,application/xml;q=0.9,image/webp,image/apng,*/*;q=0.8',
  'user-agent' => 'Mozilla/5.0 (Macintosh; Intel Mac OS X 10_13_6) AppleWebKit/537.36 (KHTML, like Gecko) Chrome/72.0.3626.121 Safari/537.36',
  'content-type' => 'application/x-www-form-urlencoded',
  'upgrade-insecure-requests' => '1',
  'origin' => 'http://127.0.0.1',
  'cache-control' => 'max-age=0',
  'content-length' => '110',
  'connection' => 'keep-alive',
  'host' => '127.0.0.1',
)
[ info ] [ PARAM ] array (
  'TaskName' => 'dsafasd',
  'TaskLeader' => 'vo.id',
  'CheckSource' => 'vo.CodePre',
  'TaskPartner' => 'vo.id',
)
[ info ] [ SESSION ] INIT array (
  'id' => '',
  'var_session_id' => '',
  'prefix' => 'think',
  'type' => '',
  'auto_start' => true,
)
[ info ] [ RUN ] app\safetymng\controller\CheckTask->CreateCheckTask[ /private/var/www/html/application/safetymng/controller/CheckTask.php ]
[ info ] [ LOG ] INIT File
---------------------------------------------------------------
[ 2019-03-20T22:59:32+08:00 ] 127.0.0.1 GET 127.0.0.1/SafetyMng/CheckTask/Index.html
[运行时间：0.082611s] [吞吐率：12.10req/s] [内存消耗：2,567.21kb] [文件加载：58]
[ info ] [ LANG ] /private/var/www/html/thinkphp/lang/zh-cn.php
[ info ] [ ROUTE ] array (
  'type' => 'module',
  'module' => 
  array (
    0 => 'SafetyMng',
    1 => 'CheckTask',
    2 => 'Index',
  ),
)
[ info ] [ HEADER ] array (
  'cookie' => 'PHPSESSID=8cfn933obqbqrgtkdfrhfbqb3a',
  'accept-language' => 'zh-CN,zh;q=0.9,en;q=0.8',
  'accept-encoding' => 'gzip, deflate, br',
  'referer' => 'http://127.0.0.1/SafetyMng/CheckTBMng/Index.html',
  'accept' => 'text/html,application/xhtml+xml,application/xml;q=0.9,image/webp,image/apng,*/*;q=0.8',
  'user-agent' => 'Mozilla/5.0 (Macintosh; Intel Mac OS X 10_13_6) AppleWebKit/537.36 (KHTML, like Gecko) Chrome/72.0.3626.121 Safari/537.36',
  'upgrade-insecure-requests' => '1',
  'connection' => 'keep-alive',
  'host' => '127.0.0.1',
  'content-type' => '',
  'content-length' => '',
)
[ info ] [ PARAM ] array (
)
[ info ] [ SESSION ] INIT array (
  'id' => '',
  'var_session_id' => '',
  'prefix' => 'think',
  'type' => '',
  'auto_start' => true,
)
[ info ] [ RUN ] app\safetymng\controller\CheckTask->index[ /private/var/www/html/application/safetymng/controller/CheckTask.php ]
[ info ] [ DB ] INIT mysql
[ info ] [ VIEW ] /private/var/www/html/public/../application/safetymng/view/CheckTask/index.html [ array (
  0 => 'UserList',
  1 => 'QuestionSource',
  2 => 'Today',
) ]
[ info ] [ LOG ] INIT File
[ sql ] [ DB ] CONNECT:[ UseTime:0.000585s ] mysql:host=127.0.0.1;dbname=SafetyMng;charset=utf8
[ sql ] [ SQL ] SHOW COLUMNS FROM `UserList` [ RunTime:0.001106s ]
[ sql ] [ SQL ] SELECT * FROM `UserList` WHERE  `Corp` = '质检科' [ RunTime:0.000767s ]
[ sql ] [ SQL ] SHOW COLUMNS FROM `QuestionSource` [ RunTime:0.000761s ]
[ sql ] [ SQL ] SELECT * FROM `QuestionSource` [ RunTime:0.000500s ]
[ error ] [8]未定义变量: CurPlatform[/private/var/www/html/runtime/temp/0be411da76eabe8f08dc0d94b3c50191.php:179]
[ error ] [8]未定义变量: CurPlatform[/private/var/www/html/runtime/temp/0be411da76eabe8f08dc0d94b3c50191.php:213]
[ error ] [8]未定义变量: Warning[/private/var/www/html/runtime/temp/0be411da76eabe8f08dc0d94b3c50191.php:262]
[ error ] [8]未定义变量: Warning[/private/var/www/html/runtime/temp/0be411da76eabe8f08dc0d94b3c50191.php:268]
---------------------------------------------------------------
[ 2019-03-20T22:59:39+08:00 ] 127.0.0.1 POST 127.0.0.1/SafetyMng/CheckTask/CreateCheckTask
[运行时间：0.020674s] [吞吐率：48.37req/s] [内存消耗：1,538.49kb] [文件加载：44]
[ info ] [ LANG ] /private/var/www/html/thinkphp/lang/zh-cn.php
[ info ] [ ROUTE ] array (
  'type' => 'module',
  'module' => 
  array (
    0 => 'SafetyMng',
    1 => 'CheckTask',
    2 => 'CreateCheckTask',
  ),
)
[ info ] [ HEADER ] array (
  'cookie' => 'PHPSESSID=8cfn933obqbqrgtkdfrhfbqb3a',
  'accept-language' => 'zh-CN,zh;q=0.9,en;q=0.8',
  'accept-encoding' => 'gzip, deflate, br',
  'referer' => 'http://127.0.0.1/SafetyMng/CheckTask/Index.html',
  'accept' => 'text/html,application/xhtml+xml,application/xml;q=0.9,image/webp,image/apng,*/*;q=0.8',
  'user-agent' => 'Mozilla/5.0 (Macintosh; Intel Mac OS X 10_13_6) AppleWebKit/537.36 (KHTML, like Gecko) Chrome/72.0.3626.121 Safari/537.36',
  'content-type' => 'application/x-www-form-urlencoded',
  'upgrade-insecure-requests' => '1',
  'origin' => 'http://127.0.0.1',
  'cache-control' => 'max-age=0',
  'content-length' => '125',
  'connection' => 'keep-alive',
  'host' => '127.0.0.1',
)
[ info ] [ PARAM ] array (
  'TaskName' => 'dsafasd',
  'TaskLeader' => '$vo.id',
  'CheckSource' => '$vo.CodePre',
  'TaskPartner' => '$vo.id',
)
[ info ] [ SESSION ] INIT array (
  'id' => '',
  'var_session_id' => '',
  'prefix' => 'think',
  'type' => '',
  'auto_start' => true,
)
[ info ] [ RUN ] app\safetymng\controller\CheckTask->CreateCheckTask[ /private/var/www/html/application/safetymng/controller/CheckTask.php ]
[ info ] [ LOG ] INIT File
---------------------------------------------------------------
[ 2019-03-20T22:59:56+08:00 ] 127.0.0.1 GET 127.0.0.1/SafetyMng/CheckTask/Index.html
[运行时间：0.035947s] [吞吐率：27.82req/s] [内存消耗：2,567.32kb] [文件加载：58]
[ info ] [ LANG ] /private/var/www/html/thinkphp/lang/zh-cn.php
[ info ] [ ROUTE ] array (
  'type' => 'module',
  'module' => 
  array (
    0 => 'SafetyMng',
    1 => 'CheckTask',
    2 => 'Index',
  ),
)
[ info ] [ HEADER ] array (
  'cookie' => 'PHPSESSID=8cfn933obqbqrgtkdfrhfbqb3a',
  'accept-language' => 'zh-CN,zh;q=0.9,en;q=0.8',
  'accept-encoding' => 'gzip, deflate, br',
  'referer' => 'http://127.0.0.1/SafetyMng/CheckTBMng/Index.html',
  'accept' => 'text/html,application/xhtml+xml,application/xml;q=0.9,image/webp,image/apng,*/*;q=0.8',
  'user-agent' => 'Mozilla/5.0 (Macintosh; Intel Mac OS X 10_13_6) AppleWebKit/537.36 (KHTML, like Gecko) Chrome/72.0.3626.121 Safari/537.36',
  'upgrade-insecure-requests' => '1',
  'connection' => 'keep-alive',
  'host' => '127.0.0.1',
  'content-type' => '',
  'content-length' => '',
)
[ info ] [ PARAM ] array (
)
[ info ] [ SESSION ] INIT array (
  'id' => '',
  'var_session_id' => '',
  'prefix' => 'think',
  'type' => '',
  'auto_start' => true,
)
[ info ] [ RUN ] app\safetymng\controller\CheckTask->index[ /private/var/www/html/application/safetymng/controller/CheckTask.php ]
[ info ] [ DB ] INIT mysql
[ info ] [ VIEW ] /private/var/www/html/public/../application/safetymng/view/CheckTask/index.html [ array (
  0 => 'UserList',
  1 => 'QuestionSource',
  2 => 'Today',
) ]
[ info ] [ LOG ] INIT File
[ sql ] [ DB ] CONNECT:[ UseTime:0.000623s ] mysql:host=127.0.0.1;dbname=SafetyMng;charset=utf8
[ sql ] [ SQL ] SHOW COLUMNS FROM `UserList` [ RunTime:0.001345s ]
[ sql ] [ SQL ] SELECT * FROM `UserList` WHERE  `Corp` = '质检科' [ RunTime:0.001636s ]
[ sql ] [ SQL ] SHOW COLUMNS FROM `QuestionSource` [ RunTime:0.001042s ]
[ sql ] [ SQL ] SELECT * FROM `QuestionSource` [ RunTime:0.000538s ]
[ error ] [8]未定义变量: CurPlatform[/private/var/www/html/runtime/temp/0be411da76eabe8f08dc0d94b3c50191.php:179]
[ error ] [8]未定义变量: CurPlatform[/private/var/www/html/runtime/temp/0be411da76eabe8f08dc0d94b3c50191.php:213]
[ error ] [8]未定义变量: Warning[/private/var/www/html/runtime/temp/0be411da76eabe8f08dc0d94b3c50191.php:262]
[ error ] [8]未定义变量: Warning[/private/var/www/html/runtime/temp/0be411da76eabe8f08dc0d94b3c50191.php:268]
---------------------------------------------------------------
[ 2019-03-20T23:00:02+08:00 ] 127.0.0.1 POST 127.0.0.1/SafetyMng/CheckTask/CreateCheckTask
[运行时间：0.022420s] [吞吐率：44.60req/s] [内存消耗：1,538.40kb] [文件加载：44]
[ info ] [ LANG ] /private/var/www/html/thinkphp/lang/zh-cn.php
[ info ] [ ROUTE ] array (
  'type' => 'module',
  'module' => 
  array (
    0 => 'SafetyMng',
    1 => 'CheckTask',
    2 => 'CreateCheckTask',
  ),
)
[ info ] [ HEADER ] array (
  'cookie' => 'PHPSESSID=8cfn933obqbqrgtkdfrhfbqb3a',
  'accept-language' => 'zh-CN,zh;q=0.9,en;q=0.8',
  'accept-encoding' => 'gzip, deflate, br',
  'referer' => 'http://127.0.0.1/SafetyMng/CheckTask/Index.html',
  'accept' => 'text/html,application/xhtml+xml,application/xml;q=0.9,image/webp,image/apng,*/*;q=0.8',
  'user-agent' => 'Mozilla/5.0 (Macintosh; Intel Mac OS X 10_13_6) AppleWebKit/537.36 (KHTML, like Gecko) Chrome/72.0.3626.121 Safari/537.36',
  'content-type' => 'application/x-www-form-urlencoded',
  'upgrade-insecure-requests' => '1',
  'origin' => 'http://127.0.0.1',
  'cache-control' => 'max-age=0',
  'content-length' => '95',
  'connection' => 'keep-alive',
  'host' => '127.0.0.1',
)
[ info ] [ PARAM ] array (
  'TaskName' => 'dsafasd',
  'TaskLeader' => '83',
  'CheckSource' => 'RCJC',
  'TaskPartner' => '125',
)
[ info ] [ SESSION ] INIT array (
  'id' => '',
  'var_session_id' => '',
  'prefix' => 'think',
  'type' => '',
  'auto_start' => true,
)
[ info ] [ RUN ] app\safetymng\controller\CheckTask->CreateCheckTask[ /private/var/www/html/application/safetymng/controller/CheckTask.php ]
[ info ] [ LOG ] INIT File
---------------------------------------------------------------
[ 2019-03-20T23:00:22+08:00 ] 127.0.0.1 GET 127.0.0.1/SafetyMng/CheckTask/Index.html
[运行时间：0.035348s] [吞吐率：28.29req/s] [内存消耗：2,567.25kb] [文件加载：58]
[ info ] [ LANG ] /private/var/www/html/thinkphp/lang/zh-cn.php
[ info ] [ ROUTE ] array (
  'type' => 'module',
  'module' => 
  array (
    0 => 'SafetyMng',
    1 => 'CheckTask',
    2 => 'Index',
  ),
)
[ info ] [ HEADER ] array (
  'cookie' => 'PHPSESSID=8cfn933obqbqrgtkdfrhfbqb3a',
  'accept-language' => 'zh-CN,zh;q=0.9,en;q=0.8',
  'accept-encoding' => 'gzip, deflate, br',
  'referer' => 'http://127.0.0.1/SafetyMng/CheckTBMng/Index.html',
  'accept' => 'text/html,application/xhtml+xml,application/xml;q=0.9,image/webp,image/apng,*/*;q=0.8',
  'user-agent' => 'Mozilla/5.0 (Macintosh; Intel Mac OS X 10_13_6) AppleWebKit/537.36 (KHTML, like Gecko) Chrome/72.0.3626.121 Safari/537.36',
  'upgrade-insecure-requests' => '1',
  'connection' => 'keep-alive',
  'host' => '127.0.0.1',
  'content-type' => '',
  'content-length' => '',
)
[ info ] [ PARAM ] array (
)
[ info ] [ SESSION ] INIT array (
  'id' => '',
  'var_session_id' => '',
  'prefix' => 'think',
  'type' => '',
  'auto_start' => true,
)
[ info ] [ RUN ] app\safetymng\controller\CheckTask->index[ /private/var/www/html/application/safetymng/controller/CheckTask.php ]
[ info ] [ DB ] INIT mysql
[ info ] [ VIEW ] /private/var/www/html/public/../application/safetymng/view/CheckTask/index.html [ array (
  0 => 'UserList',
  1 => 'QuestionSource',
  2 => 'Today',
) ]
[ info ] [ LOG ] INIT File
[ sql ] [ DB ] CONNECT:[ UseTime:0.000901s ] mysql:host=127.0.0.1;dbname=SafetyMng;charset=utf8
[ sql ] [ SQL ] SHOW COLUMNS FROM `UserList` [ RunTime:0.001590s ]
[ sql ] [ SQL ] SELECT * FROM `UserList` WHERE  `Corp` = '质检科' [ RunTime:0.000951s ]
[ sql ] [ SQL ] SHOW COLUMNS FROM `QuestionSource` [ RunTime:0.000726s ]
[ sql ] [ SQL ] SELECT * FROM `QuestionSource` [ RunTime:0.000485s ]
[ error ] [8]未定义变量: CurPlatform[/private/var/www/html/runtime/temp/0be411da76eabe8f08dc0d94b3c50191.php:179]
[ error ] [8]未定义变量: CurPlatform[/private/var/www/html/runtime/temp/0be411da76eabe8f08dc0d94b3c50191.php:213]
[ error ] [8]未定义变量: Warning[/private/var/www/html/runtime/temp/0be411da76eabe8f08dc0d94b3c50191.php:262]
[ error ] [8]未定义变量: Warning[/private/var/www/html/runtime/temp/0be411da76eabe8f08dc0d94b3c50191.php:268]
---------------------------------------------------------------
[ 2019-03-20T23:00:28+08:00 ] 127.0.0.1 POST 127.0.0.1/SafetyMng/CheckTask/CreateCheckTask
[运行时间：0.020310s] [吞吐率：49.24req/s] [内存消耗：1,538.55kb] [文件加载：44]
[ info ] [ LANG ] /private/var/www/html/thinkphp/lang/zh-cn.php
[ info ] [ ROUTE ] array (
  'type' => 'module',
  'module' => 
  array (
    0 => 'SafetyMng',
    1 => 'CheckTask',
    2 => 'CreateCheckTask',
  ),
)
[ info ] [ HEADER ] array (
  'cookie' => 'PHPSESSID=8cfn933obqbqrgtkdfrhfbqb3a',
  'accept-language' => 'zh-CN,zh;q=0.9,en;q=0.8',
  'accept-encoding' => 'gzip, deflate, br',
  'referer' => 'http://127.0.0.1/SafetyMng/CheckTask/Index.html',
  'accept' => 'text/html,application/xhtml+xml,application/xml;q=0.9,image/webp,image/apng,*/*;q=0.8',
  'user-agent' => 'Mozilla/5.0 (Macintosh; Intel Mac OS X 10_13_6) AppleWebKit/537.36 (KHTML, like Gecko) Chrome/72.0.3626.121 Safari/537.36',
  'content-type' => 'application/x-www-form-urlencoded',
  'upgrade-insecure-requests' => '1',
  'origin' => 'http://127.0.0.1',
  'cache-control' => 'max-age=0',
  'content-length' => '193',
  'connection' => 'keep-alive',
  'host' => '127.0.0.1',
)
[ info ] [ PARAM ] array (
  'TaskName' => 'dsafasd',
  'TaskLeader' => '张雪平  ',
  'CheckSource' => 'RCJC',
  'TaskPartner' => '薛鹏    ',
)
[ info ] [ SESSION ] INIT array (
  'id' => '',
  'var_session_id' => '',
  'prefix' => 'think',
  'type' => '',
  'auto_start' => true,
)
[ info ] [ RUN ] app\safetymng\controller\CheckTask->CreateCheckTask[ /private/var/www/html/application/safetymng/controller/CheckTask.php ]
[ info ] [ LOG ] INIT File
---------------------------------------------------------------
[ 2019-03-20T23:00:33+08:00 ] 127.0.0.1 GET 127.0.0.1/SafetyMng/CheckTask/Index.html
[运行时间：0.035151s] [吞吐率：28.45req/s] [内存消耗：2,404.71kb] [文件加载：56]
[ info ] [ LANG ] /private/var/www/html/thinkphp/lang/zh-cn.php
[ info ] [ ROUTE ] array (
  'type' => 'module',
  'module' => 
  array (
    0 => 'SafetyMng',
    1 => 'CheckTask',
    2 => 'Index',
  ),
)
[ info ] [ HEADER ] array (
  'cookie' => 'PHPSESSID=8cfn933obqbqrgtkdfrhfbqb3a',
  'accept-language' => 'zh-CN,zh;q=0.9,en;q=0.8',
  'accept-encoding' => 'gzip, deflate, br',
  'referer' => 'http://127.0.0.1/SafetyMng/CheckTBMng/Index.html',
  'accept' => 'text/html,application/xhtml+xml,application/xml;q=0.9,image/webp,image/apng,*/*;q=0.8',
  'user-agent' => 'Mozilla/5.0 (Macintosh; Intel Mac OS X 10_13_6) AppleWebKit/537.36 (KHTML, like Gecko) Chrome/72.0.3626.121 Safari/537.36',
  'upgrade-insecure-requests' => '1',
  'connection' => 'keep-alive',
  'host' => '127.0.0.1',
  'content-type' => '',
  'content-length' => '',
)
[ info ] [ PARAM ] array (
)
[ info ] [ SESSION ] INIT array (
  'id' => '',
  'var_session_id' => '',
  'prefix' => 'think',
  'type' => '',
  'auto_start' => true,
)
[ info ] [ RUN ] app\safetymng\controller\CheckTask->index[ /private/var/www/html/application/safetymng/controller/CheckTask.php ]
[ info ] [ DB ] INIT mysql
[ info ] [ VIEW ] /private/var/www/html/public/../application/safetymng/view/CheckTask/index.html [ array (
  0 => 'UserList',
  1 => 'QuestionSource',
  2 => 'Today',
) ]
[ info ] [ LOG ] INIT File
[ sql ] [ DB ] CONNECT:[ UseTime:0.000685s ] mysql:host=127.0.0.1;dbname=SafetyMng;charset=utf8
[ sql ] [ SQL ] SHOW COLUMNS FROM `UserList` [ RunTime:0.001612s ]
[ sql ] [ SQL ] SELECT * FROM `UserList` WHERE  `Corp` = '质检科' [ RunTime:0.001035s ]
[ sql ] [ SQL ] SHOW COLUMNS FROM `QuestionSource` [ RunTime:0.001947s ]
[ sql ] [ SQL ] SELECT * FROM `QuestionSource` [ RunTime:0.000556s ]
[ error ] [8]未定义变量: CurPlatform[/private/var/www/html/runtime/temp/0be411da76eabe8f08dc0d94b3c50191.php:179]
[ error ] [8]未定义变量: CurPlatform[/private/var/www/html/runtime/temp/0be411da76eabe8f08dc0d94b3c50191.php:213]
[ error ] [8]未定义变量: Warning[/private/var/www/html/runtime/temp/0be411da76eabe8f08dc0d94b3c50191.php:262]
[ error ] [8]未定义变量: Warning[/private/var/www/html/runtime/temp/0be411da76eabe8f08dc0d94b3c50191.php:268]
---------------------------------------------------------------
[ 2019-03-20T23:00:46+08:00 ] 127.0.0.1 GET 127.0.0.1/SafetyMng/CheckTask/CheckList
[运行时间：0.037948s] [吞吐率：26.35req/s] [内存消耗：1,568.88kb] [文件加载：46]
[ info ] [ LANG ] /private/var/www/html/thinkphp/lang/zh-cn.php
[ info ] [ ROUTE ] array (
  'type' => 'module',
  'module' => 
  array (
    0 => 'SafetyMng',
    1 => 'CheckTask',
    2 => 'CheckList',
  ),
)
[ info ] [ HEADER ] array (
  'cookie' => 'PHPSESSID=8cfn933obqbqrgtkdfrhfbqb3a',
  'accept-language' => 'zh-CN,zh;q=0.9,en;q=0.8',
  'accept-encoding' => 'gzip, deflate, br',
  'accept' => 'text/html,application/xhtml+xml,application/xml;q=0.9,image/webp,image/apng,*/*;q=0.8',
  'user-agent' => 'Mozilla/5.0 (Macintosh; Intel Mac OS X 10_13_6) AppleWebKit/537.36 (KHTML, like Gecko) Chrome/72.0.3626.121 Safari/537.36',
  'upgrade-insecure-requests' => '1',
  'connection' => 'keep-alive',
  'host' => '127.0.0.1',
  'content-type' => '',
  'content-length' => '',
)
[ info ] [ PARAM ] array (
)
[ info ] [ SESSION ] INIT array (
  'id' => '',
  'var_session_id' => '',
  'prefix' => 'think',
  'type' => '',
  'auto_start' => true,
)
[ info ] [ LOG ] INIT File
---------------------------------------------------------------
[ 2019-03-20T23:01:01+08:00 ] 127.0.0.1 GET 127.0.0.1/SafetyMng/CheckTask/showCheckListMng
[运行时间：0.037036s] [吞吐率：27.00req/s] [内存消耗：1,793.23kb] [文件加载：51]
[ info ] [ LANG ] /private/var/www/html/thinkphp/lang/zh-cn.php
[ info ] [ ROUTE ] array (
  'type' => 'module',
  'module' => 
  array (
    0 => 'SafetyMng',
    1 => 'CheckTask',
    2 => 'showCheckListMng',
  ),
)
[ info ] [ HEADER ] array (
  'cookie' => 'PHPSESSID=8cfn933obqbqrgtkdfrhfbqb3a',
  'accept-language' => 'zh-CN,zh;q=0.9,en;q=0.8',
  'accept-encoding' => 'gzip, deflate, br',
  'accept' => 'text/html,application/xhtml+xml,application/xml;q=0.9,image/webp,image/apng,*/*;q=0.8',
  'user-agent' => 'Mozilla/5.0 (Macintosh; Intel Mac OS X 10_13_6) AppleWebKit/537.36 (KHTML, like Gecko) Chrome/72.0.3626.121 Safari/537.36',
  'upgrade-insecure-requests' => '1',
  'connection' => 'keep-alive',
  'host' => '127.0.0.1',
  'content-type' => '',
  'content-length' => '',
)
[ info ] [ PARAM ] array (
)
[ info ] [ SESSION ] INIT array (
  'id' => '',
  'var_session_id' => '',
  'prefix' => 'think',
  'type' => '',
  'auto_start' => true,
)
[ info ] [ RUN ] app\safetymng\controller\CheckTask->showCheckListMng[ /private/var/www/html/application/safetymng/controller/CheckTask.php ]
[ info ] [ VIEW ] /private/var/www/html/public/../application/safetymng/view/CheckTask/CheckList.html [ array (
) ]
[ info ] [ LOG ] INIT File
[ error ] [8]未定义变量: CurPlatform[/private/var/www/html/runtime/temp/e24487b268f717bd138af9e3e339c472.php:179]
[ error ] [8]未定义变量: CurPlatform[/private/var/www/html/runtime/temp/e24487b268f717bd138af9e3e339c472.php:213]
[ error ] [8]未定义变量: Warning[/private/var/www/html/runtime/temp/e24487b268f717bd138af9e3e339c472.php:263]
[ error ] [8]未定义变量: Warning[/private/var/www/html/runtime/temp/e24487b268f717bd138af9e3e339c472.php:269]
[ error ] [8]未定义变量: CheckListRow[/private/var/www/html/runtime/temp/e24487b268f717bd138af9e3e339c472.php:279]
[ error ] [8]未定义变量: CheckListRow[/private/var/www/html/runtime/temp/e24487b268f717bd138af9e3e339c472.php:283]
[ error ] [8]未定义变量: SecondCheckRowList[/private/var/www/html/runtime/temp/e24487b268f717bd138af9e3e339c472.php:308]
[ error ] [8]未定义变量: SecondCheckRowList[/private/var/www/html/runtime/temp/e24487b268f717bd138af9e3e339c472.php:308]
[ error ] [8]未定义变量: SecondCheckRowList[/private/var/www/html/runtime/temp/e24487b268f717bd138af9e3e339c472.php:308]
---------------------------------------------------------------
[ 2019-03-20T23:01:03+08:00 ] 127.0.0.1 GET 127.0.0.1/SafetyMng/CheckTask/showCheckSelectRow
[运行时间：0.054004s] [吞吐率：18.52req/s] [内存消耗：2,394.38kb] [文件加载：56]
[ info ] [ LANG ] /private/var/www/html/thinkphp/lang/zh-cn.php
[ info ] [ ROUTE ] array (
  'type' => 'module',
  'module' => 
  array (
    0 => 'SafetyMng',
    1 => 'CheckTask',
    2 => 'showCheckSelectRow',
  ),
)
[ info ] [ HEADER ] array (
  'cookie' => 'PHPSESSID=8cfn933obqbqrgtkdfrhfbqb3a',
  'accept-language' => 'zh-CN,zh;q=0.9,en;q=0.8',
  'accept-encoding' => 'gzip, deflate, br',
  'referer' => 'http://127.0.0.1/SafetyMng/CheckTask/showCheckListMng',
  'accept' => 'text/html,application/xhtml+xml,application/xml;q=0.9,image/webp,image/apng,*/*;q=0.8',
  'user-agent' => 'Mozilla/5.0 (Macintosh; Intel Mac OS X 10_13_6) AppleWebKit/537.36 (KHTML, like Gecko) Chrome/72.0.3626.121 Safari/537.36',
  'upgrade-insecure-requests' => '1',
  'connection' => 'keep-alive',
  'host' => '127.0.0.1',
  'content-type' => '',
  'content-length' => '',
)
[ info ] [ PARAM ] array (
)
[ info ] [ SESSION ] INIT array (
  'id' => '',
  'var_session_id' => '',
  'prefix' => 'think',
  'type' => '',
  'auto_start' => true,
)
[ info ] [ RUN ] app\safetymng\controller\CheckTask->showCheckSelectRow[ /private/var/www/html/application/safetymng/controller/CheckTask.php ]
[ info ] [ DB ] INIT mysql
[ info ] [ VIEW ] /private/var/www/html/public/../application/safetymng/view/CheckTask/CheckRowSelect.html [ array (
  0 => 'CorpList',
  1 => 'CheckDB',
) ]
[ info ] [ LOG ] INIT File
[ sql ] [ DB ] CONNECT:[ UseTime:0.002578s ] mysql:host=127.0.0.1;dbname=SafetyMng;charset=utf8
[ sql ] [ SQL ] SHOW COLUMNS FROM `UserList` [ RunTime:0.001030s ]
[ sql ] [ SQL ] SELECT distinct Corp FROM `UserList` [ RunTime:0.000691s ]
[ sql ] [ SQL ] SHOW COLUMNS FROM `CheckBaseDB` [ RunTime:0.000784s ]
[ sql ] [ SQL ] SELECT * FROM `CheckBaseDB` [ RunTime:0.000405s ]
[ error ] [8]未定义变量: CheckRowList[/private/var/www/html/runtime/temp/1c3110f5c10ce59ef89e02ce16baa401.php:211]
[ error ] [8]未定义变量: CheckRowList[/private/var/www/html/runtime/temp/1c3110f5c10ce59ef89e02ce16baa401.php:211]
[ error ] [8]未定义变量: CheckRowList[/private/var/www/html/runtime/temp/1c3110f5c10ce59ef89e02ce16baa401.php:211]
[ error ] [8]Array to string conversion[/private/var/www/html/runtime/temp/1c3110f5c10ce59ef89e02ce16baa401.php:324]
---------------------------------------------------------------
[ 2019-03-20T23:01:08+08:00 ] 127.0.0.1 GET 127.0.0.1/SafetyMng/CheckTask/showCheckSelectRow
[运行时间：0.038013s] [吞吐率：26.31req/s] [内存消耗：2,394.38kb] [文件加载：56]
[ info ] [ LANG ] /private/var/www/html/thinkphp/lang/zh-cn.php
[ info ] [ ROUTE ] array (
  'type' => 'module',
  'module' => 
  array (
    0 => 'SafetyMng',
    1 => 'CheckTask',
    2 => 'showCheckSelectRow',
  ),
)
[ info ] [ HEADER ] array (
  'cookie' => 'PHPSESSID=8cfn933obqbqrgtkdfrhfbqb3a',
  'accept-language' => 'zh-CN,zh;q=0.9,en;q=0.8',
  'accept-encoding' => 'gzip, deflate, br',
  'referer' => 'http://127.0.0.1/SafetyMng/CheckTask/showCheckListMng',
  'accept' => 'text/html,application/xhtml+xml,application/xml;q=0.9,image/webp,image/apng,*/*;q=0.8',
  'user-agent' => 'Mozilla/5.0 (Macintosh; Intel Mac OS X 10_13_6) AppleWebKit/537.36 (KHTML, like Gecko) Chrome/72.0.3626.121 Safari/537.36',
  'upgrade-insecure-requests' => '1',
  'connection' => 'keep-alive',
  'host' => '127.0.0.1',
  'content-type' => '',
  'content-length' => '',
)
[ info ] [ PARAM ] array (
)
[ info ] [ SESSION ] INIT array (
  'id' => '',
  'var_session_id' => '',
  'prefix' => 'think',
  'type' => '',
  'auto_start' => true,
)
[ info ] [ RUN ] app\safetymng\controller\CheckTask->showCheckSelectRow[ /private/var/www/html/application/safetymng/controller/CheckTask.php ]
[ info ] [ DB ] INIT mysql
[ info ] [ VIEW ] /private/var/www/html/public/../application/safetymng/view/CheckTask/CheckRowSelect.html [ array (
  0 => 'CorpList',
  1 => 'CheckDB',
) ]
[ info ] [ LOG ] INIT File
[ sql ] [ DB ] CONNECT:[ UseTime:0.000742s ] mysql:host=127.0.0.1;dbname=SafetyMng;charset=utf8
[ sql ] [ SQL ] SHOW COLUMNS FROM `UserList` [ RunTime:0.001304s ]
[ sql ] [ SQL ] SELECT distinct Corp FROM `UserList` [ RunTime:0.002099s ]
[ sql ] [ SQL ] SHOW COLUMNS FROM `CheckBaseDB` [ RunTime:0.001365s ]
[ sql ] [ SQL ] SELECT * FROM `CheckBaseDB` [ RunTime:0.000464s ]
[ error ] [8]未定义变量: CheckRowList[/private/var/www/html/runtime/temp/1c3110f5c10ce59ef89e02ce16baa401.php:211]
[ error ] [8]未定义变量: CheckRowList[/private/var/www/html/runtime/temp/1c3110f5c10ce59ef89e02ce16baa401.php:211]
[ error ] [8]未定义变量: CheckRowList[/private/var/www/html/runtime/temp/1c3110f5c10ce59ef89e02ce16baa401.php:211]
[ error ] [8]Array to string conversion[/private/var/www/html/runtime/temp/1c3110f5c10ce59ef89e02ce16baa401.php:324]
---------------------------------------------------------------
[ 2019-03-20T23:01:11+08:00 ] 127.0.0.1 GET 127.0.0.1/SafetyMng/CheckTask/showCheckSelectRow
[运行时间：0.039368s] [吞吐率：25.40req/s] [内存消耗：2,394.38kb] [文件加载：56]
[ info ] [ LANG ] /private/var/www/html/thinkphp/lang/zh-cn.php
[ info ] [ ROUTE ] array (
  'type' => 'module',
  'module' => 
  array (
    0 => 'SafetyMng',
    1 => 'CheckTask',
    2 => 'showCheckSelectRow',
  ),
)
[ info ] [ HEADER ] array (
  'cookie' => 'PHPSESSID=8cfn933obqbqrgtkdfrhfbqb3a',
  'accept-language' => 'zh-CN,zh;q=0.9,en;q=0.8',
  'accept-encoding' => 'gzip, deflate, br',
  'referer' => 'http://127.0.0.1/SafetyMng/CheckTask/showCheckListMng',
  'accept' => 'text/html,application/xhtml+xml,application/xml;q=0.9,image/webp,image/apng,*/*;q=0.8',
  'user-agent' => 'Mozilla/5.0 (Macintosh; Intel Mac OS X 10_13_6) AppleWebKit/537.36 (KHTML, like Gecko) Chrome/72.0.3626.121 Safari/537.36',
  'upgrade-insecure-requests' => '1',
  'connection' => 'keep-alive',
  'host' => '127.0.0.1',
  'content-type' => '',
  'content-length' => '',
)
[ info ] [ PARAM ] array (
)
[ info ] [ SESSION ] INIT array (
  'id' => '',
  'var_session_id' => '',
  'prefix' => 'think',
  'type' => '',
  'auto_start' => true,
)
[ info ] [ RUN ] app\safetymng\controller\CheckTask->showCheckSelectRow[ /private/var/www/html/application/safetymng/controller/CheckTask.php ]
[ info ] [ DB ] INIT mysql
[ info ] [ VIEW ] /private/var/www/html/public/../application/safetymng/view/CheckTask/CheckRowSelect.html [ array (
  0 => 'CorpList',
  1 => 'CheckDB',
) ]
[ info ] [ LOG ] INIT File
[ sql ] [ DB ] CONNECT:[ UseTime:0.001007s ] mysql:host=127.0.0.1;dbname=SafetyMng;charset=utf8
[ sql ] [ SQL ] SHOW COLUMNS FROM `UserList` [ RunTime:0.002937s ]
[ sql ] [ SQL ] SELECT distinct Corp FROM `UserList` [ RunTime:0.000736s ]
[ sql ] [ SQL ] SHOW COLUMNS FROM `CheckBaseDB` [ RunTime:0.000844s ]
[ sql ] [ SQL ] SELECT * FROM `CheckBaseDB` [ RunTime:0.000476s ]
[ error ] [8]未定义变量: CheckRowList[/private/var/www/html/runtime/temp/1c3110f5c10ce59ef89e02ce16baa401.php:211]
[ error ] [8]未定义变量: CheckRowList[/private/var/www/html/runtime/temp/1c3110f5c10ce59ef89e02ce16baa401.php:211]
[ error ] [8]未定义变量: CheckRowList[/private/var/www/html/runtime/temp/1c3110f5c10ce59ef89e02ce16baa401.php:211]
[ error ] [8]Array to string conversion[/private/var/www/html/runtime/temp/1c3110f5c10ce59ef89e02ce16baa401.php:324]
---------------------------------------------------------------
[ 2019-03-20T23:01:13+08:00 ] 127.0.0.1 POST 127.0.0.1/SafetyMng/CheckTask/CheckRowQuery
[运行时间：0.033380s] [吞吐率：29.96req/s] [内存消耗：2,411.43kb] [文件加载：56]
[ info ] [ LANG ] /private/var/www/html/thinkphp/lang/zh-cn.php
[ info ] [ ROUTE ] array (
  'type' => 'module',
  'module' => 
  array (
    0 => 'SafetyMng',
    1 => 'CheckTask',
    2 => 'CheckRowQuery',
  ),
)
[ info ] [ HEADER ] array (
  'cookie' => 'PHPSESSID=8cfn933obqbqrgtkdfrhfbqb3a',
  'accept-language' => 'zh-CN,zh;q=0.9,en;q=0.8',
  'accept-encoding' => 'gzip, deflate, br',
  'referer' => 'http://127.0.0.1/SafetyMng/CheckTask/showCheckSelectRow',
  'accept' => 'text/html,application/xhtml+xml,application/xml;q=0.9,image/webp,image/apng,*/*;q=0.8',
  'user-agent' => 'Mozilla/5.0 (Macintosh; Intel Mac OS X 10_13_6) AppleWebKit/537.36 (KHTML, like Gecko) Chrome/72.0.3626.121 Safari/537.36',
  'content-type' => 'application/x-www-form-urlencoded',
  'upgrade-insecure-requests' => '1',
  'origin' => 'http://127.0.0.1',
  'cache-control' => 'max-age=0',
  'content-length' => '115',
  'connection' => 'keep-alive',
  'host' => '127.0.0.1',
)
[ info ] [ PARAM ] array (
  'opType' => '',
  'CurRowId' => '0',
  'CheckDB' => '1',
  'ProfessionName' => '',
  'BusinessName' => '',
  'CheckSubject' => '',
  'Code1' => '',
  'Code2' => '',
  'CheckContent' => '',
  'CheckStandard' => '',
)
[ info ] [ SESSION ] INIT array (
  'id' => '',
  'var_session_id' => '',
  'prefix' => 'think',
  'type' => '',
  'auto_start' => true,
)
[ info ] [ RUN ] app\safetymng\controller\CheckTask->CheckRowQuery[ /private/var/www/html/application/safetymng/controller/CheckTask.php ]
[ info ] [ DB ] INIT mysql
[ info ] [ VIEW ] /private/var/www/html/public/../application/safetymng/view/CheckTask/CheckRowSelect.html [ array (
  0 => 'RelatedCorps',
  1 => 'CheckRowList',
  2 => 'CorpList',
  3 => 'CheckDB',
) ]
[ info ] [ LOG ] INIT File
[ sql ] [ DB ] CONNECT:[ UseTime:0.000576s ] mysql:host=127.0.0.1;dbname=SafetyMng;charset=utf8
[ sql ] [ SQL ]  SELECT SecondHalfCheckTB.*,
                        FirstHalfCheckTB.BaseDBID,
                        FirstHalfCheckTB.ProfessionName,
                        FirstHalfCheckTB.BusinessName,
                        FirstHalfCheckTB.Code1,
                        FirstHalfCheckTB.Code2,
                        FirstHalfCheckTB.CheckSubject,
                        FirstHalfCheckTB.CheckStandard FROM SecondHalfCheckTB JOIN FirstHalfCheckTB ON 
                        SecondHalfCheckTB.CheckStandardID = FirstHalfCheckTB.id WHERE 
                        BaseDBID= '1' AND 
                        ProfessionName like '%%' AND 
                        BusinessName LIKE '%%' AND 
                        Code1 LIKE '%%' AND 
                        Code2 LIKE '%%' AND 
                        CheckSubject LIKE '%%' AND 
                        FirstHalfCheckTB.CheckContent LIKE '%%' AND 
                        FirstHalfCheckTB.CheckStandard LIKE '%%' AND 
                        FirstHalfCheckTB.IsValid = 'YES' AND 
                        SecondHalfCheckTB.IsValid = 'YES' [ RunTime:0.001324s ]
[ sql ] [ SQL ] '%%'%%'%%'%%'%%'%%'%%'1'HOW COLUMNS FROM `UserList` [ RunTime:0.000747s ]
[ sql ] [ SQL ] '%%'%%'%%'%%'%%'%%'%%'1'ELECT distinct Corp FROM `UserList` [ RunTime:0.000560s ]
[ sql ] [ SQL ] '%%'%%'%%'%%'%%'%%'%%'1'HOW COLUMNS FROM `CheckBaseDB` [ RunTime:0.000766s ]
[ sql ] [ SQL ] '%%'%%'%%'%%'%%'%%'%%'1'ELECT * FROM `CheckBaseDB` [ RunTime:0.000507s ]
[ error ] [8]未定义变量: Cnt[/private/var/www/html/runtime/temp/1c3110f5c10ce59ef89e02ce16baa401.php:214]
---------------------------------------------------------------
[ 2019-03-20T23:01:44+08:00 ] 127.0.0.1 POST 127.0.0.1/SafetyMng/CheckTask/CheckRowQuery
[运行时间：0.030989s] [吞吐率：32.27req/s] [内存消耗：2,405.03kb] [文件加载：56]
[ info ] [ LANG ] /private/var/www/html/thinkphp/lang/zh-cn.php
[ info ] [ ROUTE ] array (
  'type' => 'module',
  'module' => 
  array (
    0 => 'SafetyMng',
    1 => 'CheckTask',
    2 => 'CheckRowQuery',
  ),
)
[ info ] [ HEADER ] array (
  'cookie' => 'PHPSESSID=8cfn933obqbqrgtkdfrhfbqb3a',
  'accept-language' => 'zh-CN,zh;q=0.9,en;q=0.8',
  'accept-encoding' => 'gzip, deflate, br',
  'referer' => 'http://127.0.0.1/SafetyMng/CheckTask/CheckRowQuery',
  'accept' => 'text/html,application/xhtml+xml,application/xml;q=0.9,image/webp,image/apng,*/*;q=0.8',
  'user-agent' => 'Mozilla/5.0 (Macintosh; Intel Mac OS X 10_13_6) AppleWebKit/537.36 (KHTML, like Gecko) Chrome/72.0.3626.121 Safari/537.36',
  'content-type' => 'application/x-www-form-urlencoded',
  'upgrade-insecure-requests' => '1',
  'origin' => 'http://127.0.0.1',
  'cache-control' => 'max-age=0',
  'content-length' => '133',
  'connection' => 'keep-alive',
  'host' => '127.0.0.1',
)
[ info ] [ PARAM ] array (
  'opType' => '',
  'CurRowId' => '0',
  'CheckDB' => '1',
  'ProfessionName' => '',
  'BusinessName' => '',
  'CheckSubject' => '',
  'Code1' => '',
  'Code2' => '',
  'CheckContent' => '',
  'CheckStandard' => '进行',
)
[ info ] [ SESSION ] INIT array (
  'id' => '',
  'var_session_id' => '',
  'prefix' => 'think',
  'type' => '',
  'auto_start' => true,
)
[ info ] [ RUN ] app\safetymng\controller\CheckTask->CheckRowQuery[ /private/var/www/html/application/safetymng/controller/CheckTask.php ]
[ info ] [ DB ] INIT mysql
[ info ] [ VIEW ] /private/var/www/html/public/../application/safetymng/view/CheckTask/CheckRowSelect.html [ array (
  0 => 'RelatedCorps',
  1 => 'CheckRowList',
  2 => 'CorpList',
  3 => 'CheckDB',
) ]
[ info ] [ LOG ] INIT File
[ sql ] [ DB ] CONNECT:[ UseTime:0.000619s ] mysql:host=127.0.0.1;dbname=SafetyMng;charset=utf8
[ sql ] [ SQL ]  SELECT SecondHalfCheckTB.*,
                        FirstHalfCheckTB.BaseDBID,
                        FirstHalfCheckTB.ProfessionName,
                        FirstHalfCheckTB.BusinessName,
                        FirstHalfCheckTB.Code1,
                        FirstHalfCheckTB.Code2,
                        FirstHalfCheckTB.CheckSubject,
                        FirstHalfCheckTB.CheckStandard FROM SecondHalfCheckTB JOIN FirstHalfCheckTB ON 
                        SecondHalfCheckTB.CheckStandardID = FirstHalfCheckTB.id WHERE 
                        BaseDBID= '1' AND 
                        ProfessionName like '%%' AND 
                        BusinessName LIKE '%%' AND 
                        Code1 LIKE '%%' AND 
                        Code2 LIKE '%%' AND 
                        CheckSubject LIKE '%%' AND 
                        FirstHalfCheckTB.CheckContent LIKE '%%' AND 
                        FirstHalfCheckTB.CheckStandard LIKE '%进行%' AND 
                        FirstHalfCheckTB.IsValid = 'YES' AND 
                        SecondHalfCheckTB.IsValid = 'YES' [ RunTime:0.001356s ]
[ sql ] [ SQL ] '%进行%'%%'%%'%%'%%'%%'%%'1'HOW COLUMNS FROM `UserList` [ RunTime:0.001266s ]
[ sql ] [ SQL ] '%进行%'%%'%%'%%'%%'%%'%%'1'ELECT distinct Corp FROM `UserList` [ RunTime:0.001492s ]
[ sql ] [ SQL ] '%进行%'%%'%%'%%'%%'%%'%%'1'HOW COLUMNS FROM `CheckBaseDB` [ RunTime:0.000988s ]
[ sql ] [ SQL ] '%进行%'%%'%%'%%'%%'%%'%%'1'ELECT * FROM `CheckBaseDB` [ RunTime:0.000374s ]
[ error ] [8]未定义变量: Cnt[/private/var/www/html/runtime/temp/1c3110f5c10ce59ef89e02ce16baa401.php:214]
---------------------------------------------------------------
[ 2019-03-20T23:02:13+08:00 ] 127.0.0.1 GET 127.0.0.1/SafetyMng/CheckTask/showCheckSelectRow
[运行时间：0.111256s] [吞吐率：8.99req/s] [内存消耗：2,562.83kb] [文件加载：58]
[ info ] [ LANG ] /private/var/www/html/thinkphp/lang/zh-cn.php
[ info ] [ ROUTE ] array (
  'type' => 'module',
  'module' => 
  array (
    0 => 'SafetyMng',
    1 => 'CheckTask',
    2 => 'showCheckSelectRow',
  ),
)
[ info ] [ HEADER ] array (
  'cookie' => 'PHPSESSID=8cfn933obqbqrgtkdfrhfbqb3a',
  'accept-language' => 'zh-CN,zh;q=0.9,en;q=0.8',
  'accept-encoding' => 'gzip, deflate, br',
  'referer' => 'http://127.0.0.1/SafetyMng/CheckTask/showCheckListMng',
  'accept' => 'text/html,application/xhtml+xml,application/xml;q=0.9,image/webp,image/apng,*/*;q=0.8',
  'user-agent' => 'Mozilla/5.0 (Macintosh; Intel Mac OS X 10_13_6) AppleWebKit/537.36 (KHTML, like Gecko) Chrome/72.0.3626.121 Safari/537.36',
  'upgrade-insecure-requests' => '1',
  'connection' => 'keep-alive',
  'host' => '127.0.0.1',
  'content-type' => '',
  'content-length' => '',
)
[ info ] [ PARAM ] array (
)
[ info ] [ SESSION ] INIT array (
  'id' => '',
  'var_session_id' => '',
  'prefix' => 'think',
  'type' => '',
  'auto_start' => true,
)
[ info ] [ RUN ] app\safetymng\controller\CheckTask->showCheckSelectRow[ /private/var/www/html/application/safetymng/controller/CheckTask.php ]
[ info ] [ DB ] INIT mysql
[ info ] [ VIEW ] /private/var/www/html/public/../application/safetymng/view/CheckTask/CheckRowSelect.html [ array (
  0 => 'CorpList',
  1 => 'CheckDB',
) ]
[ info ] [ LOG ] INIT File
[ sql ] [ DB ] CONNECT:[ UseTime:0.000691s ] mysql:host=127.0.0.1;dbname=SafetyMng;charset=utf8
[ sql ] [ SQL ] SHOW COLUMNS FROM `UserList` [ RunTime:0.001483s ]
[ sql ] [ SQL ] SELECT distinct Corp FROM `UserList` [ RunTime:0.000911s ]
[ sql ] [ SQL ] SHOW COLUMNS FROM `CheckBaseDB` [ RunTime:0.001424s ]
[ sql ] [ SQL ] SELECT * FROM `CheckBaseDB` [ RunTime:0.000865s ]
[ error ] [8]未定义数组索引: value[/private/var/www/html/thinkphp/library/think/template/taglib/Cx.php:329]
[ error ] [8]未定义变量: CheckRowList[/private/var/www/html/runtime/temp/1c3110f5c10ce59ef89e02ce16baa401.php:211]
[ error ] [8]未定义变量: CheckRowList[/private/var/www/html/runtime/temp/1c3110f5c10ce59ef89e02ce16baa401.php:211]
[ error ] [8]未定义变量: CheckRowList[/private/var/www/html/runtime/temp/1c3110f5c10ce59ef89e02ce16baa401.php:211]
[ error ] [8]Array to string conversion[/private/var/www/html/runtime/temp/1c3110f5c10ce59ef89e02ce16baa401.php:324]
---------------------------------------------------------------
[ 2019-03-20T23:02:16+08:00 ] 127.0.0.1 POST 127.0.0.1/SafetyMng/CheckTask/CheckRowQuery
[运行时间：0.035585s] [吞吐率：28.10req/s] [内存消耗：2,411.43kb] [文件加载：56]
[ info ] [ LANG ] /private/var/www/html/thinkphp/lang/zh-cn.php
[ info ] [ ROUTE ] array (
  'type' => 'module',
  'module' => 
  array (
    0 => 'SafetyMng',
    1 => 'CheckTask',
    2 => 'CheckRowQuery',
  ),
)
[ info ] [ HEADER ] array (
  'cookie' => 'PHPSESSID=8cfn933obqbqrgtkdfrhfbqb3a',
  'accept-language' => 'zh-CN,zh;q=0.9,en;q=0.8',
  'accept-encoding' => 'gzip, deflate, br',
  'referer' => 'http://127.0.0.1/SafetyMng/CheckTask/showCheckSelectRow',
  'accept' => 'text/html,application/xhtml+xml,application/xml;q=0.9,image/webp,image/apng,*/*;q=0.8',
  'user-agent' => 'Mozilla/5.0 (Macintosh; Intel Mac OS X 10_13_6) AppleWebKit/537.36 (KHTML, like Gecko) Chrome/72.0.3626.121 Safari/537.36',
  'content-type' => 'application/x-www-form-urlencoded',
  'upgrade-insecure-requests' => '1',
  'origin' => 'http://127.0.0.1',
  'cache-control' => 'max-age=0',
  'content-length' => '115',
  'connection' => 'keep-alive',
  'host' => '127.0.0.1',
)
[ info ] [ PARAM ] array (
  'opType' => '',
  'CurRowId' => '0',
  'CheckDB' => '1',
  'ProfessionName' => '',
  'BusinessName' => '',
  'CheckSubject' => '',
  'Code1' => '',
  'Code2' => '',
  'CheckContent' => '',
  'CheckStandard' => '',
)
[ info ] [ SESSION ] INIT array (
  'id' => '',
  'var_session_id' => '',
  'prefix' => 'think',
  'type' => '',
  'auto_start' => true,
)
[ info ] [ RUN ] app\safetymng\controller\CheckTask->CheckRowQuery[ /private/var/www/html/application/safetymng/controller/CheckTask.php ]
[ info ] [ DB ] INIT mysql
[ info ] [ VIEW ] /private/var/www/html/public/../application/safetymng/view/CheckTask/CheckRowSelect.html [ array (
  0 => 'RelatedCorps',
  1 => 'CheckRowList',
  2 => 'CorpList',
  3 => 'CheckDB',
) ]
[ info ] [ LOG ] INIT File
[ sql ] [ DB ] CONNECT:[ UseTime:0.001011s ] mysql:host=127.0.0.1;dbname=SafetyMng;charset=utf8
[ sql ] [ SQL ]  SELECT SecondHalfCheckTB.*,
                        FirstHalfCheckTB.BaseDBID,
                        FirstHalfCheckTB.ProfessionName,
                        FirstHalfCheckTB.BusinessName,
                        FirstHalfCheckTB.Code1,
                        FirstHalfCheckTB.Code2,
                        FirstHalfCheckTB.CheckSubject,
                        FirstHalfCheckTB.CheckStandard FROM SecondHalfCheckTB JOIN FirstHalfCheckTB ON 
                        SecondHalfCheckTB.CheckStandardID = FirstHalfCheckTB.id WHERE 
                        BaseDBID= '1' AND 
                        ProfessionName like '%%' AND 
                        BusinessName LIKE '%%' AND 
                        Code1 LIKE '%%' AND 
                        Code2 LIKE '%%' AND 
                        CheckSubject LIKE '%%' AND 
                        FirstHalfCheckTB.CheckContent LIKE '%%' AND 
                        FirstHalfCheckTB.CheckStandard LIKE '%%' AND 
                        FirstHalfCheckTB.IsValid = 'YES' AND 
                        SecondHalfCheckTB.IsValid = 'YES' [ RunTime:0.001305s ]
[ sql ] [ SQL ] '%%'%%'%%'%%'%%'%%'%%'1'HOW COLUMNS FROM `UserList` [ RunTime:0.000739s ]
[ sql ] [ SQL ] '%%'%%'%%'%%'%%'%%'%%'1'ELECT distinct Corp FROM `UserList` [ RunTime:0.000575s ]
[ sql ] [ SQL ] '%%'%%'%%'%%'%%'%%'%%'1'HOW COLUMNS FROM `CheckBaseDB` [ RunTime:0.000686s ]
[ sql ] [ SQL ] '%%'%%'%%'%%'%%'%%'%%'1'ELECT * FROM `CheckBaseDB` [ RunTime:0.000428s ]
[ error ] [8]未定义变量: Cnt[/private/var/www/html/runtime/temp/1c3110f5c10ce59ef89e02ce16baa401.php:214]
---------------------------------------------------------------
[ 2019-03-20T23:02:35+08:00 ] 127.0.0.1 GET 127.0.0.1/SafetyMng/CheckTask/showCheckSelectRow
[运行时间：0.047002s] [吞吐率：21.28req/s] [内存消耗：2,562.83kb] [文件加载：58]
[ info ] [ LANG ] /private/var/www/html/thinkphp/lang/zh-cn.php
[ info ] [ ROUTE ] array (
  'type' => 'module',
  'module' => 
  array (
    0 => 'SafetyMng',
    1 => 'CheckTask',
    2 => 'showCheckSelectRow',
  ),
)
[ info ] [ HEADER ] array (
  'cookie' => 'PHPSESSID=8cfn933obqbqrgtkdfrhfbqb3a',
  'accept-language' => 'zh-CN,zh;q=0.9,en;q=0.8',
  'accept-encoding' => 'gzip, deflate, br',
  'referer' => 'http://127.0.0.1/SafetyMng/CheckTask/showCheckListMng',
  'accept' => 'text/html,application/xhtml+xml,application/xml;q=0.9,image/webp,image/apng,*/*;q=0.8',
  'user-agent' => 'Mozilla/5.0 (Macintosh; Intel Mac OS X 10_13_6) AppleWebKit/537.36 (KHTML, like Gecko) Chrome/72.0.3626.121 Safari/537.36',
  'upgrade-insecure-requests' => '1',
  'connection' => 'keep-alive',
  'host' => '127.0.0.1',
  'content-type' => '',
  'content-length' => '',
)
[ info ] [ PARAM ] array (
)
[ info ] [ SESSION ] INIT array (
  'id' => '',
  'var_session_id' => '',
  'prefix' => 'think',
  'type' => '',
  'auto_start' => true,
)
[ info ] [ RUN ] app\safetymng\controller\CheckTask->showCheckSelectRow[ /private/var/www/html/application/safetymng/controller/CheckTask.php ]
[ info ] [ DB ] INIT mysql
[ info ] [ VIEW ] /private/var/www/html/public/../application/safetymng/view/CheckTask/CheckRowSelect.html [ array (
  0 => 'CorpList',
  1 => 'CheckDB',
) ]
[ info ] [ LOG ] INIT File
[ sql ] [ DB ] CONNECT:[ UseTime:0.000636s ] mysql:host=127.0.0.1;dbname=SafetyMng;charset=utf8
[ sql ] [ SQL ] SHOW COLUMNS FROM `UserList` [ RunTime:0.001150s ]
[ sql ] [ SQL ] SELECT distinct Corp FROM `UserList` [ RunTime:0.000924s ]
[ sql ] [ SQL ] SHOW COLUMNS FROM `CheckBaseDB` [ RunTime:0.001584s ]
[ sql ] [ SQL ] SELECT * FROM `CheckBaseDB` [ RunTime:0.000888s ]
[ error ] [8]未定义数组索引: value[/private/var/www/html/thinkphp/library/think/template/taglib/Cx.php:329]
[ error ] [8]未定义变量: CheckRowList[/private/var/www/html/runtime/temp/1c3110f5c10ce59ef89e02ce16baa401.php:211]
[ error ] [8]未定义变量: CheckRowList[/private/var/www/html/runtime/temp/1c3110f5c10ce59ef89e02ce16baa401.php:211]
[ error ] [8]未定义变量: CheckRowList[/private/var/www/html/runtime/temp/1c3110f5c10ce59ef89e02ce16baa401.php:211]
[ error ] [8]Array to string conversion[/private/var/www/html/runtime/temp/1c3110f5c10ce59ef89e02ce16baa401.php:324]
---------------------------------------------------------------
[ 2019-03-20T23:02:37+08:00 ] 127.0.0.1 POST 127.0.0.1/SafetyMng/CheckTask/CheckRowQuery
[运行时间：0.030618s] [吞吐率：32.66req/s] [内存消耗：2,411.43kb] [文件加载：56]
[ info ] [ LANG ] /private/var/www/html/thinkphp/lang/zh-cn.php
[ info ] [ ROUTE ] array (
  'type' => 'module',
  'module' => 
  array (
    0 => 'SafetyMng',
    1 => 'CheckTask',
    2 => 'CheckRowQuery',
  ),
)
[ info ] [ HEADER ] array (
  'cookie' => 'PHPSESSID=8cfn933obqbqrgtkdfrhfbqb3a',
  'accept-language' => 'zh-CN,zh;q=0.9,en;q=0.8',
  'accept-encoding' => 'gzip, deflate, br',
  'referer' => 'http://127.0.0.1/SafetyMng/CheckTask/showCheckSelectRow',
  'accept' => 'text/html,application/xhtml+xml,application/xml;q=0.9,image/webp,image/apng,*/*;q=0.8',
  'user-agent' => 'Mozilla/5.0 (Macintosh; Intel Mac OS X 10_13_6) AppleWebKit/537.36 (KHTML, like Gecko) Chrome/72.0.3626.121 Safari/537.36',
  'content-type' => 'application/x-www-form-urlencoded',
  'upgrade-insecure-requests' => '1',
  'origin' => 'http://127.0.0.1',
  'cache-control' => 'max-age=0',
  'content-length' => '115',
  'connection' => 'keep-alive',
  'host' => '127.0.0.1',
)
[ info ] [ PARAM ] array (
  'opType' => '',
  'CurRowId' => '0',
  'CheckDB' => '1',
  'ProfessionName' => '',
  'BusinessName' => '',
  'CheckSubject' => '',
  'Code1' => '',
  'Code2' => '',
  'CheckContent' => '',
  'CheckStandard' => '',
)
[ info ] [ SESSION ] INIT array (
  'id' => '',
  'var_session_id' => '',
  'prefix' => 'think',
  'type' => '',
  'auto_start' => true,
)
[ info ] [ RUN ] app\safetymng\controller\CheckTask->CheckRowQuery[ /private/var/www/html/application/safetymng/controller/CheckTask.php ]
[ info ] [ DB ] INIT mysql
[ info ] [ VIEW ] /private/var/www/html/public/../application/safetymng/view/CheckTask/CheckRowSelect.html [ array (
  0 => 'RelatedCorps',
  1 => 'CheckRowList',
  2 => 'CorpList',
  3 => 'CheckDB',
) ]
[ info ] [ LOG ] INIT File
[ sql ] [ DB ] CONNECT:[ UseTime:0.000689s ] mysql:host=127.0.0.1;dbname=SafetyMng;charset=utf8
[ sql ] [ SQL ]  SELECT SecondHalfCheckTB.*,
                        FirstHalfCheckTB.BaseDBID,
                        FirstHalfCheckTB.ProfessionName,
                        FirstHalfCheckTB.BusinessName,
                        FirstHalfCheckTB.Code1,
                        FirstHalfCheckTB.Code2,
                        FirstHalfCheckTB.CheckSubject,
                        FirstHalfCheckTB.CheckStandard FROM SecondHalfCheckTB JOIN FirstHalfCheckTB ON 
                        SecondHalfCheckTB.CheckStandardID = FirstHalfCheckTB.id WHERE 
                        BaseDBID= '1' AND 
                        ProfessionName like '%%' AND 
                        BusinessName LIKE '%%' AND 
                        Code1 LIKE '%%' AND 
                        Code2 LIKE '%%' AND 
                        CheckSubject LIKE '%%' AND 
                        FirstHalfCheckTB.CheckContent LIKE '%%' AND 
                        FirstHalfCheckTB.CheckStandard LIKE '%%' AND 
                        FirstHalfCheckTB.IsValid = 'YES' AND 
                        SecondHalfCheckTB.IsValid = 'YES' [ RunTime:0.001239s ]
[ sql ] [ SQL ] '%%'%%'%%'%%'%%'%%'%%'1'HOW COLUMNS FROM `UserList` [ RunTime:0.000678s ]
[ sql ] [ SQL ] '%%'%%'%%'%%'%%'%%'%%'1'ELECT distinct Corp FROM `UserList` [ RunTime:0.000535s ]
[ sql ] [ SQL ] '%%'%%'%%'%%'%%'%%'%%'1'HOW COLUMNS FROM `CheckBaseDB` [ RunTime:0.000881s ]
[ sql ] [ SQL ] '%%'%%'%%'%%'%%'%%'%%'1'ELECT * FROM `CheckBaseDB` [ RunTime:0.000421s ]
[ error ] [8]未定义变量: Cnt[/private/var/www/html/runtime/temp/1c3110f5c10ce59ef89e02ce16baa401.php:214]
---------------------------------------------------------------
[ 2019-03-20T23:02:55+08:00 ] 127.0.0.1 GET 127.0.0.1/SafetyMng/CheckTask/showCheckSelectRow
[运行时间：0.039784s] [吞吐率：25.14req/s] [内存消耗：2,394.38kb] [文件加载：56]
[ info ] [ LANG ] /private/var/www/html/thinkphp/lang/zh-cn.php
[ info ] [ ROUTE ] array (
  'type' => 'module',
  'module' => 
  array (
    0 => 'SafetyMng',
    1 => 'CheckTask',
    2 => 'showCheckSelectRow',
  ),
)
[ info ] [ HEADER ] array (
  'cookie' => 'PHPSESSID=8cfn933obqbqrgtkdfrhfbqb3a',
  'accept-language' => 'zh-CN,zh;q=0.9,en;q=0.8',
  'accept-encoding' => 'gzip, deflate, br',
  'referer' => 'http://127.0.0.1/SafetyMng/CheckTask/showCheckListMng',
  'accept' => 'text/html,application/xhtml+xml,application/xml;q=0.9,image/webp,image/apng,*/*;q=0.8',
  'user-agent' => 'Mozilla/5.0 (Macintosh; Intel Mac OS X 10_13_6) AppleWebKit/537.36 (KHTML, like Gecko) Chrome/72.0.3626.121 Safari/537.36',
  'upgrade-insecure-requests' => '1',
  'connection' => 'keep-alive',
  'host' => '127.0.0.1',
  'content-type' => '',
  'content-length' => '',
)
[ info ] [ PARAM ] array (
)
[ info ] [ SESSION ] INIT array (
  'id' => '',
  'var_session_id' => '',
  'prefix' => 'think',
  'type' => '',
  'auto_start' => true,
)
[ info ] [ RUN ] app\safetymng\controller\CheckTask->showCheckSelectRow[ /private/var/www/html/application/safetymng/controller/CheckTask.php ]
[ info ] [ DB ] INIT mysql
[ info ] [ VIEW ] /private/var/www/html/public/../application/safetymng/view/CheckTask/CheckRowSelect.html [ array (
  0 => 'CorpList',
  1 => 'CheckDB',
) ]
[ info ] [ LOG ] INIT File
[ sql ] [ DB ] CONNECT:[ UseTime:0.000657s ] mysql:host=127.0.0.1;dbname=SafetyMng;charset=utf8
[ sql ] [ SQL ] SHOW COLUMNS FROM `UserList` [ RunTime:0.000999s ]
[ sql ] [ SQL ] SELECT distinct Corp FROM `UserList` [ RunTime:0.001290s ]
[ sql ] [ SQL ] SHOW COLUMNS FROM `CheckBaseDB` [ RunTime:0.001194s ]
[ sql ] [ SQL ] SELECT * FROM `CheckBaseDB` [ RunTime:0.000549s ]
[ error ] [8]未定义变量: CheckRowList[/private/var/www/html/runtime/temp/1c3110f5c10ce59ef89e02ce16baa401.php:211]
[ error ] [8]未定义变量: CheckRowList[/private/var/www/html/runtime/temp/1c3110f5c10ce59ef89e02ce16baa401.php:211]
[ error ] [8]未定义变量: CheckRowList[/private/var/www/html/runtime/temp/1c3110f5c10ce59ef89e02ce16baa401.php:211]
[ error ] [8]Array to string conversion[/private/var/www/html/runtime/temp/1c3110f5c10ce59ef89e02ce16baa401.php:324]
---------------------------------------------------------------
[ 2019-03-20T23:02:56+08:00 ] 127.0.0.1 POST 127.0.0.1/SafetyMng/CheckTask/CheckRowQuery
[运行时间：0.030429s] [吞吐率：32.86req/s] [内存消耗：2,411.43kb] [文件加载：56]
[ info ] [ LANG ] /private/var/www/html/thinkphp/lang/zh-cn.php
[ info ] [ ROUTE ] array (
  'type' => 'module',
  'module' => 
  array (
    0 => 'SafetyMng',
    1 => 'CheckTask',
    2 => 'CheckRowQuery',
  ),
)
[ info ] [ HEADER ] array (
  'cookie' => 'PHPSESSID=8cfn933obqbqrgtkdfrhfbqb3a',
  'accept-language' => 'zh-CN,zh;q=0.9,en;q=0.8',
  'accept-encoding' => 'gzip, deflate, br',
  'referer' => 'http://127.0.0.1/SafetyMng/CheckTask/showCheckSelectRow',
  'accept' => 'text/html,application/xhtml+xml,application/xml;q=0.9,image/webp,image/apng,*/*;q=0.8',
  'user-agent' => 'Mozilla/5.0 (Macintosh; Intel Mac OS X 10_13_6) AppleWebKit/537.36 (KHTML, like Gecko) Chrome/72.0.3626.121 Safari/537.36',
  'content-type' => 'application/x-www-form-urlencoded',
  'upgrade-insecure-requests' => '1',
  'origin' => 'http://127.0.0.1',
  'cache-control' => 'max-age=0',
  'content-length' => '115',
  'connection' => 'keep-alive',
  'host' => '127.0.0.1',
)
[ info ] [ PARAM ] array (
  'opType' => '',
  'CurRowId' => '0',
  'CheckDB' => '1',
  'ProfessionName' => '',
  'BusinessName' => '',
  'CheckSubject' => '',
  'Code1' => '',
  'Code2' => '',
  'CheckContent' => '',
  'CheckStandard' => '',
)
[ info ] [ SESSION ] INIT array (
  'id' => '',
  'var_session_id' => '',
  'prefix' => 'think',
  'type' => '',
  'auto_start' => true,
)
[ info ] [ RUN ] app\safetymng\controller\CheckTask->CheckRowQuery[ /private/var/www/html/application/safetymng/controller/CheckTask.php ]
[ info ] [ DB ] INIT mysql
[ info ] [ VIEW ] /private/var/www/html/public/../application/safetymng/view/CheckTask/CheckRowSelect.html [ array (
  0 => 'RelatedCorps',
  1 => 'CheckRowList',
  2 => 'CorpList',
  3 => 'CheckDB',
) ]
[ info ] [ LOG ] INIT File
[ sql ] [ DB ] CONNECT:[ UseTime:0.000807s ] mysql:host=127.0.0.1;dbname=SafetyMng;charset=utf8
[ sql ] [ SQL ]  SELECT SecondHalfCheckTB.*,
                        FirstHalfCheckTB.BaseDBID,
                        FirstHalfCheckTB.ProfessionName,
                        FirstHalfCheckTB.BusinessName,
                        FirstHalfCheckTB.Code1,
                        FirstHalfCheckTB.Code2,
                        FirstHalfCheckTB.CheckSubject,
                        FirstHalfCheckTB.CheckStandard FROM SecondHalfCheckTB JOIN FirstHalfCheckTB ON 
                        SecondHalfCheckTB.CheckStandardID = FirstHalfCheckTB.id WHERE 
                        BaseDBID= '1' AND 
                        ProfessionName like '%%' AND 
                        BusinessName LIKE '%%' AND 
                        Code1 LIKE '%%' AND 
                        Code2 LIKE '%%' AND 
                        CheckSubject LIKE '%%' AND 
                        FirstHalfCheckTB.CheckContent LIKE '%%' AND 
                        FirstHalfCheckTB.CheckStandard LIKE '%%' AND 
                        FirstHalfCheckTB.IsValid = 'YES' AND 
                        SecondHalfCheckTB.IsValid = 'YES' [ RunTime:0.001753s ]
[ sql ] [ SQL ] '%%'%%'%%'%%'%%'%%'%%'1'HOW COLUMNS FROM `UserList` [ RunTime:0.000800s ]
[ sql ] [ SQL ] '%%'%%'%%'%%'%%'%%'%%'1'ELECT distinct Corp FROM `UserList` [ RunTime:0.000526s ]
[ sql ] [ SQL ] '%%'%%'%%'%%'%%'%%'%%'1'HOW COLUMNS FROM `CheckBaseDB` [ RunTime:0.000645s ]
[ sql ] [ SQL ] '%%'%%'%%'%%'%%'%%'%%'1'ELECT * FROM `CheckBaseDB` [ RunTime:0.000446s ]
[ error ] [8]未定义变量: Cnt[/private/var/www/html/runtime/temp/1c3110f5c10ce59ef89e02ce16baa401.php:214]
---------------------------------------------------------------
[ 2019-03-20T23:03:19+08:00 ] 127.0.0.1 GET 127.0.0.1/SafetyMng/TaskList/Index.html
[运行时间：0.043631s] [吞吐率：22.92req/s] [内存消耗：2,627.38kb] [文件加载：58]
[ info ] [ LANG ] /private/var/www/html/thinkphp/lang/zh-cn.php
[ info ] [ ROUTE ] array (
  'type' => 'module',
  'module' => 
  array (
    0 => 'SafetyMng',
    1 => 'TaskList',
    2 => 'Index',
  ),
)
[ info ] [ HEADER ] array (
  'cookie' => 'PHPSESSID=8cfn933obqbqrgtkdfrhfbqb3a',
  'accept-language' => 'zh-CN,zh;q=0.9,en;q=0.8',
  'accept-encoding' => 'gzip, deflate, br',
  'referer' => 'http://127.0.0.1/SafetyMng/CheckTask/showCheckListMng',
  'accept' => 'text/html,application/xhtml+xml,application/xml;q=0.9,image/webp,image/apng,*/*;q=0.8',
  'user-agent' => 'Mozilla/5.0 (Macintosh; Intel Mac OS X 10_13_6) AppleWebKit/537.36 (KHTML, like Gecko) Chrome/72.0.3626.121 Safari/537.36',
  'upgrade-insecure-requests' => '1',
  'cache-control' => 'max-age=0',
  'connection' => 'keep-alive',
  'host' => '127.0.0.1',
  'content-type' => '',
  'content-length' => '',
)
[ info ] [ PARAM ] array (
)
[ info ] [ SESSION ] INIT array (
  'id' => '',
  'var_session_id' => '',
  'prefix' => 'think',
  'type' => '',
  'auto_start' => true,
)
[ info ] [ RUN ] app\safetymng\controller\TaskList->Index[ /private/var/www/html/application/safetymng/controller/TaskList.php ]
[ info ] [ DB ] INIT mysql
[ info ] [ VIEW ] /private/var/www/html/public/../application/safetymng/view/TaskList/index.html [ array (
  0 => 'ReformList',
  1 => 'ActiveLI',
  2 => 'TaskList',
  3 => 'Cnt',
  4 => 'Count',
) ]
[ info ] [ LOG ] INIT File
[ sql ] [ DB ] CONNECT:[ UseTime:0.000644s ] mysql:host=127.0.0.1;dbname=SafetyMng;charset=utf8
[ sql ] [ SQL ] SELECT * FROM TaskList WHERE isDeleted = '否' AND Status <> '已完成' AND  ReciveCorp = '质检科' [ RunTime:0.001034s ]
[ sql ] [ SQL ] '质检科'ELECT * FROM ReformList WHERE ReformStatus<>'整改效果审核通过' AND isDeleted ='否' Order BY DutyCorp,IssueDate ASC [ RunTime:0.001122s ]
[ error ] [8]未定义变量: CurPlatform[/private/var/www/html/runtime/temp/eb882fd9a154d6b46ffef47635d747bb.php:179]
[ error ] [8]未定义变量: CurPlatform[/private/var/www/html/runtime/temp/eb882fd9a154d6b46ffef47635d747bb.php:213]
[ error ] [8]未定义变量: Warning[/private/var/www/html/runtime/temp/eb882fd9a154d6b46ffef47635d747bb.php:274]
[ error ] [8]未定义变量: MsgCount[/private/var/www/html/runtime/temp/eb882fd9a154d6b46ffef47635d747bb.php:348]
[ error ] [8]未定义变量: MsgCount[/private/var/www/html/runtime/temp/eb882fd9a154d6b46ffef47635d747bb.php:348]
---------------------------------------------------------------
[ 2019-03-20T23:05:17+08:00 ] 127.0.0.1 GET 127.0.0.1/SafetyMng/TaskList/Index.html
[运行时间：0.104184s] [吞吐率：9.60req/s] [内存消耗：2,625.91kb] [文件加载：58]
[ info ] [ LANG ] /private/var/www/html/thinkphp/lang/zh-cn.php
[ info ] [ ROUTE ] array (
  'type' => 'module',
  'module' => 
  array (
    0 => 'SafetyMng',
    1 => 'TaskList',
    2 => 'Index',
  ),
)
[ info ] [ HEADER ] array (
  'cookie' => 'PHPSESSID=8cfn933obqbqrgtkdfrhfbqb3a',
  'accept-language' => 'zh-CN,zh;q=0.9,en;q=0.8',
  'accept-encoding' => 'gzip, deflate, br',
  'referer' => 'http://127.0.0.1/SafetyMng/CheckTask/showCheckListMng',
  'accept' => 'text/html,application/xhtml+xml,application/xml;q=0.9,image/webp,image/apng,*/*;q=0.8',
  'user-agent' => 'Mozilla/5.0 (Macintosh; Intel Mac OS X 10_13_6) AppleWebKit/537.36 (KHTML, like Gecko) Chrome/72.0.3626.121 Safari/537.36',
  'upgrade-insecure-requests' => '1',
  'connection' => 'keep-alive',
  'host' => '127.0.0.1',
  'content-type' => '',
  'content-length' => '',
)
[ info ] [ PARAM ] array (
)
[ info ] [ SESSION ] INIT array (
  'id' => '',
  'var_session_id' => '',
  'prefix' => 'think',
  'type' => '',
  'auto_start' => true,
)
[ info ] [ RUN ] app\safetymng\controller\TaskList->Index[ /private/var/www/html/application/safetymng/controller/TaskList.php ]
[ info ] [ DB ] INIT mysql
[ info ] [ VIEW ] /private/var/www/html/public/../application/safetymng/view/TaskList/index.html [ array (
  0 => 'ReformList',
  1 => 'ActiveLI',
  2 => 'TaskList',
  3 => 'Cnt',
  4 => 'Count',
) ]
[ info ] [ LOG ] INIT File
[ sql ] [ DB ] CONNECT:[ UseTime:0.002757s ] mysql:host=127.0.0.1;dbname=SafetyMng;charset=utf8
[ sql ] [ SQL ] SELECT * FROM TaskList WHERE isDeleted = '否' AND Status <> '已完成' AND  ReciveCorp = '质检科' [ RunTime:0.002058s ]
[ sql ] [ SQL ] '质检科'ELECT * FROM ReformList WHERE ReformStatus<>'整改效果审核通过' AND isDeleted ='否' Order BY DutyCorp,IssueDate ASC [ RunTime:0.001440s ]
[ error ] [8]未定义变量: CurPlatform[/private/var/www/html/runtime/temp/eb882fd9a154d6b46ffef47635d747bb.php:179]
[ error ] [8]未定义变量: CurPlatform[/private/var/www/html/runtime/temp/eb882fd9a154d6b46ffef47635d747bb.php:213]
[ error ] [8]未定义变量: Warning[/private/var/www/html/runtime/temp/eb882fd9a154d6b46ffef47635d747bb.php:274]
[ error ] [8]未定义变量: MsgCount[/private/var/www/html/runtime/temp/eb882fd9a154d6b46ffef47635d747bb.php:348]
[ error ] [8]未定义变量: MsgCount[/private/var/www/html/runtime/temp/eb882fd9a154d6b46ffef47635d747bb.php:348]
