---------------------------------------------------------------
[ 2019-03-24T21:24:16+08:00 ] 192.168.128.1 GET 192.168.128.9/
[运行时间：0.023588s] [吞吐率：42.39req/s] [内存消耗：1,593.66kb] [文件加载：49]
[ info ] [ LANG ] /private/var/www/html/thinkphp/lang/zh-cn.php
[ info ] [ ROUTE ] array (
  'type' => 'module',
  'module' => 
  array (
    0 => '',
    1 => NULL,
    2 => NULL,
  ),
)
[ info ] [ HEADER ] array (
  'host' => '192.168.128.9',
  'content-type' => '',
  'content-length' => '',
)
[ info ] [ PARAM ] array (
)
[ info ] [ SESSION ] INIT array (
  'id' => '',
  'var_session_id' => '',
  'prefix' => 'think',
  'type' => '',
  'auto_start' => true,
)
[ info ] [ LOG ] INIT File
[ error ] [8]未定义数组索引: HTTP_USER_AGENT[/private/var/www/html/application/safetymng/controller/PublicController.php:27]
---------------------------------------------------------------
[ 2019-03-24T21:49:29+08:00 ] 192.168.128.1 GET 192.168.128.9/
[运行时间：0.018032s] [吞吐率：55.46req/s] [内存消耗：1,593.66kb] [文件加载：49]
[ info ] [ LANG ] /private/var/www/html/thinkphp/lang/zh-cn.php
[ info ] [ ROUTE ] array (
  'type' => 'module',
  'module' => 
  array (
    0 => '',
    1 => NULL,
    2 => NULL,
  ),
)
[ info ] [ HEADER ] array (
  'host' => '192.168.128.9',
  'content-type' => '',
  'content-length' => '',
)
[ info ] [ PARAM ] array (
)
[ info ] [ SESSION ] INIT array (
  'id' => '',
  'var_session_id' => '',
  'prefix' => 'think',
  'type' => '',
  'auto_start' => true,
)
[ info ] [ LOG ] INIT File
[ error ] [8]未定义数组索引: HTTP_USER_AGENT[/private/var/www/html/application/safetymng/controller/PublicController.php:27]
---------------------------------------------------------------
[ 2019-03-24T21:51:14+08:00 ] 127.0.0.1 GET 127.0.0.1/SafetyMng/CheckTask/showCheckSelectRow
[运行时间：0.039182s] [吞吐率：25.52req/s] [内存消耗：2,407.38kb] [文件加载：56]
[ info ] [ LANG ] /private/var/www/html/thinkphp/lang/zh-cn.php
[ info ] [ ROUTE ] array (
  'type' => 'module',
  'module' => 
  array (
    0 => 'SafetyMng',
    1 => 'CheckTask',
    2 => 'showCheckSelectRow',
  ),
)
[ info ] [ HEADER ] array (
  'cookie' => 'PHPSESSID=o9uuu07gf2fn5b6svl8pqpgp71',
  'accept-language' => 'zh-CN,zh;q=0.9,en;q=0.8',
  'accept-encoding' => 'gzip, deflate, br',
  'referer' => 'http://127.0.0.1/SafetyMng/CheckTask/CreateCheckTask',
  'accept' => 'text/html,application/xhtml+xml,application/xml;q=0.9,image/webp,image/apng,*/*;q=0.8',
  'user-agent' => 'Mozilla/5.0 (Macintosh; Intel Mac OS X 10_13_6) AppleWebKit/537.36 (KHTML, like Gecko) Chrome/72.0.3626.121 Safari/537.36',
  'upgrade-insecure-requests' => '1',
  'connection' => 'keep-alive',
  'host' => '127.0.0.1',
  'content-type' => '',
  'content-length' => '',
)
[ info ] [ PARAM ] array (
)
[ info ] [ SESSION ] INIT array (
  'id' => '',
  'var_session_id' => '',
  'prefix' => 'think',
  'type' => '',
  'auto_start' => true,
)
[ info ] [ RUN ] app\safetymng\controller\CheckTask->showCheckSelectRow[ /private/var/www/html/application/safetymng/controller/CheckTask.php ]
[ info ] [ DB ] INIT mysql
[ info ] [ VIEW ] /private/var/www/html/public/../application/safetymng/view/CheckTask/CheckRowSelect.html [ array (
  0 => 'CorpList',
  1 => 'CheckDB',
) ]
[ info ] [ LOG ] INIT File
[ sql ] [ DB ] CONNECT:[ UseTime:0.002469s ] mysql:host=127.0.0.1;dbname=SafetyMng;charset=utf8
[ sql ] [ SQL ] SHOW COLUMNS FROM `UserList` [ RunTime:0.001434s ]
[ sql ] [ SQL ] SELECT distinct Corp FROM `UserList` [ RunTime:0.000798s ]
[ sql ] [ SQL ] SHOW COLUMNS FROM `CheckBaseDB` [ RunTime:0.002437s ]
[ sql ] [ SQL ] SELECT * FROM `CheckBaseDB` [ RunTime:0.000485s ]
[ error ] [8]未定义变量: CheckRowList[/private/var/www/html/runtime/temp/1c3110f5c10ce59ef89e02ce16baa401.php:211]
[ error ] [8]未定义变量: CheckRowList[/private/var/www/html/runtime/temp/1c3110f5c10ce59ef89e02ce16baa401.php:211]
[ error ] [8]未定义变量: CheckRowList[/private/var/www/html/runtime/temp/1c3110f5c10ce59ef89e02ce16baa401.php:211]
[ error ] [8]Array to string conversion[/private/var/www/html/runtime/temp/1c3110f5c10ce59ef89e02ce16baa401.php:324]
