---------------------------------------------------------------
[ 2019-03-29T11:23:39+08:00 ] 127.0.0.1 GET 127.0.0.1/SafetyMng/QuestionInput/Index.html
[运行时间：0.065534s] [吞吐率：15.26req/s] [内存消耗：1,635.26kb] [文件加载：48]
[ info ] [ LANG ] /private/var/www/html/thinkphp/lang/zh-cn.php
[ info ] [ ROUTE ] array (
  'type' => 'module',
  'module' => 
  array (
    0 => 'SafetyMng',
    1 => 'QuestionInput',
    2 => 'Index',
  ),
)
[ info ] [ HEADER ] array (
  'cookie' => 'PHPSESSID=89hojjnqtcdhh26t36sipnfmb7',
  'accept-language' => 'zh-CN,zh;q=0.9,en;q=0.8',
  'accept-encoding' => 'gzip, deflate, br',
  'accept' => 'text/html,application/xhtml+xml,application/xml;q=0.9,image/webp,image/apng,*/*;q=0.8,application/signed-exchange;v=b3',
  'user-agent' => 'Mozilla/5.0 (Macintosh; Intel Mac OS X 10_13_6) AppleWebKit/537.36 (KHTML, like Gecko) Chrome/73.0.3683.86 Safari/537.36',
  'upgrade-insecure-requests' => '1',
  'connection' => 'keep-alive',
  'host' => '127.0.0.1',
  'content-type' => '',
  'content-length' => '',
)
[ info ] [ PARAM ] array (
)
[ info ] [ RUN ] app\safetymng\controller\QuestionInput->index[ /private/var/www/html/application/safetymng/controller/QuestionInput.php ]
[ info ] [ VIEW ] /private/var/www/html/public/../application/safetymng/view/QuestionInput/index.html [ array (
) ]
[ info ] [ SESSION ] INIT array (
  'id' => '',
  'var_session_id' => '',
  'prefix' => 'think',
  'type' => '',
  'auto_start' => true,
)
[ info ] [ LOG ] INIT File
[ error ] [8]未定义变量: CurPlatform[/private/var/www/html/runtime/temp/f8cf3e15fab98501b0e7f04bbad81cac.php:179]
[ error ] [8]未定义变量: CurPlatform[/private/var/www/html/runtime/temp/f8cf3e15fab98501b0e7f04bbad81cac.php:213]
[ error ] [8]未定义变量: Warning[/private/var/www/html/runtime/temp/f8cf3e15fab98501b0e7f04bbad81cac.php:258]
[ error ] [8]未定义变量: Warning[/private/var/www/html/runtime/temp/f8cf3e15fab98501b0e7f04bbad81cac.php:258]
---------------------------------------------------------------
[ 2019-03-29T11:29:09+08:00 ] 127.0.0.1 GET 127.0.0.1/SafetyMng/QuestionInput/Index.html
[运行时间：0.025359s] [吞吐率：39.43req/s] [内存消耗：1,635.77kb] [文件加载：48]
[ info ] [ LANG ] /private/var/www/html/thinkphp/lang/zh-cn.php
[ info ] [ ROUTE ] array (
  'type' => 'module',
  'module' => 
  array (
    0 => 'SafetyMng',
    1 => 'QuestionInput',
    2 => 'Index',
  ),
)
[ info ] [ HEADER ] array (
  'cookie' => 'PHPSESSID=89hojjnqtcdhh26t36sipnfmb7',
  'accept-language' => 'zh-CN,zh;q=0.9,en;q=0.8',
  'accept-encoding' => 'gzip, deflate, br',
  'referer' => 'http://127.0.0.1/SafetyMng/QuestionInput/Index.html',
  'accept' => 'text/html,application/xhtml+xml,application/xml;q=0.9,image/webp,image/apng,*/*;q=0.8,application/signed-exchange;v=b3',
  'user-agent' => 'Mozilla/5.0 (Macintosh; Intel Mac OS X 10_13_6) AppleWebKit/537.36 (KHTML, like Gecko) Chrome/73.0.3683.86 Safari/537.36',
  'upgrade-insecure-requests' => '1',
  'connection' => 'keep-alive',
  'host' => '127.0.0.1',
  'content-type' => '',
  'content-length' => '',
)
[ info ] [ PARAM ] array (
)
[ info ] [ RUN ] app\safetymng\controller\QuestionInput->index[ /private/var/www/html/application/safetymng/controller/QuestionInput.php ]
[ info ] [ VIEW ] /private/var/www/html/public/../application/safetymng/view/QuestionInput/index.html [ array (
) ]
[ info ] [ SESSION ] INIT array (
  'id' => '',
  'var_session_id' => '',
  'prefix' => 'think',
  'type' => '',
  'auto_start' => true,
)
[ info ] [ LOG ] INIT File
[ error ] [8]未定义变量: CurPlatform[/private/var/www/html/runtime/temp/f8cf3e15fab98501b0e7f04bbad81cac.php:179]
[ error ] [8]未定义变量: CurPlatform[/private/var/www/html/runtime/temp/f8cf3e15fab98501b0e7f04bbad81cac.php:213]
[ error ] [8]未定义变量: Warning[/private/var/www/html/runtime/temp/f8cf3e15fab98501b0e7f04bbad81cac.php:258]
[ error ] [8]未定义变量: Warning[/private/var/www/html/runtime/temp/f8cf3e15fab98501b0e7f04bbad81cac.php:258]
---------------------------------------------------------------
[ 2019-03-29T11:36:03+08:00 ] 127.0.0.1 GET 127.0.0.1/SafetyMng/QuestionInput/Index.html
[运行时间：0.033593s] [吞吐率：29.77req/s] [内存消耗：1,635.26kb] [文件加载：48]
[ info ] [ LANG ] /private/var/www/html/thinkphp/lang/zh-cn.php
[ info ] [ ROUTE ] array (
  'type' => 'module',
  'module' => 
  array (
    0 => 'SafetyMng',
    1 => 'QuestionInput',
    2 => 'Index',
  ),
)
[ info ] [ HEADER ] array (
  'cookie' => 'PHPSESSID=89hojjnqtcdhh26t36sipnfmb7',
  'accept-language' => 'zh-CN,zh;q=0.9,en;q=0.8',
  'accept-encoding' => 'gzip, deflate, br',
  'accept' => 'text/html,application/xhtml+xml,application/xml;q=0.9,image/webp,image/apng,*/*;q=0.8,application/signed-exchange;v=b3',
  'user-agent' => 'Mozilla/5.0 (Macintosh; Intel Mac OS X 10_13_6) AppleWebKit/537.36 (KHTML, like Gecko) Chrome/73.0.3683.86 Safari/537.36',
  'upgrade-insecure-requests' => '1',
  'connection' => 'keep-alive',
  'host' => '127.0.0.1',
  'content-type' => '',
  'content-length' => '',
)
[ info ] [ PARAM ] array (
)
[ info ] [ RUN ] app\safetymng\controller\QuestionInput->index[ /private/var/www/html/application/safetymng/controller/QuestionInput.php ]
[ info ] [ VIEW ] /private/var/www/html/public/../application/safetymng/view/QuestionInput/index.html [ array (
) ]
[ info ] [ SESSION ] INIT array (
  'id' => '',
  'var_session_id' => '',
  'prefix' => 'think',
  'type' => '',
  'auto_start' => true,
)
[ info ] [ LOG ] INIT File
[ error ] [8]未定义变量: CurPlatform[/private/var/www/html/runtime/temp/f8cf3e15fab98501b0e7f04bbad81cac.php:179]
[ error ] [8]未定义变量: CurPlatform[/private/var/www/html/runtime/temp/f8cf3e15fab98501b0e7f04bbad81cac.php:213]
[ error ] [8]未定义变量: Warning[/private/var/www/html/runtime/temp/f8cf3e15fab98501b0e7f04bbad81cac.php:258]
[ error ] [8]未定义变量: Warning[/private/var/www/html/runtime/temp/f8cf3e15fab98501b0e7f04bbad81cac.php:258]
---------------------------------------------------------------
[ 2019-03-29T11:36:05+08:00 ] 127.0.0.1 GET 127.0.0.1/SafetyMng/CheckTask/Index.html
[运行时间：0.052844s] [吞吐率：18.92req/s] [内存消耗：2,427.76kb] [文件加载：56]
[ info ] [ LANG ] /private/var/www/html/thinkphp/lang/zh-cn.php
[ info ] [ ROUTE ] array (
  'type' => 'module',
  'module' => 
  array (
    0 => 'SafetyMng',
    1 => 'CheckTask',
    2 => 'Index',
  ),
)
[ info ] [ HEADER ] array (
  'cookie' => 'PHPSESSID=89hojjnqtcdhh26t36sipnfmb7',
  'accept-language' => 'zh-CN,zh;q=0.9,en;q=0.8',
  'accept-encoding' => 'gzip, deflate, br',
  'referer' => 'http://127.0.0.1/SafetyMng/QuestionInput/Index.html',
  'accept' => 'text/html,application/xhtml+xml,application/xml;q=0.9,image/webp,image/apng,*/*;q=0.8,application/signed-exchange;v=b3',
  'user-agent' => 'Mozilla/5.0 (Macintosh; Intel Mac OS X 10_13_6) AppleWebKit/537.36 (KHTML, like Gecko) Chrome/73.0.3683.86 Safari/537.36',
  'upgrade-insecure-requests' => '1',
  'connection' => 'keep-alive',
  'host' => '127.0.0.1',
  'content-type' => '',
  'content-length' => '',
)
[ info ] [ PARAM ] array (
)
[ info ] [ SESSION ] INIT array (
  'id' => '',
  'var_session_id' => '',
  'prefix' => 'think',
  'type' => '',
  'auto_start' => true,
)
[ info ] [ RUN ] app\safetymng\controller\CheckTask->index[ /private/var/www/html/application/safetymng/controller/CheckTask.php ]
[ info ] [ DB ] INIT mysql
[ info ] [ VIEW ] /private/var/www/html/public/../application/safetymng/view/CheckTask/index.html [ array (
  0 => 'UserList',
  1 => 'QuestionSource',
  2 => 'Today',
) ]
[ info ] [ LOG ] INIT File
[ sql ] [ DB ] CONNECT:[ UseTime:0.001300s ] mysql:host=127.0.0.1;dbname=SafetyMng;charset=utf8
[ sql ] [ SQL ] SHOW COLUMNS FROM `UserList` [ RunTime:0.000847s ]
[ sql ] [ SQL ] SELECT * FROM `UserList` WHERE  `Corp` = '质检科' [ RunTime:0.000825s ]
[ sql ] [ SQL ] SHOW COLUMNS FROM `QuestionSource` [ RunTime:0.002360s ]
[ sql ] [ SQL ] SELECT * FROM `QuestionSource` [ RunTime:0.002201s ]
[ error ] [8]未定义变量: CurPlatform[/private/var/www/html/runtime/temp/0be411da76eabe8f08dc0d94b3c50191.php:179]
[ error ] [8]未定义变量: CurPlatform[/private/var/www/html/runtime/temp/0be411da76eabe8f08dc0d94b3c50191.php:213]
[ error ] [8]未定义变量: Warning[/private/var/www/html/runtime/temp/0be411da76eabe8f08dc0d94b3c50191.php:262]
[ error ] [8]未定义变量: Warning[/private/var/www/html/runtime/temp/0be411da76eabe8f08dc0d94b3c50191.php:268]
---------------------------------------------------------------
[ 2019-03-29T11:36:12+08:00 ] 127.0.0.1 POST 127.0.0.1/SafetyMng/CheckTask/CreateCheckTask
[运行时间：0.066512s] [吞吐率：15.03req/s] [内存消耗：2,393.56kb] [文件加载：56]
[ info ] [ LANG ] /private/var/www/html/thinkphp/lang/zh-cn.php
[ info ] [ ROUTE ] array (
  'type' => 'module',
  'module' => 
  array (
    0 => 'SafetyMng',
    1 => 'CheckTask',
    2 => 'CreateCheckTask',
  ),
)
[ info ] [ HEADER ] array (
  'cookie' => 'PHPSESSID=89hojjnqtcdhh26t36sipnfmb7',
  'accept-language' => 'zh-CN,zh;q=0.9,en;q=0.8',
  'accept-encoding' => 'gzip, deflate, br',
  'referer' => 'http://127.0.0.1/SafetyMng/CheckTask/Index.html',
  'accept' => 'text/html,application/xhtml+xml,application/xml;q=0.9,image/webp,image/apng,*/*;q=0.8,application/signed-exchange;v=b3',
  'user-agent' => 'Mozilla/5.0 (Macintosh; Intel Mac OS X 10_13_6) AppleWebKit/537.36 (KHTML, like Gecko) Chrome/73.0.3683.86 Safari/537.36',
  'content-type' => 'application/x-www-form-urlencoded',
  'upgrade-insecure-requests' => '1',
  'origin' => 'http://127.0.0.1',
  'cache-control' => 'max-age=0',
  'content-length' => '238',
  'connection' => 'keep-alive',
  'host' => '127.0.0.1',
)
[ info ] [ PARAM ] array (
  'CheckName' => '19年3月21日日常检查dssddsds',
  'ManagerSelect' => '张雪平  ',
  'CheckSource' => '日常检察',
  'GroupDealer' => '薛鹏    ',
  'ScheduleDate' => '2019-03-29',
)
[ info ] [ SESSION ] INIT array (
  'id' => '',
  'var_session_id' => '',
  'prefix' => 'think',
  'type' => '',
  'auto_start' => true,
)
[ info ] [ RUN ] app\safetymng\controller\CheckTask->CreateCheckTask[ /private/var/www/html/application/safetymng/controller/CheckTask.php ]
[ info ] [ DB ] INIT mysql
[ info ] [ CACHE ] INIT File
[ info ] [ LOG ] INIT File
[ sql ] [ DB ] CONNECT:[ UseTime:0.000671s ] mysql:host=127.0.0.1;dbname=SafetyMng;charset=utf8
[ sql ] [ SQL ] SELECT CodePre FROM QuestionSource WHERE SourceName = '日常检察' [ RunTime:0.000574s ]
[ sql ] [ SQL ] '日常检察'HOW COLUMNS FROM `CheckList` [ RunTime:0.000798s ]
[ sql ] [ SQL ] INSERT INTO `CheckList` (`CheckName` , `CheckSource` , `ScheduleDate` , `CheckCode` , `TaskID` , `Status`) VALUES ('19年3月21日日常检查dssddsds' , '日常检察' , '2019-03-29' , 'RCJC-JX-20190329113612' , 0 , '尚未开始') [ RunTime:0.002506s ]
[ sql ] [ SQL ] SHOW COLUMNS FROM `TaskList` [ RunTime:0.000981s ]
[ sql ] [ SQL ] INSERT INTO `TaskList` (`TaskType` , `TaskName` , `ReciveCorp` , `RelateID` , `CreateTime` , `ParentID`) VALUES ('在线检查任务' , '19年3月21日日常检查dssddsds' , '质检科' , 52 , '2019-03-29 11:36:12' , 0) [ RunTime:0.001606s ]
[ sql ] [ SQL ] UPDATE `CheckList`  SET `Checkers`='张雪平   薛鹏    ',`TaskID`=252  WHERE  `id` = 52 [ RunTime:0.001966s ]
[ sql ] [ SQL ] SELECT `DealGroupID` FROM `TaskList` WHERE  `id` = 252 [ RunTime:0.000704s ]
[ sql ] [ SQL ] SHOW COLUMNS FROM `TaskDealerGroup` [ RunTime:0.002001s ]
[ sql ] [ SQL ] INSERT INTO `TaskDealerGroup` (`TaskID` , `GroupID` , `Name` , `Role` , `Corp` , `AddTime`) VALUES (252 , '20190329113612813' , '张雪平  ' , '组长' , '质检科' , '2019-03-29 11:36:12') [ RunTime:0.001868s ]
[ sql ] [ SQL ] INSERT INTO `TaskDealerGroup` (`TaskID` , `GroupID` , `Name` , `Role` , `Corp` , `AddTime`) VALUES (252 , '20190329113612813' , '薛鹏    ' , '组员' , '质检科' , '2019-03-29 11:36:12') [ RunTime:0.001445s ]
[ sql ] [ SQL ] UPDATE `TaskList`  SET `DealGroupID`='20190329113612813',`GroupMember`='张雪平   薛鹏     '  WHERE  `id` = 252 [ RunTime:0.001669s ]
---------------------------------------------------------------
[ 2019-03-29T11:36:12+08:00 ] 127.0.0.1 GET 127.0.0.1/SafetyMng/CheckTask/showCheckListMng/CheckListID/52
[运行时间：0.048880s] [吞吐率：20.46req/s] [内存消耗：2,435.84kb] [文件加载：56]
[ info ] [ LANG ] /private/var/www/html/thinkphp/lang/zh-cn.php
[ info ] [ ROUTE ] array (
  'type' => 'module',
  'module' => 
  array (
    0 => 'SafetyMng',
    1 => 'CheckTask',
    2 => 'showCheckListMng',
  ),
)
[ info ] [ HEADER ] array (
  'cookie' => 'PHPSESSID=89hojjnqtcdhh26t36sipnfmb7',
  'accept-language' => 'zh-CN,zh;q=0.9,en;q=0.8',
  'accept-encoding' => 'gzip, deflate, br',
  'referer' => 'http://127.0.0.1/SafetyMng/CheckTask/Index.html',
  'accept' => 'text/html,application/xhtml+xml,application/xml;q=0.9,image/webp,image/apng,*/*;q=0.8,application/signed-exchange;v=b3',
  'user-agent' => 'Mozilla/5.0 (Macintosh; Intel Mac OS X 10_13_6) AppleWebKit/537.36 (KHTML, like Gecko) Chrome/73.0.3683.86 Safari/537.36',
  'upgrade-insecure-requests' => '1',
  'cache-control' => 'max-age=0',
  'connection' => 'keep-alive',
  'host' => '127.0.0.1',
  'content-type' => '',
  'content-length' => '',
)
[ info ] [ PARAM ] array (
  'CheckListID' => '52',
)
[ info ] [ SESSION ] INIT array (
  'id' => '',
  'var_session_id' => '',
  'prefix' => 'think',
  'type' => '',
  'auto_start' => true,
)
[ info ] [ RUN ] app\safetymng\controller\CheckTask->showCheckListMng[ /private/var/www/html/application/safetymng/controller/CheckTask.php ]
[ info ] [ DB ] INIT mysql
[ info ] [ VIEW ] /private/var/www/html/public/../application/safetymng/view/CheckTask/CheckList.html [ array (
  0 => 'CheckInfoRow',
  1 => 'CheckListID',
  2 => 'CheckList',
) ]
[ info ] [ LOG ] INIT File
[ sql ] [ DB ] CONNECT:[ UseTime:0.000867s ] mysql:host=127.0.0.1;dbname=SafetyMng;charset=utf8
[ sql ] [ SQL ] SHOW COLUMNS FROM `CheckList` [ RunTime:0.001099s ]
[ sql ] [ SQL ] SELECT * FROM `CheckList` WHERE  `id` = 52 [ RunTime:0.000676s ]
[ sql ] [ SQL ] SELECT CheckBaseDB.BaseName,FirstHalfCheckTB.ProfessionName,FirstHalfCheckTB.BusinessName,FirstHalfCheckTB.CheckSubject,FirstHalfCheckTB.CheckSubject,
        FirstHalfCheckTB.Code1,FirstHalfCheckTB.Code2,FirstHalfCheckTB.CheckContent,FirstHalfCheckTB.CheckStandard,
        SecondHalfCheckTB.ComplianceStandard,SecondHalfCheckTB.CheckMethods,SecondHalfCheckTB.BasisName,
        SecondHalfCheckTB.BasisTerm,SecondHalfCheckTB.RelatedCorps,SecondHalfCheckTB.CheckFrequency,CheckListDetail.id as CheckListRowId
        FROM FirstHalfCheckTB JOIN SecondHalfCheckTB JOIN CheckListDetail JOIN CheckBaseDB ON CheckBaseDB.id=FirstHalfCheckTB.BaseDBID AND SecondHalfCheckTB.CheckStandardID = FirstHalfCheckTB.id AND 
              SecondHalfCheckTB.IsValid ='YES' AND FirstHalfCheckTB.IsValid = 'YES' AND CheckListDetail.CheckDBID = FirstHalfCheckTB.BaseDBID 
              AND CheckListDetail.FirstHalfTBID = FirstHalfCheckTB.id AND CheckListDetail.SecondHalfTBID = SecondHalfCheckTB.id WHERE CheckListDetail.CheckListID='52' [ RunTime:0.001656s ]
[ error ] [8]未定义变量: CurPlatform[/private/var/www/html/runtime/temp/e24487b268f717bd138af9e3e339c472.php:179]
[ error ] [8]未定义变量: CurPlatform[/private/var/www/html/runtime/temp/e24487b268f717bd138af9e3e339c472.php:213]
[ error ] [8]未定义变量: Warning[/private/var/www/html/runtime/temp/e24487b268f717bd138af9e3e339c472.php:268]
---------------------------------------------------------------
[ 2019-03-29T11:36:19+08:00 ] 127.0.0.1 GET 127.0.0.1/SafetyMng/CheckTask/showCheckListMng/CheckListID/52
[运行时间：0.029242s] [吞吐率：34.20req/s] [内存消耗：2,435.84kb] [文件加载：56]
[ info ] [ LANG ] /private/var/www/html/thinkphp/lang/zh-cn.php
[ info ] [ ROUTE ] array (
  'type' => 'module',
  'module' => 
  array (
    0 => 'SafetyMng',
    1 => 'CheckTask',
    2 => 'showCheckListMng',
  ),
)
[ info ] [ HEADER ] array (
  'cookie' => 'PHPSESSID=89hojjnqtcdhh26t36sipnfmb7',
  'accept-language' => 'zh-CN,zh;q=0.9,en;q=0.8',
  'accept-encoding' => 'gzip, deflate, br',
  'referer' => 'http://127.0.0.1/SafetyMng/CheckTask/Index.html',
  'accept' => 'text/html,application/xhtml+xml,application/xml;q=0.9,image/webp,image/apng,*/*;q=0.8,application/signed-exchange;v=b3',
  'user-agent' => 'Mozilla/5.0 (Macintosh; Intel Mac OS X 10_13_6) AppleWebKit/537.36 (KHTML, like Gecko) Chrome/73.0.3683.86 Safari/537.36',
  'upgrade-insecure-requests' => '1',
  'cache-control' => 'max-age=0',
  'connection' => 'keep-alive',
  'host' => '127.0.0.1',
  'content-type' => '',
  'content-length' => '',
)
[ info ] [ PARAM ] array (
  'CheckListID' => '52',
)
[ info ] [ SESSION ] INIT array (
  'id' => '',
  'var_session_id' => '',
  'prefix' => 'think',
  'type' => '',
  'auto_start' => true,
)
[ info ] [ RUN ] app\safetymng\controller\CheckTask->showCheckListMng[ /private/var/www/html/application/safetymng/controller/CheckTask.php ]
[ info ] [ DB ] INIT mysql
[ info ] [ VIEW ] /private/var/www/html/public/../application/safetymng/view/CheckTask/CheckList.html [ array (
  0 => 'CheckInfoRow',
  1 => 'CheckListID',
  2 => 'CheckList',
) ]
[ info ] [ LOG ] INIT File
[ sql ] [ DB ] CONNECT:[ UseTime:0.000683s ] mysql:host=127.0.0.1;dbname=SafetyMng;charset=utf8
[ sql ] [ SQL ] SHOW COLUMNS FROM `CheckList` [ RunTime:0.000867s ]
[ sql ] [ SQL ] SELECT * FROM `CheckList` WHERE  `id` = 52 [ RunTime:0.000532s ]
[ sql ] [ SQL ] SELECT CheckBaseDB.BaseName,FirstHalfCheckTB.ProfessionName,FirstHalfCheckTB.BusinessName,FirstHalfCheckTB.CheckSubject,FirstHalfCheckTB.CheckSubject,
        FirstHalfCheckTB.Code1,FirstHalfCheckTB.Code2,FirstHalfCheckTB.CheckContent,FirstHalfCheckTB.CheckStandard,
        SecondHalfCheckTB.ComplianceStandard,SecondHalfCheckTB.CheckMethods,SecondHalfCheckTB.BasisName,
        SecondHalfCheckTB.BasisTerm,SecondHalfCheckTB.RelatedCorps,SecondHalfCheckTB.CheckFrequency,CheckListDetail.id as CheckListRowId
        FROM FirstHalfCheckTB JOIN SecondHalfCheckTB JOIN CheckListDetail JOIN CheckBaseDB ON CheckBaseDB.id=FirstHalfCheckTB.BaseDBID AND SecondHalfCheckTB.CheckStandardID = FirstHalfCheckTB.id AND 
              SecondHalfCheckTB.IsValid ='YES' AND FirstHalfCheckTB.IsValid = 'YES' AND CheckListDetail.CheckDBID = FirstHalfCheckTB.BaseDBID 
              AND CheckListDetail.FirstHalfTBID = FirstHalfCheckTB.id AND CheckListDetail.SecondHalfTBID = SecondHalfCheckTB.id WHERE CheckListDetail.CheckListID='52' [ RunTime:0.000752s ]
[ error ] [8]未定义变量: CurPlatform[/private/var/www/html/runtime/temp/e24487b268f717bd138af9e3e339c472.php:179]
[ error ] [8]未定义变量: CurPlatform[/private/var/www/html/runtime/temp/e24487b268f717bd138af9e3e339c472.php:213]
[ error ] [8]未定义变量: Warning[/private/var/www/html/runtime/temp/e24487b268f717bd138af9e3e339c472.php:268]
---------------------------------------------------------------
[ 2019-03-29T11:36:24+08:00 ] 127.0.0.1 GET 127.0.0.1/SafetyMng/CheckTask/showCheckSelectRow/CheckListID/52
[运行时间：0.039668s] [吞吐率：25.21req/s] [内存消耗：2,592.52kb] [文件加载：58]
[ info ] [ LANG ] /private/var/www/html/thinkphp/lang/zh-cn.php
[ info ] [ ROUTE ] array (
  'type' => 'module',
  'module' => 
  array (
    0 => 'SafetyMng',
    1 => 'CheckTask',
    2 => 'showCheckSelectRow',
  ),
)
[ info ] [ HEADER ] array (
  'cookie' => 'PHPSESSID=89hojjnqtcdhh26t36sipnfmb7',
  'accept-language' => 'zh-CN,zh;q=0.9,en;q=0.8',
  'accept-encoding' => 'gzip, deflate, br',
  'referer' => 'http://127.0.0.1/SafetyMng/CheckTask/showCheckListMng/CheckListID/52',
  'accept' => 'text/html,application/xhtml+xml,application/xml;q=0.9,image/webp,image/apng,*/*;q=0.8,application/signed-exchange;v=b3',
  'user-agent' => 'Mozilla/5.0 (Macintosh; Intel Mac OS X 10_13_6) AppleWebKit/537.36 (KHTML, like Gecko) Chrome/73.0.3683.86 Safari/537.36',
  'upgrade-insecure-requests' => '1',
  'connection' => 'keep-alive',
  'host' => '127.0.0.1',
  'content-type' => '',
  'content-length' => '',
)
[ info ] [ PARAM ] array (
  'CheckListID' => '52',
)
[ info ] [ SESSION ] INIT array (
  'id' => '',
  'var_session_id' => '',
  'prefix' => 'think',
  'type' => '',
  'auto_start' => true,
)
[ info ] [ RUN ] app\safetymng\controller\CheckTask->showCheckSelectRow[ /private/var/www/html/application/safetymng/controller/CheckTask.php ]
[ info ] [ DB ] INIT mysql
[ info ] [ VIEW ] /private/var/www/html/public/../application/safetymng/view/CheckTask/CheckRowSelect.html [ array (
  0 => 'CorpList',
  1 => 'CheckDB',
  2 => 'CheckListID',
) ]
[ info ] [ LOG ] INIT File
[ sql ] [ DB ] CONNECT:[ UseTime:0.000559s ] mysql:host=127.0.0.1;dbname=SafetyMng;charset=utf8
[ sql ] [ SQL ] SHOW COLUMNS FROM `UserList` [ RunTime:0.000752s ]
[ sql ] [ SQL ] SELECT distinct Corp FROM `UserList` [ RunTime:0.000467s ]
[ sql ] [ SQL ] SHOW COLUMNS FROM `CheckBaseDB` [ RunTime:0.000640s ]
[ sql ] [ SQL ] SELECT * FROM `CheckBaseDB` [ RunTime:0.000371s ]
[ error ] [8]未定义数组索引: value[/private/var/www/html/thinkphp/library/think/template/taglib/Cx.php:329]
[ error ] [8]未定义变量: CheckRowList[/private/var/www/html/runtime/temp/1c3110f5c10ce59ef89e02ce16baa401.php:211]
[ error ] [8]未定义变量: CheckRowList[/private/var/www/html/runtime/temp/1c3110f5c10ce59ef89e02ce16baa401.php:211]
[ error ] [8]未定义变量: CheckRowList[/private/var/www/html/runtime/temp/1c3110f5c10ce59ef89e02ce16baa401.php:211]
[ error ] [8]Array to string conversion[/private/var/www/html/runtime/temp/1c3110f5c10ce59ef89e02ce16baa401.php:327]
---------------------------------------------------------------
[ 2019-03-29T11:36:26+08:00 ] 127.0.0.1 POST 127.0.0.1/SafetyMng/CheckTask/CheckRowQuery/CheckListID/52
[运行时间：0.031260s] [吞吐率：31.99req/s] [内存消耗：2,442.19kb] [文件加载：56]
[ info ] [ LANG ] /private/var/www/html/thinkphp/lang/zh-cn.php
[ info ] [ ROUTE ] array (
  'type' => 'module',
  'module' => 
  array (
    0 => 'SafetyMng',
    1 => 'CheckTask',
    2 => 'CheckRowQuery',
  ),
)
[ info ] [ HEADER ] array (
  'cookie' => 'PHPSESSID=89hojjnqtcdhh26t36sipnfmb7',
  'accept-language' => 'zh-CN,zh;q=0.9,en;q=0.8',
  'accept-encoding' => 'gzip, deflate, br',
  'referer' => 'http://127.0.0.1/SafetyMng/CheckTask/showCheckSelectRow/CheckListID/52',
  'accept' => 'text/html,application/xhtml+xml,application/xml;q=0.9,image/webp,image/apng,*/*;q=0.8,application/signed-exchange;v=b3',
  'user-agent' => 'Mozilla/5.0 (Macintosh; Intel Mac OS X 10_13_6) AppleWebKit/537.36 (KHTML, like Gecko) Chrome/73.0.3683.86 Safari/537.36',
  'content-type' => 'application/x-www-form-urlencoded',
  'upgrade-insecure-requests' => '1',
  'origin' => 'http://127.0.0.1',
  'cache-control' => 'max-age=0',
  'content-length' => '140',
  'connection' => 'keep-alive',
  'host' => '127.0.0.1',
)
[ info ] [ PARAM ] array (
  'opType' => '',
  'CurRowId' => '0',
  'CheckDB' => '1',
  'ProfessionName' => '',
  'BusinessName' => '',
  'CheckSubject' => '',
  'Code1' => '',
  'Code2' => '',
  'CheckContent' => '',
  'CheckStandard' => '',
  'RowSeled' => '',
  'CheckTaskID' => '52',
  'CheckListID' => '52',
)
[ info ] [ SESSION ] INIT array (
  'id' => '',
  'var_session_id' => '',
  'prefix' => 'think',
  'type' => '',
  'auto_start' => true,
)
[ info ] [ RUN ] app\safetymng\controller\CheckTask->CheckRowQuery[ /private/var/www/html/application/safetymng/controller/CheckTask.php ]
[ info ] [ DB ] INIT mysql
[ info ] [ VIEW ] /private/var/www/html/public/../application/safetymng/view/CheckTask/CheckRowSelect.html [ array (
  0 => 'RelatedCorps',
  1 => 'CheckRowList',
  2 => 'CorpList',
  3 => 'CheckDB',
  4 => 'CheckListID',
) ]
[ info ] [ LOG ] INIT File
[ sql ] [ DB ] CONNECT:[ UseTime:0.000729s ] mysql:host=127.0.0.1;dbname=SafetyMng;charset=utf8
[ sql ] [ SQL ]  SELECT SecondHalfCheckTB.*,
                        FirstHalfCheckTB.id as FHId,
                        FirstHalfCheckTB.BaseDBID,
                        FirstHalfCheckTB.ProfessionName,
                        FirstHalfCheckTB.BusinessName,
                        FirstHalfCheckTB.Code1,
                        FirstHalfCheckTB.Code2,
                        FirstHalfCheckTB.CheckSubject,
                        FirstHalfCheckTB.CheckStandard,
                        CheckListDetail.id as CheckListRowId FROM SecondHalfCheckTB JOIN FirstHalfCheckTB ON 
                        SecondHalfCheckTB.CheckStandardID = FirstHalfCheckTB.id LEFT JOIN CheckListDetail ON CheckListDetail.FirstHalfTBID = FirstHalfCheckTB.id 
                         AND CheckListDetail.SecondHalfTBID = SecondHalfCheckTB.id WHERE 
                        BaseDBID= '1' AND 
                        ProfessionName like '%%' AND 
                        BusinessName LIKE '%%' AND 
                        Code1 LIKE '%%' AND 
                        Code2 LIKE '%%' AND 
                        CheckSubject LIKE '%%' AND 
                        FirstHalfCheckTB.CheckContent LIKE '%%' AND 
                        FirstHalfCheckTB.CheckStandard LIKE '%%' AND 
                        FirstHalfCheckTB.IsValid = 'YES' AND 
                        SecondHalfCheckTB.IsValid = 'YES' [ RunTime:0.001171s ]
[ sql ] [ SQL ] '%%'%%'%%'%%'%%'%%'%%'1'HOW COLUMNS FROM `UserList` [ RunTime:0.000691s ]
[ sql ] [ SQL ] '%%'%%'%%'%%'%%'%%'%%'1'ELECT distinct Corp FROM `UserList` [ RunTime:0.000555s ]
[ sql ] [ SQL ] '%%'%%'%%'%%'%%'%%'%%'1'HOW COLUMNS FROM `CheckBaseDB` [ RunTime:0.000655s ]
[ sql ] [ SQL ] '%%'%%'%%'%%'%%'%%'%%'1'ELECT * FROM `CheckBaseDB` [ RunTime:0.000506s ]
[ error ] [8]未定义变量: Cnt[/private/var/www/html/runtime/temp/1c3110f5c10ce59ef89e02ce16baa401.php:212]
---------------------------------------------------------------
[ 2019-03-29T11:36:32+08:00 ] 127.0.0.1 POST 127.0.0.1/SafetyMng/Help/Ajax_AddRowToCheckList
[运行时间：0.032815s] [吞吐率：30.47req/s] [内存消耗：2,323.05kb] [文件加载：50]
[ info ] [ LANG ] /private/var/www/html/thinkphp/lang/zh-cn.php
[ info ] [ ROUTE ] array (
  'type' => 'module',
  'module' => 
  array (
    0 => 'SafetyMng',
    1 => 'Help',
    2 => 'Ajax_AddRowToCheckList',
  ),
)
[ info ] [ HEADER ] array (
  'cookie' => 'PHPSESSID=89hojjnqtcdhh26t36sipnfmb7',
  'accept-language' => 'zh-CN,zh;q=0.9,en;q=0.8',
  'accept-encoding' => 'gzip, deflate, br',
  'referer' => 'http://127.0.0.1/SafetyMng/CheckTask/CheckRowQuery/CheckListID/52',
  'content-type' => 'application/x-www-form-urlencoded; charset=UTF-8',
  'user-agent' => 'Mozilla/5.0 (Macintosh; Intel Mac OS X 10_13_6) AppleWebKit/537.36 (KHTML, like Gecko) Chrome/73.0.3683.86 Safari/537.36',
  'x-requested-with' => 'XMLHttpRequest',
  'origin' => 'http://127.0.0.1',
  'accept' => 'application/json, text/javascript, */*; q=0.01',
  'content-length' => '265',
  'connection' => 'keep-alive',
  'host' => '127.0.0.1',
)
[ info ] [ PARAM ] array (
)
[ info ] [ RUN ] app\safetymng\controller\Help->Ajax_AddRowToCheckList[ /private/var/www/html/application/safetymng/controller/Help.php ]
[ info ] [ DB ] INIT mysql
[ info ] [ LOG ] INIT File
[ sql ] [ DB ] CONNECT:[ UseTime:0.000685s ] mysql:host=127.0.0.1;dbname=SafetyMng;charset=utf8
[ sql ] [ SQL ] SHOW COLUMNS FROM `CheckListDetail` [ RunTime:0.000876s ]
[ sql ] [ SQL ] SELECT * FROM `CheckListDetail` WHERE  `CheckDBID` = 1  AND `CheckListID` = 52  AND `FirstHalfTBID` = 8  AND `SecondHalfTBID` = 7 [ RunTime:0.000589s ]
[ sql ] [ SQL ] SELECT SecondHalfCheckTB.id FROM SecondHalfCheckTB JOIN FirstHalfCheckTB ON SecondHalfCheckTB.CheckStandardID = FirstHalfCheckTB.id AND 
              SecondHalfCheckTB.IsValid ='YES' AND FirstHalfCheckTB.IsValid = 'YES' WHERE SecondHalfCheckTB.CheckStandardID = '8' AND SecondHalfCheckTB.id = '7' AND FirstHalfCheckTB.BaseDBID = '1' [ RunTime:0.000513s ]
[ sql ] [ SQL ] INSERT INTO CheckListDetail(CheckDBID,CheckListID,FirstHalfTBID,SecondHalfTBID,CheckStandSnap,ComplianceStandard,AddTime) 
                    SELECT FirstHalfCheckTB.BaseDBID as CheckDBID,'52' as CheckListID,FirstHalfCheckTB.id as FirstHalfTBID,SecondHalfCheckTB.id as SecondHalfTBID,FirstHalfCheckTB.CheckStandard as CheckStandSnap,
                    SecondHalfCheckTB.ComplianceStandard as ComplianceStandard,'2019-03-29 11:36:32' as AddTime FROM FirstHalfCheckTB JOIN SecondHalfCheckTB  ON SecondHalfCheckTB.CheckStandardID = FirstHalfCheckTB.id AND 
              SecondHalfCheckTB.IsValid ='YES' AND FirstHalfCheckTB.IsValid = 'YES' WHERE SecondHalfCheckTB.CheckStandardID = '8' AND SecondHalfCheckTB.id = '7' AND FirstHalfCheckTB.BaseDBID = '1' [ RunTime:0.001603s ]
[ sql ] [ SQL ] SELECT * FROM `CheckListDetail` WHERE  `CheckDBID` = 1  AND `CheckListID` = 52  AND `FirstHalfTBID` = 8  AND `SecondHalfTBID` = 7 [ RunTime:0.000764s ]
[ sql ] [ SQL ] SELECT * FROM `CheckListDetail` WHERE  `CheckDBID` = 1  AND `CheckListID` = 52  AND `FirstHalfTBID` = 8  AND `SecondHalfTBID` = 7 [ RunTime:0.000682s ]
---------------------------------------------------------------
[ 2019-03-29T11:36:34+08:00 ] 127.0.0.1 GET 127.0.0.1/SafetyMng/CheckTask/showCheckListMng/CheckListID/52
[运行时间：0.044893s] [吞吐率：22.28req/s] [内存消耗：2,438.81kb] [文件加载：56]
[ info ] [ LANG ] /private/var/www/html/thinkphp/lang/zh-cn.php
[ info ] [ ROUTE ] array (
  'type' => 'module',
  'module' => 
  array (
    0 => 'SafetyMng',
    1 => 'CheckTask',
    2 => 'showCheckListMng',
  ),
)
[ info ] [ HEADER ] array (
  'cookie' => 'PHPSESSID=89hojjnqtcdhh26t36sipnfmb7',
  'accept-language' => 'zh-CN,zh;q=0.9,en;q=0.8',
  'accept-encoding' => 'gzip, deflate, br',
  'referer' => 'http://127.0.0.1/SafetyMng/CheckTask/showCheckListMng/CheckListID/52',
  'accept' => 'text/html,application/xhtml+xml,application/xml;q=0.9,image/webp,image/apng,*/*;q=0.8,application/signed-exchange;v=b3',
  'user-agent' => 'Mozilla/5.0 (Macintosh; Intel Mac OS X 10_13_6) AppleWebKit/537.36 (KHTML, like Gecko) Chrome/73.0.3683.86 Safari/537.36',
  'upgrade-insecure-requests' => '1',
  'cache-control' => 'max-age=0',
  'connection' => 'keep-alive',
  'host' => '127.0.0.1',
  'content-type' => '',
  'content-length' => '',
)
[ info ] [ PARAM ] array (
  'CheckListID' => '52',
)
[ info ] [ SESSION ] INIT array (
  'id' => '',
  'var_session_id' => '',
  'prefix' => 'think',
  'type' => '',
  'auto_start' => true,
)
[ info ] [ RUN ] app\safetymng\controller\CheckTask->showCheckListMng[ /private/var/www/html/application/safetymng/controller/CheckTask.php ]
[ info ] [ DB ] INIT mysql
[ info ] [ VIEW ] /private/var/www/html/public/../application/safetymng/view/CheckTask/CheckList.html [ array (
  0 => 'CheckInfoRow',
  1 => 'CheckListID',
  2 => 'CheckList',
) ]
[ info ] [ LOG ] INIT File
[ sql ] [ DB ] CONNECT:[ UseTime:0.000713s ] mysql:host=127.0.0.1;dbname=SafetyMng;charset=utf8
[ sql ] [ SQL ] SHOW COLUMNS FROM `CheckList` [ RunTime:0.000809s ]
[ sql ] [ SQL ] SELECT * FROM `CheckList` WHERE  `id` = 52 [ RunTime:0.002469s ]
[ sql ] [ SQL ] SELECT CheckBaseDB.BaseName,FirstHalfCheckTB.ProfessionName,FirstHalfCheckTB.BusinessName,FirstHalfCheckTB.CheckSubject,FirstHalfCheckTB.CheckSubject,
        FirstHalfCheckTB.Code1,FirstHalfCheckTB.Code2,FirstHalfCheckTB.CheckContent,FirstHalfCheckTB.CheckStandard,
        SecondHalfCheckTB.ComplianceStandard,SecondHalfCheckTB.CheckMethods,SecondHalfCheckTB.BasisName,
        SecondHalfCheckTB.BasisTerm,SecondHalfCheckTB.RelatedCorps,SecondHalfCheckTB.CheckFrequency,CheckListDetail.id as CheckListRowId
        FROM FirstHalfCheckTB JOIN SecondHalfCheckTB JOIN CheckListDetail JOIN CheckBaseDB ON CheckBaseDB.id=FirstHalfCheckTB.BaseDBID AND SecondHalfCheckTB.CheckStandardID = FirstHalfCheckTB.id AND 
              SecondHalfCheckTB.IsValid ='YES' AND FirstHalfCheckTB.IsValid = 'YES' AND CheckListDetail.CheckDBID = FirstHalfCheckTB.BaseDBID 
              AND CheckListDetail.FirstHalfTBID = FirstHalfCheckTB.id AND CheckListDetail.SecondHalfTBID = SecondHalfCheckTB.id WHERE CheckListDetail.CheckListID='52' [ RunTime:0.001747s ]
[ error ] [8]未定义变量: CurPlatform[/private/var/www/html/runtime/temp/e24487b268f717bd138af9e3e339c472.php:179]
[ error ] [8]未定义变量: CurPlatform[/private/var/www/html/runtime/temp/e24487b268f717bd138af9e3e339c472.php:213]
[ error ] [8]未定义变量: Warning[/private/var/www/html/runtime/temp/e24487b268f717bd138af9e3e339c472.php:268]
---------------------------------------------------------------
[ 2019-03-29T11:36:37+08:00 ] 127.0.0.1 GET 127.0.0.1/SafetyMng/CheckTask/showCheckSelectRow/CheckListID/52
[运行时间：0.036494s] [吞吐率：27.40req/s] [内存消耗：2,419.83kb] [文件加载：56]
[ info ] [ LANG ] /private/var/www/html/thinkphp/lang/zh-cn.php
[ info ] [ ROUTE ] array (
  'type' => 'module',
  'module' => 
  array (
    0 => 'SafetyMng',
    1 => 'CheckTask',
    2 => 'showCheckSelectRow',
  ),
)
[ info ] [ HEADER ] array (
  'cookie' => 'PHPSESSID=89hojjnqtcdhh26t36sipnfmb7',
  'accept-language' => 'zh-CN,zh;q=0.9,en;q=0.8',
  'accept-encoding' => 'gzip, deflate, br',
  'referer' => 'http://127.0.0.1/SafetyMng/CheckTask/showCheckListMng/CheckListID/52',
  'accept' => 'text/html,application/xhtml+xml,application/xml;q=0.9,image/webp,image/apng,*/*;q=0.8,application/signed-exchange;v=b3',
  'user-agent' => 'Mozilla/5.0 (Macintosh; Intel Mac OS X 10_13_6) AppleWebKit/537.36 (KHTML, like Gecko) Chrome/73.0.3683.86 Safari/537.36',
  'upgrade-insecure-requests' => '1',
  'connection' => 'keep-alive',
  'host' => '127.0.0.1',
  'content-type' => '',
  'content-length' => '',
)
[ info ] [ PARAM ] array (
  'CheckListID' => '52',
)
[ info ] [ SESSION ] INIT array (
  'id' => '',
  'var_session_id' => '',
  'prefix' => 'think',
  'type' => '',
  'auto_start' => true,
)
[ info ] [ RUN ] app\safetymng\controller\CheckTask->showCheckSelectRow[ /private/var/www/html/application/safetymng/controller/CheckTask.php ]
[ info ] [ DB ] INIT mysql
[ info ] [ VIEW ] /private/var/www/html/public/../application/safetymng/view/CheckTask/CheckRowSelect.html [ array (
  0 => 'CorpList',
  1 => 'CheckDB',
  2 => 'CheckListID',
) ]
[ info ] [ LOG ] INIT File
[ sql ] [ DB ] CONNECT:[ UseTime:0.000640s ] mysql:host=127.0.0.1;dbname=SafetyMng;charset=utf8
[ sql ] [ SQL ] SHOW COLUMNS FROM `UserList` [ RunTime:0.000985s ]
[ sql ] [ SQL ] SELECT distinct Corp FROM `UserList` [ RunTime:0.000703s ]
[ sql ] [ SQL ] SHOW COLUMNS FROM `CheckBaseDB` [ RunTime:0.001907s ]
[ sql ] [ SQL ] SELECT * FROM `CheckBaseDB` [ RunTime:0.000447s ]
[ error ] [8]未定义变量: CheckRowList[/private/var/www/html/runtime/temp/1c3110f5c10ce59ef89e02ce16baa401.php:211]
[ error ] [8]未定义变量: CheckRowList[/private/var/www/html/runtime/temp/1c3110f5c10ce59ef89e02ce16baa401.php:211]
[ error ] [8]未定义变量: CheckRowList[/private/var/www/html/runtime/temp/1c3110f5c10ce59ef89e02ce16baa401.php:211]
[ error ] [8]Array to string conversion[/private/var/www/html/runtime/temp/1c3110f5c10ce59ef89e02ce16baa401.php:327]
---------------------------------------------------------------
[ 2019-03-29T11:36:39+08:00 ] 127.0.0.1 GET 127.0.0.1/SafetyMng/CheckTask/showCheckListMng/CheckListID/52
[运行时间：0.033067s] [吞吐率：30.24req/s] [内存消耗：2,438.81kb] [文件加载：56]
[ info ] [ LANG ] /private/var/www/html/thinkphp/lang/zh-cn.php
[ info ] [ ROUTE ] array (
  'type' => 'module',
  'module' => 
  array (
    0 => 'SafetyMng',
    1 => 'CheckTask',
    2 => 'showCheckListMng',
  ),
)
[ info ] [ HEADER ] array (
  'cookie' => 'PHPSESSID=89hojjnqtcdhh26t36sipnfmb7',
  'accept-language' => 'zh-CN,zh;q=0.9,en;q=0.8',
  'accept-encoding' => 'gzip, deflate, br',
  'referer' => 'http://127.0.0.1/SafetyMng/CheckTask/showCheckListMng/CheckListID/52',
  'accept' => 'text/html,application/xhtml+xml,application/xml;q=0.9,image/webp,image/apng,*/*;q=0.8,application/signed-exchange;v=b3',
  'user-agent' => 'Mozilla/5.0 (Macintosh; Intel Mac OS X 10_13_6) AppleWebKit/537.36 (KHTML, like Gecko) Chrome/73.0.3683.86 Safari/537.36',
  'upgrade-insecure-requests' => '1',
  'cache-control' => 'max-age=0',
  'connection' => 'keep-alive',
  'host' => '127.0.0.1',
  'content-type' => '',
  'content-length' => '',
)
[ info ] [ PARAM ] array (
  'CheckListID' => '52',
)
[ info ] [ SESSION ] INIT array (
  'id' => '',
  'var_session_id' => '',
  'prefix' => 'think',
  'type' => '',
  'auto_start' => true,
)
[ info ] [ RUN ] app\safetymng\controller\CheckTask->showCheckListMng[ /private/var/www/html/application/safetymng/controller/CheckTask.php ]
[ info ] [ DB ] INIT mysql
[ info ] [ VIEW ] /private/var/www/html/public/../application/safetymng/view/CheckTask/CheckList.html [ array (
  0 => 'CheckInfoRow',
  1 => 'CheckListID',
  2 => 'CheckList',
) ]
[ info ] [ LOG ] INIT File
[ sql ] [ DB ] CONNECT:[ UseTime:0.000679s ] mysql:host=127.0.0.1;dbname=SafetyMng;charset=utf8
[ sql ] [ SQL ] SHOW COLUMNS FROM `CheckList` [ RunTime:0.000849s ]
[ sql ] [ SQL ] SELECT * FROM `CheckList` WHERE  `id` = 52 [ RunTime:0.000553s ]
[ sql ] [ SQL ] SELECT CheckBaseDB.BaseName,FirstHalfCheckTB.ProfessionName,FirstHalfCheckTB.BusinessName,FirstHalfCheckTB.CheckSubject,FirstHalfCheckTB.CheckSubject,
        FirstHalfCheckTB.Code1,FirstHalfCheckTB.Code2,FirstHalfCheckTB.CheckContent,FirstHalfCheckTB.CheckStandard,
        SecondHalfCheckTB.ComplianceStandard,SecondHalfCheckTB.CheckMethods,SecondHalfCheckTB.BasisName,
        SecondHalfCheckTB.BasisTerm,SecondHalfCheckTB.RelatedCorps,SecondHalfCheckTB.CheckFrequency,CheckListDetail.id as CheckListRowId
        FROM FirstHalfCheckTB JOIN SecondHalfCheckTB JOIN CheckListDetail JOIN CheckBaseDB ON CheckBaseDB.id=FirstHalfCheckTB.BaseDBID AND SecondHalfCheckTB.CheckStandardID = FirstHalfCheckTB.id AND 
              SecondHalfCheckTB.IsValid ='YES' AND FirstHalfCheckTB.IsValid = 'YES' AND CheckListDetail.CheckDBID = FirstHalfCheckTB.BaseDBID 
              AND CheckListDetail.FirstHalfTBID = FirstHalfCheckTB.id AND CheckListDetail.SecondHalfTBID = SecondHalfCheckTB.id WHERE CheckListDetail.CheckListID='52' [ RunTime:0.000713s ]
[ error ] [8]未定义变量: CurPlatform[/private/var/www/html/runtime/temp/e24487b268f717bd138af9e3e339c472.php:179]
[ error ] [8]未定义变量: CurPlatform[/private/var/www/html/runtime/temp/e24487b268f717bd138af9e3e339c472.php:213]
[ error ] [8]未定义变量: Warning[/private/var/www/html/runtime/temp/e24487b268f717bd138af9e3e339c472.php:268]
